{"C:\\Users\\T-naike\\Desktop\\MrTaiwo\\eventmanager\\server\\v1\\test\\center\\create-center.spec.js":{"path":"C:\\Users\\T-naike\\Desktop\\MrTaiwo\\eventmanager\\server\\v1\\test\\center\\create-center.spec.js","statementMap":{"0":{"start":{"line":3,"column":12},"end":{"line":3,"column":27}},"1":{"start":{"line":5,"column":13},"end":{"line":5,"column":42}},"2":{"start":{"line":7,"column":16},"end":{"line":7,"column":36}},"3":{"start":{"line":9,"column":17},"end":{"line":9,"column":50}},"4":{"start":{"line":11,"column":13},"end":{"line":11,"column":38}},"5":{"start":{"line":13,"column":14},"end":{"line":13,"column":44}},"6":{"start":{"line":15,"column":15},"end":{"line":15,"column":36}},"7":{"start":{"line":17,"column":16},"end":{"line":17,"column":48}},"8":{"start":{"line":19,"column":39},"end":{"line":19,"column":93}},"9":{"start":{"line":21,"column":13},"end":{"line":21,"column":34}},"10":{"start":{"line":24,"column":0},"end":{"line":24,"column":39}},"11":{"start":{"line":26,"column":0},"end":{"line":94,"column":3}},"12":{"start":{"line":27,"column":1},"end":{"line":34,"column":4}},"13":{"start":{"line":28,"column":2},"end":{"line":33,"column":5}},"14":{"start":{"line":29,"column":3},"end":{"line":29,"column":35}},"15":{"start":{"line":30,"column":3},"end":{"line":30,"column":26}},"16":{"start":{"line":31,"column":3},"end":{"line":31,"column":69}},"17":{"start":{"line":32,"column":3},"end":{"line":32,"column":10}},"18":{"start":{"line":36,"column":1},"end":{"line":42,"column":4}},"19":{"start":{"line":37,"column":2},"end":{"line":41,"column":5}},"20":{"start":{"line":38,"column":3},"end":{"line":38,"column":35}},"21":{"start":{"line":39,"column":3},"end":{"line":39,"column":86}},"22":{"start":{"line":40,"column":3},"end":{"line":40,"column":10}},"23":{"start":{"line":44,"column":1},"end":{"line":51,"column":4}},"24":{"start":{"line":45,"column":2},"end":{"line":50,"column":5}},"25":{"start":{"line":46,"column":3},"end":{"line":46,"column":35}},"26":{"start":{"line":47,"column":3},"end":{"line":47,"column":63}},"27":{"start":{"line":48,"column":3},"end":{"line":48,"column":75}},"28":{"start":{"line":49,"column":3},"end":{"line":49,"column":10}},"29":{"start":{"line":53,"column":1},"end":{"line":60,"column":4}},"30":{"start":{"line":54,"column":2},"end":{"line":59,"column":5}},"31":{"start":{"line":55,"column":3},"end":{"line":55,"column":35}},"32":{"start":{"line":56,"column":3},"end":{"line":56,"column":63}},"33":{"start":{"line":57,"column":3},"end":{"line":57,"column":79}},"34":{"start":{"line":58,"column":3},"end":{"line":58,"column":10}},"35":{"start":{"line":62,"column":1},"end":{"line":69,"column":4}},"36":{"start":{"line":63,"column":2},"end":{"line":68,"column":5}},"37":{"start":{"line":64,"column":3},"end":{"line":64,"column":35}},"38":{"start":{"line":65,"column":3},"end":{"line":65,"column":63}},"39":{"start":{"line":66,"column":3},"end":{"line":66,"column":79}},"40":{"start":{"line":67,"column":3},"end":{"line":67,"column":10}},"41":{"start":{"line":70,"column":1},"end":{"line":77,"column":4}},"42":{"start":{"line":71,"column":2},"end":{"line":76,"column":5}},"43":{"start":{"line":72,"column":3},"end":{"line":72,"column":35}},"44":{"start":{"line":73,"column":3},"end":{"line":73,"column":63}},"45":{"start":{"line":74,"column":3},"end":{"line":74,"column":79}},"46":{"start":{"line":75,"column":3},"end":{"line":75,"column":10}},"47":{"start":{"line":78,"column":1},"end":{"line":85,"column":4}},"48":{"start":{"line":79,"column":2},"end":{"line":84,"column":5}},"49":{"start":{"line":80,"column":3},"end":{"line":80,"column":35}},"50":{"start":{"line":81,"column":3},"end":{"line":81,"column":63}},"51":{"start":{"line":82,"column":3},"end":{"line":82,"column":77}},"52":{"start":{"line":83,"column":3},"end":{"line":83,"column":10}},"53":{"start":{"line":86,"column":1},"end":{"line":93,"column":4}},"54":{"start":{"line":87,"column":2},"end":{"line":92,"column":5}},"55":{"start":{"line":88,"column":3},"end":{"line":88,"column":35}},"56":{"start":{"line":89,"column":3},"end":{"line":89,"column":63}},"57":{"start":{"line":90,"column":3},"end":{"line":90,"column":77}},"58":{"start":{"line":91,"column":3},"end":{"line":91,"column":10}}},"fnMap":{"0":{"name":"_interopRequireDefault","decl":{"start":{"line":19,"column":9},"end":{"line":19,"column":31}},"loc":{"start":{"line":19,"column":37},"end":{"line":19,"column":95}},"line":19},"1":{"name":"(anonymous_1)","decl":{"start":{"line":26,"column":26},"end":{"line":26,"column":27}},"loc":{"start":{"line":26,"column":38},"end":{"line":94,"column":1}},"line":26},"2":{"name":"(anonymous_2)","decl":{"start":{"line":27,"column":34},"end":{"line":27,"column":35}},"loc":{"start":{"line":27,"column":50},"end":{"line":34,"column":2}},"line":27},"3":{"name":"(anonymous_3)","decl":{"start":{"line":28,"column":99},"end":{"line":28,"column":100}},"loc":{"start":{"line":28,"column":119},"end":{"line":33,"column":3}},"line":28},"4":{"name":"(anonymous_4)","decl":{"start":{"line":36,"column":32},"end":{"line":36,"column":33}},"loc":{"start":{"line":36,"column":48},"end":{"line":42,"column":2}},"line":36},"5":{"name":"(anonymous_5)","decl":{"start":{"line":37,"column":99},"end":{"line":37,"column":100}},"loc":{"start":{"line":37,"column":119},"end":{"line":41,"column":3}},"line":37},"6":{"name":"(anonymous_6)","decl":{"start":{"line":44,"column":26},"end":{"line":44,"column":27}},"loc":{"start":{"line":44,"column":42},"end":{"line":51,"column":2}},"line":44},"7":{"name":"(anonymous_7)","decl":{"start":{"line":45,"column":105},"end":{"line":45,"column":106}},"loc":{"start":{"line":45,"column":125},"end":{"line":50,"column":3}},"line":45},"8":{"name":"(anonymous_8)","decl":{"start":{"line":53,"column":28},"end":{"line":53,"column":29}},"loc":{"start":{"line":53,"column":44},"end":{"line":60,"column":2}},"line":53},"9":{"name":"(anonymous_9)","decl":{"start":{"line":54,"column":98},"end":{"line":54,"column":99}},"loc":{"start":{"line":54,"column":118},"end":{"line":59,"column":3}},"line":54},"10":{"name":"(anonymous_10)","decl":{"start":{"line":62,"column":45},"end":{"line":62,"column":46}},"loc":{"start":{"line":62,"column":61},"end":{"line":69,"column":2}},"line":62},"11":{"name":"(anonymous_11)","decl":{"start":{"line":63,"column":100},"end":{"line":63,"column":101}},"loc":{"start":{"line":63,"column":120},"end":{"line":68,"column":3}},"line":63},"12":{"name":"(anonymous_12)","decl":{"start":{"line":70,"column":48},"end":{"line":70,"column":49}},"loc":{"start":{"line":70,"column":64},"end":{"line":77,"column":2}},"line":70},"13":{"name":"(anonymous_13)","decl":{"start":{"line":71,"column":103},"end":{"line":71,"column":104}},"loc":{"start":{"line":71,"column":123},"end":{"line":76,"column":3}},"line":71},"14":{"name":"(anonymous_14)","decl":{"start":{"line":78,"column":26},"end":{"line":78,"column":27}},"loc":{"start":{"line":78,"column":42},"end":{"line":85,"column":2}},"line":78},"15":{"name":"(anonymous_15)","decl":{"start":{"line":79,"column":96},"end":{"line":79,"column":97}},"loc":{"start":{"line":79,"column":116},"end":{"line":84,"column":3}},"line":79},"16":{"name":"(anonymous_16)","decl":{"start":{"line":86,"column":46},"end":{"line":86,"column":47}},"loc":{"start":{"line":86,"column":62},"end":{"line":93,"column":2}},"line":86},"17":{"name":"(anonymous_17)","decl":{"start":{"line":87,"column":101},"end":{"line":87,"column":102}},"loc":{"start":{"line":87,"column":121},"end":{"line":92,"column":3}},"line":87}},"branchMap":{"0":{"loc":{"start":{"line":19,"column":46},"end":{"line":19,"column":92}},"type":"cond-expr","locations":[{"start":{"line":19,"column":70},"end":{"line":19,"column":73}},{"start":{"line":19,"column":76},"end":{"line":19,"column":92}}],"line":19},"1":{"loc":{"start":{"line":19,"column":46},"end":{"line":19,"column":67}},"type":"binary-expr","locations":[{"start":{"line":19,"column":46},"end":{"line":19,"column":49}},{"start":{"line":19,"column":53},"end":{"line":19,"column":67}}],"line":19}},"s":{"0":1,"1":1,"2":1,"3":1,"4":1,"5":1,"6":1,"7":1,"8":4,"9":1,"10":1,"11":1,"12":1,"13":1,"14":1,"15":1,"16":1,"17":1,"18":1,"19":1,"20":1,"21":1,"22":1,"23":1,"24":1,"25":1,"26":1,"27":1,"28":1,"29":1,"30":1,"31":1,"32":1,"33":1,"34":1,"35":1,"36":1,"37":1,"38":1,"39":1,"40":1,"41":1,"42":1,"43":1,"44":1,"45":1,"46":1,"47":1,"48":1,"49":1,"50":1,"51":1,"52":1,"53":1,"54":1,"55":1,"56":1,"57":1,"58":1},"f":{"0":4,"1":1,"2":1,"3":1,"4":1,"5":1,"6":1,"7":1,"8":1,"9":1,"10":1,"11":1,"12":1,"13":1,"14":1,"15":1,"16":1,"17":1},"b":{"0":[0,4],"1":[4,4]},"_coverageSchema":"332fd63041d2c1bcb487cc26dd0d5f7d97098a6c","hash":"b6cd4f93a5a0f65a7b4fe0f1440abb32802c71d2","contentHash":"7e0c2189348124caf1eb24c9dc99c17c_11.3.0"},"C:\\Users\\T-naike\\Desktop\\MrTaiwo\\eventmanager\\server\\index.js":{"path":"C:\\Users\\T-naike\\Desktop\\MrTaiwo\\eventmanager\\server\\index.js","statementMap":{"0":{"start":{"line":3,"column":15},"end":{"line":3,"column":33}},"1":{"start":{"line":5,"column":16},"end":{"line":5,"column":48}},"2":{"start":{"line":7,"column":18},"end":{"line":7,"column":40}},"3":{"start":{"line":9,"column":19},"end":{"line":9,"column":54}},"4":{"start":{"line":11,"column":11},"end":{"line":11,"column":38}},"5":{"start":{"line":13,"column":12},"end":{"line":13,"column":40}},"6":{"start":{"line":15,"column":12},"end":{"line":15,"column":39}},"7":{"start":{"line":17,"column":12},"end":{"line":17,"column":41}},"8":{"start":{"line":19,"column":39},"end":{"line":19,"column":93}},"9":{"start":{"line":21,"column":10},"end":{"line":21,"column":34}},"10":{"start":{"line":22,"column":0},"end":{"line":22,"column":37}},"11":{"start":{"line":23,"column":0},"end":{"line":23,"column":62}},"12":{"start":{"line":25,"column":0},"end":{"line":25,"column":30}},"13":{"start":{"line":26,"column":0},"end":{"line":26,"column":30}},"14":{"start":{"line":28,"column":0},"end":{"line":28,"column":28}},"15":{"start":{"line":30,"column":0},"end":{"line":32,"column":3}},"16":{"start":{"line":31,"column":2},"end":{"line":31,"column":35}},"17":{"start":{"line":34,"column":0},"end":{"line":34,"column":21}}},"fnMap":{"0":{"name":"_interopRequireDefault","decl":{"start":{"line":19,"column":9},"end":{"line":19,"column":31}},"loc":{"start":{"line":19,"column":37},"end":{"line":19,"column":95}},"line":19},"1":{"name":"(anonymous_1)","decl":{"start":{"line":30,"column":17},"end":{"line":30,"column":18}},"loc":{"start":{"line":30,"column":29},"end":{"line":32,"column":1}},"line":30}},"branchMap":{"0":{"loc":{"start":{"line":19,"column":46},"end":{"line":19,"column":92}},"type":"cond-expr","locations":[{"start":{"line":19,"column":70},"end":{"line":19,"column":73}},{"start":{"line":19,"column":76},"end":{"line":19,"column":92}}],"line":19},"1":{"loc":{"start":{"line":19,"column":46},"end":{"line":19,"column":67}},"type":"binary-expr","locations":[{"start":{"line":19,"column":46},"end":{"line":19,"column":49}},{"start":{"line":19,"column":53},"end":{"line":19,"column":67}}],"line":19}},"s":{"0":1,"1":1,"2":1,"3":1,"4":1,"5":1,"6":1,"7":1,"8":4,"9":1,"10":1,"11":1,"12":1,"13":1,"14":1,"15":1,"16":1,"17":1},"f":{"0":4,"1":1},"b":{"0":[0,4],"1":[4,4]},"_coverageSchema":"332fd63041d2c1bcb487cc26dd0d5f7d97098a6c","hash":"048cc6772ee83110b6b7c4cf9f5cbcc9872e7bc8","contentHash":"9f145e2252b2e3ab6b678b0ed05d4d00_11.3.0"},"C:\\Users\\T-naike\\Desktop\\MrTaiwo\\eventmanager\\server\\v1\\routes\\api1.js":{"path":"C:\\Users\\T-naike\\Desktop\\MrTaiwo\\eventmanager\\server\\v1\\routes\\api1.js","statementMap":{"0":{"start":{"line":3,"column":15},"end":{"line":3,"column":33}},"1":{"start":{"line":5,"column":16},"end":{"line":5,"column":48}},"2":{"start":{"line":7,"column":13},"end":{"line":7,"column":31}},"3":{"start":{"line":9,"column":14},"end":{"line":9,"column":44}},"4":{"start":{"line":11,"column":13},"end":{"line":11,"column":31}},"5":{"start":{"line":13,"column":14},"end":{"line":13,"column":44}},"6":{"start":{"line":15,"column":39},"end":{"line":15,"column":93}},"7":{"start":{"line":17,"column":10},"end":{"line":17,"column":36}},"8":{"start":{"line":18,"column":0},"end":{"line":18,"column":26}},"9":{"start":{"line":19,"column":0},"end":{"line":19,"column":26}},"10":{"start":{"line":20,"column":0},"end":{"line":20,"column":21}}},"fnMap":{"0":{"name":"_interopRequireDefault","decl":{"start":{"line":15,"column":9},"end":{"line":15,"column":31}},"loc":{"start":{"line":15,"column":37},"end":{"line":15,"column":95}},"line":15}},"branchMap":{"0":{"loc":{"start":{"line":15,"column":46},"end":{"line":15,"column":92}},"type":"cond-expr","locations":[{"start":{"line":15,"column":70},"end":{"line":15,"column":73}},{"start":{"line":15,"column":76},"end":{"line":15,"column":92}}],"line":15},"1":{"loc":{"start":{"line":15,"column":46},"end":{"line":15,"column":67}},"type":"binary-expr","locations":[{"start":{"line":15,"column":46},"end":{"line":15,"column":49}},{"start":{"line":15,"column":53},"end":{"line":15,"column":67}}],"line":15}},"s":{"0":1,"1":1,"2":1,"3":1,"4":1,"5":1,"6":3,"7":1,"8":1,"9":1,"10":1},"f":{"0":3},"b":{"0":[0,3],"1":[3,3]},"_coverageSchema":"332fd63041d2c1bcb487cc26dd0d5f7d97098a6c","hash":"b5a99c4aa8bf334b86e0a7de74381fe530e72350","contentHash":"79f032d050a16c2adf9167405126d9c8_11.3.0"},"C:\\Users\\T-naike\\Desktop\\MrTaiwo\\eventmanager\\server\\v1\\routes\\admin.js":{"path":"C:\\Users\\T-naike\\Desktop\\MrTaiwo\\eventmanager\\server\\v1\\routes\\admin.js","statementMap":{"0":{"start":{"line":3,"column":19},"end":{"line":3,"column":44}},"1":{"start":{"line":5,"column":0},"end":{"line":10,"column":2}},"2":{"start":{"line":6,"column":2},"end":{"line":6,"column":56}},"3":{"start":{"line":7,"column":2},"end":{"line":7,"column":50}},"4":{"start":{"line":8,"column":2},"end":{"line":8,"column":53}},"5":{"start":{"line":9,"column":2},"end":{"line":9,"column":57}}},"fnMap":{"0":{"name":"(anonymous_0)","decl":{"start":{"line":5,"column":17},"end":{"line":5,"column":18}},"loc":{"start":{"line":5,"column":32},"end":{"line":10,"column":1}},"line":5}},"branchMap":{},"s":{"0":1,"1":1,"2":1,"3":1,"4":1,"5":1},"f":{"0":1},"b":{},"_coverageSchema":"332fd63041d2c1bcb487cc26dd0d5f7d97098a6c","hash":"067698d0e2cd133b516411ec1ff09ddd7f561903","contentHash":"b27efd0e0891c9bb0ce043d6a0992885_11.3.0"},"C:\\Users\\T-naike\\Desktop\\MrTaiwo\\eventmanager\\server\\v1\\controllers\\index.js":{"path":"C:\\Users\\T-naike\\Desktop\\MrTaiwo\\eventmanager\\server\\v1\\controllers\\index.js","statementMap":{"0":{"start":{"line":3,"column":13},"end":{"line":3,"column":31}},"1":{"start":{"line":5,"column":14},"end":{"line":5,"column":44}},"2":{"start":{"line":7,"column":13},"end":{"line":7,"column":31}},"3":{"start":{"line":9,"column":14},"end":{"line":9,"column":44}},"4":{"start":{"line":11,"column":39},"end":{"line":11,"column":93}},"5":{"start":{"line":13,"column":0},"end":{"line":16,"column":2}}},"fnMap":{"0":{"name":"_interopRequireDefault","decl":{"start":{"line":11,"column":9},"end":{"line":11,"column":31}},"loc":{"start":{"line":11,"column":37},"end":{"line":11,"column":95}},"line":11}},"branchMap":{"0":{"loc":{"start":{"line":11,"column":46},"end":{"line":11,"column":92}},"type":"cond-expr","locations":[{"start":{"line":11,"column":70},"end":{"line":11,"column":73}},{"start":{"line":11,"column":76},"end":{"line":11,"column":92}}],"line":11},"1":{"loc":{"start":{"line":11,"column":46},"end":{"line":11,"column":67}},"type":"binary-expr","locations":[{"start":{"line":11,"column":46},"end":{"line":11,"column":49}},{"start":{"line":11,"column":53},"end":{"line":11,"column":67}}],"line":11}},"s":{"0":1,"1":1,"2":1,"3":1,"4":2,"5":1},"f":{"0":2},"b":{"0":[0,2],"1":[2,2]},"_coverageSchema":"332fd63041d2c1bcb487cc26dd0d5f7d97098a6c","hash":"18e6eb172c6ddf766af566f1c81c2a3aedea4605","contentHash":"f90eb86931e13a152162818e33c65dd2_11.3.0"},"C:\\Users\\T-naike\\Desktop\\MrTaiwo\\eventmanager\\server\\v1\\controllers\\admin.js":{"path":"C:\\Users\\T-naike\\Desktop\\MrTaiwo\\eventmanager\\server\\v1\\controllers\\admin.js","statementMap":{"0":{"start":{"line":3,"column":10},"end":{"line":3,"column":31}},"1":{"start":{"line":5,"column":11},"end":{"line":5,"column":38}},"2":{"start":{"line":7,"column":14},"end":{"line":7,"column":42}},"3":{"start":{"line":9,"column":15},"end":{"line":9,"column":46}},"4":{"start":{"line":11,"column":39},"end":{"line":11,"column":93}},"5":{"start":{"line":13,"column":0},"end":{"line":52,"column":2}},"6":{"start":{"line":15,"column":17},"end":{"line":15,"column":47}},"7":{"start":{"line":16,"column":18},"end":{"line":16,"column":38}},"8":{"start":{"line":17,"column":23},"end":{"line":17,"column":48}},"9":{"start":{"line":18,"column":4},"end":{"line":18,"column":31}},"10":{"start":{"line":20,"column":4},"end":{"line":20,"column":22}},"11":{"start":{"line":21,"column":4},"end":{"line":23,"column":5}},"12":{"start":{"line":22,"column":6},"end":{"line":22,"column":80}},"13":{"start":{"line":24,"column":4},"end":{"line":24,"column":44}},"14":{"start":{"line":25,"column":4},"end":{"line":25,"column":35}},"15":{"start":{"line":26,"column":4},"end":{"line":26,"column":77}},"16":{"start":{"line":29,"column":4},"end":{"line":29,"column":54}},"17":{"start":{"line":32,"column":4},"end":{"line":32,"column":68}},"18":{"start":{"line":35,"column":13},"end":{"line":35,"column":26}},"19":{"start":{"line":36,"column":18},"end":{"line":36,"column":38}},"20":{"start":{"line":38,"column":4},"end":{"line":40,"column":5}},"21":{"start":{"line":39,"column":6},"end":{"line":39,"column":78}},"22":{"start":{"line":41,"column":17},"end":{"line":41,"column":50}},"23":{"start":{"line":42,"column":4},"end":{"line":42,"column":26}},"24":{"start":{"line":43,"column":4},"end":{"line":43,"column":21}},"25":{"start":{"line":45,"column":4},"end":{"line":45,"column":22}},"26":{"start":{"line":46,"column":4},"end":{"line":48,"column":5}},"27":{"start":{"line":47,"column":6},"end":{"line":47,"column":80}},"28":{"start":{"line":49,"column":4},"end":{"line":49,"column":34}},"29":{"start":{"line":50,"column":4},"end":{"line":50,"column":75}}},"fnMap":{"0":{"name":"_interopRequireDefault","decl":{"start":{"line":11,"column":9},"end":{"line":11,"column":31}},"loc":{"start":{"line":11,"column":37},"end":{"line":11,"column":95}},"line":11},"1":{"name":"createCenter","decl":{"start":{"line":14,"column":25},"end":{"line":14,"column":37}},"loc":{"start":{"line":14,"column":48},"end":{"line":27,"column":3}},"line":14},"2":{"name":"centers","decl":{"start":{"line":28,"column":20},"end":{"line":28,"column":27}},"loc":{"start":{"line":28,"column":38},"end":{"line":30,"column":3}},"line":28},"3":{"name":"center","decl":{"start":{"line":31,"column":19},"end":{"line":31,"column":25}},"loc":{"start":{"line":31,"column":36},"end":{"line":33,"column":3}},"line":31},"4":{"name":"editCenter","decl":{"start":{"line":34,"column":23},"end":{"line":34,"column":33}},"loc":{"start":{"line":34,"column":44},"end":{"line":51,"column":3}},"line":34}},"branchMap":{"0":{"loc":{"start":{"line":11,"column":46},"end":{"line":11,"column":92}},"type":"cond-expr","locations":[{"start":{"line":11,"column":70},"end":{"line":11,"column":73}},{"start":{"line":11,"column":76},"end":{"line":11,"column":92}}],"line":11},"1":{"loc":{"start":{"line":11,"column":46},"end":{"line":11,"column":67}},"type":"binary-expr","locations":[{"start":{"line":11,"column":46},"end":{"line":11,"column":49}},{"start":{"line":11,"column":53},"end":{"line":11,"column":67}}],"line":11},"2":{"loc":{"start":{"line":21,"column":4},"end":{"line":23,"column":5}},"type":"if","locations":[{"start":{"line":21,"column":4},"end":{"line":23,"column":5}},{"start":{"line":21,"column":4},"end":{"line":23,"column":5}}],"line":21},"3":{"loc":{"start":{"line":32,"column":25},"end":{"line":32,"column":66}},"type":"binary-expr","locations":[{"start":{"line":32,"column":25},"end":{"line":32,"column":60}},{"start":{"line":32,"column":64},"end":{"line":32,"column":66}}],"line":32},"4":{"loc":{"start":{"line":38,"column":4},"end":{"line":40,"column":5}},"type":"if","locations":[{"start":{"line":38,"column":4},"end":{"line":40,"column":5}},{"start":{"line":38,"column":4},"end":{"line":40,"column":5}}],"line":38},"5":{"loc":{"start":{"line":46,"column":4},"end":{"line":48,"column":5}},"type":"if","locations":[{"start":{"line":46,"column":4},"end":{"line":48,"column":5}},{"start":{"line":46,"column":4},"end":{"line":48,"column":5}}],"line":46}},"s":{"0":1,"1":1,"2":1,"3":1,"4":2,"5":1,"6":8,"7":8,"8":8,"9":8,"10":8,"11":8,"12":6,"13":2,"14":2,"15":2,"16":2,"17":3,"18":9,"19":9,"20":9,"21":1,"22":8,"23":8,"24":8,"25":8,"26":8,"27":6,"28":2,"29":2},"f":{"0":2,"1":8,"2":2,"3":3,"4":9},"b":{"0":[1,1],"1":[2,2],"2":[6,2],"3":[3,1],"4":[1,8],"5":[6,2]},"_coverageSchema":"332fd63041d2c1bcb487cc26dd0d5f7d97098a6c","hash":"29765ffe40378d1899496b861a2d09044dea848f","contentHash":"5e1b42ab44f09e7ad0119898d3b74f8a_11.3.0"},"C:\\Users\\T-naike\\Desktop\\MrTaiwo\\eventmanager\\server\\v1\\controllers\\_support\\center.js":{"path":"C:\\Users\\T-naike\\Desktop\\MrTaiwo\\eventmanager\\server\\v1\\controllers\\_support\\center.js","statementMap":{"0":{"start":{"line":3,"column":0},"end":{"line":5,"column":3}},"1":{"start":{"line":6,"column":0},"end":{"line":6,"column":28}},"2":{"start":{"line":8,"column":19},"end":{"line":8,"column":563}},"3":{"start":{"line":8,"column":76},"end":{"line":8,"column":347}},"4":{"start":{"line":8,"column":134},"end":{"line":8,"column":142}},"5":{"start":{"line":8,"column":144},"end":{"line":8,"column":199}},"6":{"start":{"line":8,"column":200},"end":{"line":8,"column":231}},"7":{"start":{"line":8,"column":232},"end":{"line":8,"column":286}},"8":{"start":{"line":8,"column":259},"end":{"line":8,"column":286}},"9":{"start":{"line":8,"column":287},"end":{"line":8,"column":345}},"10":{"start":{"line":8,"column":350},"end":{"line":8,"column":559}},"11":{"start":{"line":8,"column":407},"end":{"line":8,"column":475}},"12":{"start":{"line":8,"column":423},"end":{"line":8,"column":475}},"13":{"start":{"line":8,"column":476},"end":{"line":8,"column":536}},"14":{"start":{"line":8,"column":493},"end":{"line":8,"column":536}},"15":{"start":{"line":8,"column":537},"end":{"line":8,"column":556}},"16":{"start":{"line":10,"column":17},"end":{"line":10,"column":37}},"17":{"start":{"line":12,"column":18},"end":{"line":12,"column":52}},"18":{"start":{"line":14,"column":39},"end":{"line":14,"column":93}},"19":{"start":{"line":16,"column":50},"end":{"line":16,"column":151}},"20":{"start":{"line":16,"column":92},"end":{"line":16,"column":149}},"21":{"start":{"line":18,"column":13},"end":{"line":95,"column":3}},"22":{"start":{"line":20,"column":4},"end":{"line":20,"column":34}},"23":{"start":{"line":22,"column":4},"end":{"line":22,"column":23}},"24":{"start":{"line":23,"column":4},"end":{"line":23,"column":28}},"25":{"start":{"line":24,"column":4},"end":{"line":24,"column":22}},"26":{"start":{"line":27,"column":2},"end":{"line":92,"column":6}},"27":{"start":{"line":30,"column":6},"end":{"line":30,"column":36}},"28":{"start":{"line":31,"column":6},"end":{"line":31,"column":45}},"29":{"start":{"line":32,"column":6},"end":{"line":32,"column":44}},"30":{"start":{"line":33,"column":6},"end":{"line":33,"column":42}},"31":{"start":{"line":34,"column":6},"end":{"line":34,"column":36}},"32":{"start":{"line":35,"column":6},"end":{"line":35,"column":38}},"33":{"start":{"line":36,"column":6},"end":{"line":36,"column":48}},"34":{"start":{"line":37,"column":6},"end":{"line":37,"column":40}},"35":{"start":{"line":38,"column":6},"end":{"line":38,"column":42}},"36":{"start":{"line":39,"column":6},"end":{"line":39,"column":21}},"37":{"start":{"line":44,"column":6},"end":{"line":44,"column":19}},"38":{"start":{"line":49,"column":6},"end":{"line":52,"column":7}},"39":{"start":{"line":50,"column":8},"end":{"line":50,"column":66}},"40":{"start":{"line":51,"column":8},"end":{"line":51,"column":26}},"41":{"start":{"line":53,"column":6},"end":{"line":56,"column":7}},"42":{"start":{"line":54,"column":8},"end":{"line":54,"column":95}},"43":{"start":{"line":55,"column":8},"end":{"line":55,"column":26}},"44":{"start":{"line":57,"column":6},"end":{"line":60,"column":7}},"45":{"start":{"line":58,"column":8},"end":{"line":58,"column":68}},"46":{"start":{"line":59,"column":8},"end":{"line":59,"column":26}},"47":{"start":{"line":61,"column":6},"end":{"line":64,"column":7}},"48":{"start":{"line":62,"column":8},"end":{"line":62,"column":68}},"49":{"start":{"line":63,"column":8},"end":{"line":63,"column":26}},"50":{"start":{"line":69,"column":6},"end":{"line":69,"column":25}},"51":{"start":{"line":74,"column":6},"end":{"line":74,"column":33}},"52":{"start":{"line":74,"column":23},"end":{"line":74,"column":33}},"53":{"start":{"line":75,"column":6},"end":{"line":75,"column":32}},"54":{"start":{"line":80,"column":6},"end":{"line":90,"column":8}},"55":{"start":{"line":94,"column":2},"end":{"line":94,"column":16}},"56":{"start":{"line":97,"column":0},"end":{"line":97,"column":25}}},"fnMap":{"0":{"name":"(anonymous_0)","decl":{"start":{"line":8,"column":19},"end":{"line":8,"column":20}},"loc":{"start":{"line":8,"column":31},"end":{"line":8,"column":561}},"line":8},"1":{"name":"defineProperties","decl":{"start":{"line":8,"column":42},"end":{"line":8,"column":58}},"loc":{"start":{"line":8,"column":74},"end":{"line":8,"column":349}},"line":8},"2":{"name":"(anonymous_2)","decl":{"start":{"line":8,"column":357},"end":{"line":8,"column":358}},"loc":{"start":{"line":8,"column":405},"end":{"line":8,"column":558}},"line":8},"3":{"name":"_interopRequireDefault","decl":{"start":{"line":14,"column":9},"end":{"line":14,"column":31}},"loc":{"start":{"line":14,"column":37},"end":{"line":14,"column":95}},"line":14},"4":{"name":"_classCallCheck","decl":{"start":{"line":16,"column":9},"end":{"line":16,"column":24}},"loc":{"start":{"line":16,"column":48},"end":{"line":16,"column":153}},"line":16},"5":{"name":"(anonymous_5)","decl":{"start":{"line":18,"column":13},"end":{"line":18,"column":14}},"loc":{"start":{"line":18,"column":25},"end":{"line":95,"column":1}},"line":18},"6":{"name":"Center","decl":{"start":{"line":19,"column":11},"end":{"line":19,"column":17}},"loc":{"start":{"line":19,"column":26},"end":{"line":25,"column":3}},"line":19},"7":{"name":"load","decl":{"start":{"line":29,"column":20},"end":{"line":29,"column":24}},"loc":{"start":{"line":29,"column":33},"end":{"line":40,"column":5}},"line":29},"8":{"name":"setId","decl":{"start":{"line":43,"column":20},"end":{"line":43,"column":25}},"loc":{"start":{"line":43,"column":30},"end":{"line":45,"column":5}},"line":43},"9":{"name":"validate","decl":{"start":{"line":48,"column":20},"end":{"line":48,"column":28}},"loc":{"start":{"line":48,"column":31},"end":{"line":65,"column":5}},"line":48},"10":{"name":"safe","decl":{"start":{"line":68,"column":20},"end":{"line":68,"column":24}},"loc":{"start":{"line":68,"column":27},"end":{"line":70,"column":5}},"line":68},"11":{"name":"getErrors","decl":{"start":{"line":73,"column":20},"end":{"line":73,"column":29}},"loc":{"start":{"line":73,"column":32},"end":{"line":76,"column":5}},"line":73},"12":{"name":"toJSON","decl":{"start":{"line":79,"column":20},"end":{"line":79,"column":26}},"loc":{"start":{"line":79,"column":29},"end":{"line":91,"column":5}},"line":79}},"branchMap":{"0":{"loc":{"start":{"line":8,"column":168},"end":{"line":8,"column":198}},"type":"binary-expr","locations":[{"start":{"line":8,"column":168},"end":{"line":8,"column":189}},{"start":{"line":8,"column":193},"end":{"line":8,"column":198}}],"line":8},"1":{"loc":{"start":{"line":8,"column":232},"end":{"line":8,"column":286}},"type":"if","locations":[{"start":{"line":8,"column":232},"end":{"line":8,"column":286}},{"start":{"line":8,"column":232},"end":{"line":8,"column":286}}],"line":8},"2":{"loc":{"start":{"line":8,"column":407},"end":{"line":8,"column":475}},"type":"if","locations":[{"start":{"line":8,"column":407},"end":{"line":8,"column":475}},{"start":{"line":8,"column":407},"end":{"line":8,"column":475}}],"line":8},"3":{"loc":{"start":{"line":8,"column":476},"end":{"line":8,"column":536}},"type":"if","locations":[{"start":{"line":8,"column":476},"end":{"line":8,"column":536}},{"start":{"line":8,"column":476},"end":{"line":8,"column":536}}],"line":8},"4":{"loc":{"start":{"line":14,"column":46},"end":{"line":14,"column":92}},"type":"cond-expr","locations":[{"start":{"line":14,"column":70},"end":{"line":14,"column":73}},{"start":{"line":14,"column":76},"end":{"line":14,"column":92}}],"line":14},"5":{"loc":{"start":{"line":14,"column":46},"end":{"line":14,"column":67}},"type":"binary-expr","locations":[{"start":{"line":14,"column":46},"end":{"line":14,"column":49}},{"start":{"line":14,"column":53},"end":{"line":14,"column":67}}],"line":14},"6":{"loc":{"start":{"line":16,"column":50},"end":{"line":16,"column":151}},"type":"if","locations":[{"start":{"line":16,"column":50},"end":{"line":16,"column":151}},{"start":{"line":16,"column":50},"end":{"line":16,"column":151}}],"line":16},"7":{"loc":{"start":{"line":30,"column":18},"end":{"line":30,"column":35}},"type":"binary-expr","locations":[{"start":{"line":30,"column":18},"end":{"line":30,"column":29}},{"start":{"line":30,"column":33},"end":{"line":30,"column":35}}],"line":30},"8":{"loc":{"start":{"line":31,"column":22},"end":{"line":31,"column":44}},"type":"binary-expr","locations":[{"start":{"line":31,"column":22},"end":{"line":31,"column":37}},{"start":{"line":31,"column":41},"end":{"line":31,"column":44}}],"line":31},"9":{"loc":{"start":{"line":32,"column":22},"end":{"line":32,"column":43}},"type":"binary-expr","locations":[{"start":{"line":32,"column":22},"end":{"line":32,"column":37}},{"start":{"line":32,"column":41},"end":{"line":32,"column":43}}],"line":32},"10":{"loc":{"start":{"line":33,"column":21},"end":{"line":33,"column":41}},"type":"binary-expr","locations":[{"start":{"line":33,"column":21},"end":{"line":33,"column":35}},{"start":{"line":33,"column":39},"end":{"line":33,"column":41}}],"line":33},"11":{"loc":{"start":{"line":34,"column":18},"end":{"line":34,"column":35}},"type":"binary-expr","locations":[{"start":{"line":34,"column":18},"end":{"line":34,"column":29}},{"start":{"line":34,"column":33},"end":{"line":34,"column":35}}],"line":34},"12":{"loc":{"start":{"line":35,"column":19},"end":{"line":35,"column":37}},"type":"binary-expr","locations":[{"start":{"line":35,"column":19},"end":{"line":35,"column":31}},{"start":{"line":35,"column":35},"end":{"line":35,"column":37}}],"line":35},"13":{"loc":{"start":{"line":36,"column":24},"end":{"line":36,"column":47}},"type":"binary-expr","locations":[{"start":{"line":36,"column":24},"end":{"line":36,"column":41}},{"start":{"line":36,"column":45},"end":{"line":36,"column":47}}],"line":36},"14":{"loc":{"start":{"line":37,"column":20},"end":{"line":37,"column":39}},"type":"binary-expr","locations":[{"start":{"line":37,"column":20},"end":{"line":37,"column":33}},{"start":{"line":37,"column":37},"end":{"line":37,"column":39}}],"line":37},"15":{"loc":{"start":{"line":38,"column":21},"end":{"line":38,"column":41}},"type":"binary-expr","locations":[{"start":{"line":38,"column":21},"end":{"line":38,"column":35}},{"start":{"line":38,"column":39},"end":{"line":38,"column":41}}],"line":38},"16":{"loc":{"start":{"line":49,"column":6},"end":{"line":52,"column":7}},"type":"if","locations":[{"start":{"line":49,"column":6},"end":{"line":52,"column":7}},{"start":{"line":49,"column":6},"end":{"line":52,"column":7}}],"line":49},"17":{"loc":{"start":{"line":49,"column":38},"end":{"line":49,"column":69}},"type":"cond-expr","locations":[{"start":{"line":49,"column":50},"end":{"line":49,"column":64}},{"start":{"line":49,"column":67},"end":{"line":49,"column":69}}],"line":49},"18":{"loc":{"start":{"line":53,"column":6},"end":{"line":56,"column":7}},"type":"if","locations":[{"start":{"line":53,"column":6},"end":{"line":56,"column":7}},{"start":{"line":53,"column":6},"end":{"line":56,"column":7}}],"line":53},"19":{"loc":{"start":{"line":53,"column":10},"end":{"line":53,"column":108}},"type":"binary-expr","locations":[{"start":{"line":53,"column":10},"end":{"line":53,"column":77}},{"start":{"line":53,"column":81},"end":{"line":53,"column":108}}],"line":53},"20":{"loc":{"start":{"line":53,"column":37},"end":{"line":53,"column":76}},"type":"cond-expr","locations":[{"start":{"line":53,"column":53},"end":{"line":53,"column":71}},{"start":{"line":53,"column":74},"end":{"line":53,"column":76}}],"line":53},"21":{"loc":{"start":{"line":57,"column":6},"end":{"line":60,"column":7}},"type":"if","locations":[{"start":{"line":57,"column":6},"end":{"line":60,"column":7}},{"start":{"line":57,"column":6},"end":{"line":60,"column":7}}],"line":57},"22":{"loc":{"start":{"line":61,"column":6},"end":{"line":64,"column":7}},"type":"if","locations":[{"start":{"line":61,"column":6},"end":{"line":64,"column":7}},{"start":{"line":61,"column":6},"end":{"line":64,"column":7}}],"line":61},"23":{"loc":{"start":{"line":61,"column":37},"end":{"line":61,"column":72}},"type":"cond-expr","locations":[{"start":{"line":61,"column":51},"end":{"line":61,"column":67}},{"start":{"line":61,"column":70},"end":{"line":61,"column":72}}],"line":61},"24":{"loc":{"start":{"line":74,"column":6},"end":{"line":74,"column":33}},"type":"if","locations":[{"start":{"line":74,"column":6},"end":{"line":74,"column":33}},{"start":{"line":74,"column":6},"end":{"line":74,"column":33}}],"line":74}},"s":{"0":1,"1":1,"2":1,"3":1,"4":6,"5":6,"6":6,"7":6,"8":6,"9":6,"10":1,"11":1,"12":1,"13":1,"14":0,"15":1,"16":1,"17":1,"18":1,"19":16,"20":0,"21":1,"22":16,"23":16,"24":16,"25":16,"26":1,"27":24,"28":24,"29":24,"30":24,"31":24,"32":24,"33":24,"34":24,"35":24,"36":24,"37":16,"38":16,"39":8,"40":8,"41":16,"42":6,"43":6,"44":16,"45":0,"46":0,"47":16,"48":4,"49":4,"50":16,"51":12,"52":0,"53":12,"54":8,"55":1,"56":1},"f":{"0":1,"1":1,"2":1,"3":1,"4":16,"5":1,"6":16,"7":24,"8":16,"9":16,"10":16,"11":12,"12":8},"b":{"0":[6,6],"1":[6,0],"2":[1,0],"3":[0,1],"4":[0,1],"5":[1,1],"6":[0,16],"7":[24,8],"8":[24,2],"9":[24,24],"10":[24,0],"11":[24,0],"12":[24,0],"13":[24,0],"14":[24,2],"15":[24,0],"16":[8,8],"17":[8,8],"18":[6,10],"19":[16,14],"20":[16,0],"21":[0,16],"22":[4,12],"23":[14,2],"24":[0,12]},"_coverageSchema":"332fd63041d2c1bcb487cc26dd0d5f7d97098a6c","hash":"c7f76f6f1351a08bd46c47fd09e1d13b2b55853a","contentHash":"db7780848b7a2c51197bc15599ac66f1_11.3.0"},"C:\\Users\\T-naike\\Desktop\\MrTaiwo\\eventmanager\\server\\v1\\controllers\\event.js":{"path":"C:\\Users\\T-naike\\Desktop\\MrTaiwo\\eventmanager\\server\\v1\\controllers\\event.js","statementMap":{"0":{"start":{"line":3,"column":10},"end":{"line":3,"column":31}},"1":{"start":{"line":5,"column":11},"end":{"line":5,"column":38}},"2":{"start":{"line":7,"column":13},"end":{"line":7,"column":40}},"3":{"start":{"line":9,"column":14},"end":{"line":9,"column":44}},"4":{"start":{"line":11,"column":39},"end":{"line":11,"column":93}},"5":{"start":{"line":13,"column":0},"end":{"line":80,"column":2}},"6":{"start":{"line":15,"column":16},"end":{"line":15,"column":45}},"7":{"start":{"line":16,"column":17},"end":{"line":16,"column":36}},"8":{"start":{"line":17,"column":22},"end":{"line":17,"column":46}},"9":{"start":{"line":18,"column":4},"end":{"line":18,"column":29}},"10":{"start":{"line":20,"column":4},"end":{"line":20,"column":21}},"11":{"start":{"line":21,"column":4},"end":{"line":23,"column":5}},"12":{"start":{"line":22,"column":6},"end":{"line":22,"column":79}},"13":{"start":{"line":24,"column":4},"end":{"line":24,"column":25}},"14":{"start":{"line":25,"column":4},"end":{"line":25,"column":41}},"15":{"start":{"line":26,"column":4},"end":{"line":26,"column":34}},"16":{"start":{"line":27,"column":4},"end":{"line":27,"column":50}},"17":{"start":{"line":30,"column":13},"end":{"line":30,"column":26}},"18":{"start":{"line":31,"column":17},"end":{"line":31,"column":36}},"19":{"start":{"line":33,"column":4},"end":{"line":35,"column":5}},"20":{"start":{"line":34,"column":6},"end":{"line":34,"column":77}},"21":{"start":{"line":36,"column":16},"end":{"line":36,"column":26}},"22":{"start":{"line":37,"column":17},"end":{"line":37,"column":51}},"23":{"start":{"line":41,"column":16},"end":{"line":43,"column":6}},"24":{"start":{"line":42,"column":6},"end":{"line":42,"column":21}},"25":{"start":{"line":44,"column":4},"end":{"line":44,"column":35}},"26":{"start":{"line":45,"column":4},"end":{"line":45,"column":22}},"27":{"start":{"line":47,"column":4},"end":{"line":47,"column":39}},"28":{"start":{"line":50,"column":13},"end":{"line":50,"column":26}},"29":{"start":{"line":51,"column":17},"end":{"line":51,"column":36}},"30":{"start":{"line":53,"column":4},"end":{"line":55,"column":5}},"31":{"start":{"line":54,"column":6},"end":{"line":54,"column":77}},"32":{"start":{"line":57,"column":16},"end":{"line":57,"column":47}},"33":{"start":{"line":58,"column":20},"end":{"line":58,"column":32}},"34":{"start":{"line":59,"column":4},"end":{"line":59,"column":25}},"35":{"start":{"line":60,"column":4},"end":{"line":60,"column":20}},"36":{"start":{"line":61,"column":4},"end":{"line":61,"column":21}},"37":{"start":{"line":63,"column":4},"end":{"line":65,"column":5}},"38":{"start":{"line":64,"column":6},"end":{"line":64,"column":79}},"39":{"start":{"line":67,"column":4},"end":{"line":75,"column":5}},"40":{"start":{"line":68,"column":19},"end":{"line":68,"column":50}},"41":{"start":{"line":69,"column":18},"end":{"line":71,"column":8}},"42":{"start":{"line":70,"column":8},"end":{"line":70,"column":23}},"43":{"start":{"line":73,"column":6},"end":{"line":73,"column":37}},"44":{"start":{"line":74,"column":6},"end":{"line":74,"column":27}},"45":{"start":{"line":77,"column":4},"end":{"line":77,"column":32}},"46":{"start":{"line":78,"column":4},"end":{"line":78,"column":73}}},"fnMap":{"0":{"name":"_interopRequireDefault","decl":{"start":{"line":11,"column":9},"end":{"line":11,"column":31}},"loc":{"start":{"line":11,"column":37},"end":{"line":11,"column":95}},"line":11},"1":{"name":"createEvent","decl":{"start":{"line":14,"column":24},"end":{"line":14,"column":35}},"loc":{"start":{"line":14,"column":46},"end":{"line":28,"column":3}},"line":14},"2":{"name":"deleteEvent","decl":{"start":{"line":29,"column":24},"end":{"line":29,"column":35}},"loc":{"start":{"line":29,"column":46},"end":{"line":48,"column":3}},"line":29},"3":{"name":"(anonymous_3)","decl":{"start":{"line":41,"column":40},"end":{"line":41,"column":41}},"loc":{"start":{"line":41,"column":53},"end":{"line":43,"column":5}},"line":41},"4":{"name":"editEvent","decl":{"start":{"line":49,"column":22},"end":{"line":49,"column":31}},"loc":{"start":{"line":49,"column":42},"end":{"line":79,"column":3}},"line":49},"5":{"name":"(anonymous_5)","decl":{"start":{"line":69,"column":42},"end":{"line":69,"column":43}},"loc":{"start":{"line":69,"column":55},"end":{"line":71,"column":7}},"line":69}},"branchMap":{"0":{"loc":{"start":{"line":11,"column":46},"end":{"line":11,"column":92}},"type":"cond-expr","locations":[{"start":{"line":11,"column":70},"end":{"line":11,"column":73}},{"start":{"line":11,"column":76},"end":{"line":11,"column":92}}],"line":11},"1":{"loc":{"start":{"line":11,"column":46},"end":{"line":11,"column":67}},"type":"binary-expr","locations":[{"start":{"line":11,"column":46},"end":{"line":11,"column":49}},{"start":{"line":11,"column":53},"end":{"line":11,"column":67}}],"line":11},"2":{"loc":{"start":{"line":21,"column":4},"end":{"line":23,"column":5}},"type":"if","locations":[{"start":{"line":21,"column":4},"end":{"line":23,"column":5}},{"start":{"line":21,"column":4},"end":{"line":23,"column":5}}],"line":21},"3":{"loc":{"start":{"line":33,"column":4},"end":{"line":35,"column":5}},"type":"if","locations":[{"start":{"line":33,"column":4},"end":{"line":35,"column":5}},{"start":{"line":33,"column":4},"end":{"line":35,"column":5}}],"line":33},"4":{"loc":{"start":{"line":53,"column":4},"end":{"line":55,"column":5}},"type":"if","locations":[{"start":{"line":53,"column":4},"end":{"line":55,"column":5}},{"start":{"line":53,"column":4},"end":{"line":55,"column":5}}],"line":53},"5":{"loc":{"start":{"line":63,"column":4},"end":{"line":65,"column":5}},"type":"if","locations":[{"start":{"line":63,"column":4},"end":{"line":65,"column":5}},{"start":{"line":63,"column":4},"end":{"line":65,"column":5}}],"line":63},"6":{"loc":{"start":{"line":67,"column":4},"end":{"line":75,"column":5}},"type":"if","locations":[{"start":{"line":67,"column":4},"end":{"line":75,"column":5}},{"start":{"line":67,"column":4},"end":{"line":75,"column":5}}],"line":67}},"s":{"0":1,"1":1,"2":1,"3":1,"4":2,"5":1,"6":5,"7":5,"8":5,"9":5,"10":5,"11":5,"12":4,"13":1,"14":1,"15":1,"16":1,"17":0,"18":0,"19":0,"20":0,"21":0,"22":0,"23":0,"24":0,"25":0,"26":0,"27":0,"28":8,"29":8,"30":8,"31":1,"32":7,"33":7,"34":7,"35":7,"36":7,"37":7,"38":5,"39":2,"40":1,"41":1,"42":1,"43":1,"44":1,"45":2,"46":2},"f":{"0":2,"1":5,"2":0,"3":0,"4":8,"5":1},"b":{"0":[1,1],"1":[2,2],"2":[4,1],"3":[0,0],"4":[1,7],"5":[5,2],"6":[1,1]},"_coverageSchema":"332fd63041d2c1bcb487cc26dd0d5f7d97098a6c","hash":"264ae95ccb8e957530191a8e965a648c5cddac58","contentHash":"fb5b63b35a7a54307ebc21841acd1c20_11.3.0"},"C:\\Users\\T-naike\\Desktop\\MrTaiwo\\eventmanager\\server\\v1\\controllers\\_support\\event.js":{"path":"C:\\Users\\T-naike\\Desktop\\MrTaiwo\\eventmanager\\server\\v1\\controllers\\_support\\event.js","statementMap":{"0":{"start":{"line":3,"column":0},"end":{"line":5,"column":3}},"1":{"start":{"line":6,"column":0},"end":{"line":6,"column":28}},"2":{"start":{"line":8,"column":19},"end":{"line":8,"column":563}},"3":{"start":{"line":8,"column":76},"end":{"line":8,"column":347}},"4":{"start":{"line":8,"column":134},"end":{"line":8,"column":142}},"5":{"start":{"line":8,"column":144},"end":{"line":8,"column":199}},"6":{"start":{"line":8,"column":200},"end":{"line":8,"column":231}},"7":{"start":{"line":8,"column":232},"end":{"line":8,"column":286}},"8":{"start":{"line":8,"column":259},"end":{"line":8,"column":286}},"9":{"start":{"line":8,"column":287},"end":{"line":8,"column":345}},"10":{"start":{"line":8,"column":350},"end":{"line":8,"column":559}},"11":{"start":{"line":8,"column":407},"end":{"line":8,"column":475}},"12":{"start":{"line":8,"column":423},"end":{"line":8,"column":475}},"13":{"start":{"line":8,"column":476},"end":{"line":8,"column":536}},"14":{"start":{"line":8,"column":493},"end":{"line":8,"column":536}},"15":{"start":{"line":8,"column":537},"end":{"line":8,"column":556}},"16":{"start":{"line":10,"column":10},"end":{"line":10,"column":34}},"17":{"start":{"line":12,"column":11},"end":{"line":12,"column":38}},"18":{"start":{"line":14,"column":17},"end":{"line":14,"column":37}},"19":{"start":{"line":16,"column":18},"end":{"line":16,"column":52}},"20":{"start":{"line":18,"column":39},"end":{"line":18,"column":93}},"21":{"start":{"line":20,"column":50},"end":{"line":20,"column":151}},"22":{"start":{"line":20,"column":92},"end":{"line":20,"column":149}},"23":{"start":{"line":22,"column":12},"end":{"line":146,"column":3}},"24":{"start":{"line":24,"column":4},"end":{"line":24,"column":33}},"25":{"start":{"line":26,"column":4},"end":{"line":26,"column":23}},"26":{"start":{"line":27,"column":4},"end":{"line":27,"column":28}},"27":{"start":{"line":28,"column":4},"end":{"line":28,"column":21}},"28":{"start":{"line":31,"column":2},"end":{"line":143,"column":6}},"29":{"start":{"line":34,"column":6},"end":{"line":34,"column":35}},"30":{"start":{"line":35,"column":6},"end":{"line":35,"column":45}},"31":{"start":{"line":36,"column":6},"end":{"line":36,"column":41}},"32":{"start":{"line":37,"column":6},"end":{"line":37,"column":35}},"33":{"start":{"line":38,"column":6},"end":{"line":38,"column":37}},"34":{"start":{"line":39,"column":6},"end":{"line":39,"column":41}},"35":{"start":{"line":40,"column":6},"end":{"line":40,"column":39}},"36":{"start":{"line":41,"column":6},"end":{"line":41,"column":33}},"37":{"start":{"line":42,"column":6},"end":{"line":42,"column":43}},"38":{"start":{"line":47,"column":6},"end":{"line":47,"column":19}},"39":{"start":{"line":52,"column":6},"end":{"line":55,"column":7}},"40":{"start":{"line":53,"column":8},"end":{"line":53,"column":56}},"41":{"start":{"line":54,"column":8},"end":{"line":54,"column":15}},"42":{"start":{"line":56,"column":6},"end":{"line":56,"column":52}},"43":{"start":{"line":57,"column":6},"end":{"line":57,"column":13}},"44":{"start":{"line":62,"column":6},"end":{"line":65,"column":7}},"45":{"start":{"line":63,"column":8},"end":{"line":63,"column":64}},"46":{"start":{"line":64,"column":8},"end":{"line":64,"column":26}},"47":{"start":{"line":67,"column":6},"end":{"line":70,"column":7}},"48":{"start":{"line":68,"column":8},"end":{"line":68,"column":70}},"49":{"start":{"line":69,"column":8},"end":{"line":69,"column":26}},"50":{"start":{"line":72,"column":19},"end":{"line":72,"column":32}},"51":{"start":{"line":74,"column":6},"end":{"line":77,"column":7}},"52":{"start":{"line":75,"column":8},"end":{"line":75,"column":70}},"53":{"start":{"line":76,"column":8},"end":{"line":76,"column":26}},"54":{"start":{"line":79,"column":6},"end":{"line":82,"column":7}},"55":{"start":{"line":80,"column":8},"end":{"line":80,"column":76}},"56":{"start":{"line":81,"column":8},"end":{"line":81,"column":26}},"57":{"start":{"line":84,"column":6},"end":{"line":87,"column":7}},"58":{"start":{"line":85,"column":8},"end":{"line":85,"column":70}},"59":{"start":{"line":86,"column":8},"end":{"line":86,"column":26}},"60":{"start":{"line":89,"column":6},"end":{"line":92,"column":7}},"61":{"start":{"line":90,"column":8},"end":{"line":90,"column":73}},"62":{"start":{"line":91,"column":8},"end":{"line":91,"column":26}},"63":{"start":{"line":97,"column":6},"end":{"line":97,"column":37}},"64":{"start":{"line":103,"column":6},"end":{"line":103,"column":70}},"65":{"start":{"line":103,"column":57},"end":{"line":103,"column":70}},"66":{"start":{"line":105,"column":18},"end":{"line":105,"column":39}},"67":{"start":{"line":106,"column":16},"end":{"line":106,"column":38}},"68":{"start":{"line":107,"column":18},"end":{"line":107,"column":40}},"69":{"start":{"line":108,"column":17},"end":{"line":108,"column":39}},"70":{"start":{"line":110,"column":6},"end":{"line":110,"column":79}},"71":{"start":{"line":110,"column":66},"end":{"line":110,"column":79}},"72":{"start":{"line":112,"column":24},"end":{"line":112,"column":72}},"73":{"start":{"line":114,"column":6},"end":{"line":114,"column":83}},"74":{"start":{"line":114,"column":63},"end":{"line":114,"column":83}},"75":{"start":{"line":116,"column":6},"end":{"line":116,"column":54}},"76":{"start":{"line":121,"column":6},"end":{"line":121,"column":25}},"77":{"start":{"line":126,"column":6},"end":{"line":126,"column":33}},"78":{"start":{"line":126,"column":23},"end":{"line":126,"column":33}},"79":{"start":{"line":127,"column":6},"end":{"line":127,"column":32}},"80":{"start":{"line":132,"column":6},"end":{"line":141,"column":8}},"81":{"start":{"line":145,"column":2},"end":{"line":145,"column":15}},"82":{"start":{"line":148,"column":0},"end":{"line":148,"column":24}}},"fnMap":{"0":{"name":"(anonymous_0)","decl":{"start":{"line":8,"column":19},"end":{"line":8,"column":20}},"loc":{"start":{"line":8,"column":31},"end":{"line":8,"column":561}},"line":8},"1":{"name":"defineProperties","decl":{"start":{"line":8,"column":42},"end":{"line":8,"column":58}},"loc":{"start":{"line":8,"column":74},"end":{"line":8,"column":349}},"line":8},"2":{"name":"(anonymous_2)","decl":{"start":{"line":8,"column":357},"end":{"line":8,"column":358}},"loc":{"start":{"line":8,"column":405},"end":{"line":8,"column":558}},"line":8},"3":{"name":"_interopRequireDefault","decl":{"start":{"line":18,"column":9},"end":{"line":18,"column":31}},"loc":{"start":{"line":18,"column":37},"end":{"line":18,"column":95}},"line":18},"4":{"name":"_classCallCheck","decl":{"start":{"line":20,"column":9},"end":{"line":20,"column":24}},"loc":{"start":{"line":20,"column":48},"end":{"line":20,"column":153}},"line":20},"5":{"name":"(anonymous_5)","decl":{"start":{"line":22,"column":12},"end":{"line":22,"column":13}},"loc":{"start":{"line":22,"column":24},"end":{"line":146,"column":1}},"line":22},"6":{"name":"Event","decl":{"start":{"line":23,"column":11},"end":{"line":23,"column":16}},"loc":{"start":{"line":23,"column":24},"end":{"line":29,"column":3}},"line":23},"7":{"name":"load","decl":{"start":{"line":33,"column":20},"end":{"line":33,"column":24}},"loc":{"start":{"line":33,"column":32},"end":{"line":43,"column":5}},"line":33},"8":{"name":"setId","decl":{"start":{"line":46,"column":20},"end":{"line":46,"column":25}},"loc":{"start":{"line":46,"column":30},"end":{"line":48,"column":5}},"line":46},"9":{"name":"updateCenter","decl":{"start":{"line":51,"column":20},"end":{"line":51,"column":32}},"loc":{"start":{"line":51,"column":35},"end":{"line":58,"column":5}},"line":51},"10":{"name":"validate","decl":{"start":{"line":61,"column":20},"end":{"line":61,"column":28}},"loc":{"start":{"line":61,"column":31},"end":{"line":93,"column":5}},"line":61},"11":{"name":"toValidatorString","decl":{"start":{"line":96,"column":20},"end":{"line":96,"column":37}},"loc":{"start":{"line":96,"column":45},"end":{"line":98,"column":5}},"line":96},"12":{"name":"isValidDate","decl":{"start":{"line":101,"column":20},"end":{"line":101,"column":31}},"loc":{"start":{"line":101,"column":44},"end":{"line":117,"column":5}},"line":101},"13":{"name":"safe","decl":{"start":{"line":120,"column":20},"end":{"line":120,"column":24}},"loc":{"start":{"line":120,"column":27},"end":{"line":122,"column":5}},"line":120},"14":{"name":"getErrors","decl":{"start":{"line":125,"column":20},"end":{"line":125,"column":29}},"loc":{"start":{"line":125,"column":32},"end":{"line":128,"column":5}},"line":125},"15":{"name":"toJSON","decl":{"start":{"line":131,"column":20},"end":{"line":131,"column":26}},"loc":{"start":{"line":131,"column":29},"end":{"line":142,"column":5}},"line":131}},"branchMap":{"0":{"loc":{"start":{"line":8,"column":168},"end":{"line":8,"column":198}},"type":"binary-expr","locations":[{"start":{"line":8,"column":168},"end":{"line":8,"column":189}},{"start":{"line":8,"column":193},"end":{"line":8,"column":198}}],"line":8},"1":{"loc":{"start":{"line":8,"column":232},"end":{"line":8,"column":286}},"type":"if","locations":[{"start":{"line":8,"column":232},"end":{"line":8,"column":286}},{"start":{"line":8,"column":232},"end":{"line":8,"column":286}}],"line":8},"2":{"loc":{"start":{"line":8,"column":407},"end":{"line":8,"column":475}},"type":"if","locations":[{"start":{"line":8,"column":407},"end":{"line":8,"column":475}},{"start":{"line":8,"column":407},"end":{"line":8,"column":475}}],"line":8},"3":{"loc":{"start":{"line":8,"column":476},"end":{"line":8,"column":536}},"type":"if","locations":[{"start":{"line":8,"column":476},"end":{"line":8,"column":536}},{"start":{"line":8,"column":476},"end":{"line":8,"column":536}}],"line":8},"4":{"loc":{"start":{"line":18,"column":46},"end":{"line":18,"column":92}},"type":"cond-expr","locations":[{"start":{"line":18,"column":70},"end":{"line":18,"column":73}},{"start":{"line":18,"column":76},"end":{"line":18,"column":92}}],"line":18},"5":{"loc":{"start":{"line":18,"column":46},"end":{"line":18,"column":67}},"type":"binary-expr","locations":[{"start":{"line":18,"column":46},"end":{"line":18,"column":49}},{"start":{"line":18,"column":53},"end":{"line":18,"column":67}}],"line":18},"6":{"loc":{"start":{"line":20,"column":50},"end":{"line":20,"column":151}},"type":"if","locations":[{"start":{"line":20,"column":50},"end":{"line":20,"column":151}},{"start":{"line":20,"column":50},"end":{"line":20,"column":151}}],"line":20},"7":{"loc":{"start":{"line":34,"column":18},"end":{"line":34,"column":34}},"type":"binary-expr","locations":[{"start":{"line":34,"column":18},"end":{"line":34,"column":28}},{"start":{"line":34,"column":32},"end":{"line":34,"column":34}}],"line":34},"8":{"loc":{"start":{"line":35,"column":23},"end":{"line":35,"column":44}},"type":"binary-expr","locations":[{"start":{"line":35,"column":23},"end":{"line":35,"column":38}},{"start":{"line":35,"column":42},"end":{"line":35,"column":44}}],"line":35},"9":{"loc":{"start":{"line":36,"column":21},"end":{"line":36,"column":40}},"type":"binary-expr","locations":[{"start":{"line":36,"column":21},"end":{"line":36,"column":34}},{"start":{"line":36,"column":38},"end":{"line":36,"column":40}}],"line":36},"10":{"loc":{"start":{"line":37,"column":18},"end":{"line":37,"column":34}},"type":"binary-expr","locations":[{"start":{"line":37,"column":18},"end":{"line":37,"column":28}},{"start":{"line":37,"column":32},"end":{"line":37,"column":34}}],"line":37},"11":{"loc":{"start":{"line":38,"column":19},"end":{"line":38,"column":36}},"type":"binary-expr","locations":[{"start":{"line":38,"column":19},"end":{"line":38,"column":30}},{"start":{"line":38,"column":34},"end":{"line":38,"column":36}}],"line":38},"12":{"loc":{"start":{"line":39,"column":21},"end":{"line":39,"column":40}},"type":"binary-expr","locations":[{"start":{"line":39,"column":21},"end":{"line":39,"column":34}},{"start":{"line":39,"column":38},"end":{"line":39,"column":40}}],"line":39},"13":{"loc":{"start":{"line":40,"column":20},"end":{"line":40,"column":38}},"type":"binary-expr","locations":[{"start":{"line":40,"column":20},"end":{"line":40,"column":32}},{"start":{"line":40,"column":36},"end":{"line":40,"column":38}}],"line":40},"14":{"loc":{"start":{"line":41,"column":16},"end":{"line":41,"column":32}},"type":"binary-expr","locations":[{"start":{"line":41,"column":16},"end":{"line":41,"column":24}},{"start":{"line":41,"column":28},"end":{"line":41,"column":32}}],"line":41},"15":{"loc":{"start":{"line":52,"column":6},"end":{"line":55,"column":7}},"type":"if","locations":[{"start":{"line":52,"column":6},"end":{"line":55,"column":7}},{"start":{"line":52,"column":6},"end":{"line":55,"column":7}}],"line":52},"16":{"loc":{"start":{"line":62,"column":6},"end":{"line":65,"column":7}},"type":"if","locations":[{"start":{"line":62,"column":6},"end":{"line":65,"column":7}},{"start":{"line":62,"column":6},"end":{"line":65,"column":7}}],"line":62},"17":{"loc":{"start":{"line":62,"column":38},"end":{"line":62,"column":69}},"type":"cond-expr","locations":[{"start":{"line":62,"column":50},"end":{"line":62,"column":64}},{"start":{"line":62,"column":67},"end":{"line":62,"column":69}}],"line":62},"18":{"loc":{"start":{"line":67,"column":6},"end":{"line":70,"column":7}},"type":"if","locations":[{"start":{"line":67,"column":6},"end":{"line":70,"column":7}},{"start":{"line":67,"column":6},"end":{"line":70,"column":7}}],"line":67},"19":{"loc":{"start":{"line":67,"column":10},"end":{"line":67,"column":152}},"type":"binary-expr","locations":[{"start":{"line":67,"column":10},"end":{"line":67,"column":71}},{"start":{"line":67,"column":75},"end":{"line":67,"column":111}},{"start":{"line":67,"column":115},"end":{"line":67,"column":152}}],"line":67},"20":{"loc":{"start":{"line":67,"column":37},"end":{"line":67,"column":70}},"type":"cond-expr","locations":[{"start":{"line":67,"column":50},"end":{"line":67,"column":65}},{"start":{"line":67,"column":68},"end":{"line":67,"column":70}}],"line":67},"21":{"loc":{"start":{"line":74,"column":6},"end":{"line":77,"column":7}},"type":"if","locations":[{"start":{"line":74,"column":6},"end":{"line":77,"column":7}},{"start":{"line":74,"column":6},"end":{"line":77,"column":7}}],"line":74},"22":{"loc":{"start":{"line":74,"column":10},"end":{"line":74,"column":97}},"type":"binary-expr","locations":[{"start":{"line":74,"column":10},"end":{"line":74,"column":73}},{"start":{"line":74,"column":77},"end":{"line":74,"column":97}}],"line":74},"23":{"loc":{"start":{"line":74,"column":37},"end":{"line":74,"column":72}},"type":"cond-expr","locations":[{"start":{"line":74,"column":51},"end":{"line":74,"column":67}},{"start":{"line":74,"column":70},"end":{"line":74,"column":72}}],"line":74},"24":{"loc":{"start":{"line":79,"column":6},"end":{"line":82,"column":7}},"type":"if","locations":[{"start":{"line":79,"column":6},"end":{"line":82,"column":7}},{"start":{"line":79,"column":6},"end":{"line":82,"column":7}}],"line":79},"25":{"loc":{"start":{"line":79,"column":10},"end":{"line":79,"column":112}},"type":"binary-expr","locations":[{"start":{"line":79,"column":10},"end":{"line":79,"column":77}},{"start":{"line":79,"column":81},"end":{"line":79,"column":112}}],"line":79},"26":{"loc":{"start":{"line":84,"column":6},"end":{"line":87,"column":7}},"type":"if","locations":[{"start":{"line":84,"column":6},"end":{"line":87,"column":7}},{"start":{"line":84,"column":6},"end":{"line":87,"column":7}}],"line":84},"27":{"loc":{"start":{"line":89,"column":6},"end":{"line":92,"column":7}},"type":"if","locations":[{"start":{"line":89,"column":6},"end":{"line":92,"column":7}},{"start":{"line":89,"column":6},"end":{"line":92,"column":7}}],"line":89},"28":{"loc":{"start":{"line":89,"column":10},"end":{"line":89,"column":110}},"type":"binary-expr","locations":[{"start":{"line":89,"column":10},"end":{"line":89,"column":75}},{"start":{"line":89,"column":79},"end":{"line":89,"column":110}}],"line":89},"29":{"loc":{"start":{"line":97,"column":13},"end":{"line":97,"column":36}},"type":"cond-expr","locations":[{"start":{"line":97,"column":21},"end":{"line":97,"column":31}},{"start":{"line":97,"column":34},"end":{"line":97,"column":36}}],"line":97},"30":{"loc":{"start":{"line":103,"column":6},"end":{"line":103,"column":70}},"type":"if","locations":[{"start":{"line":103,"column":6},"end":{"line":103,"column":70}},{"start":{"line":103,"column":6},"end":{"line":103,"column":70}}],"line":103},"31":{"loc":{"start":{"line":110,"column":6},"end":{"line":110,"column":79}},"type":"if","locations":[{"start":{"line":110,"column":6},"end":{"line":110,"column":79}},{"start":{"line":110,"column":6},"end":{"line":110,"column":79}}],"line":110},"32":{"loc":{"start":{"line":110,"column":10},"end":{"line":110,"column":64}},"type":"binary-expr","locations":[{"start":{"line":110,"column":10},"end":{"line":110,"column":21}},{"start":{"line":110,"column":25},"end":{"line":110,"column":36}},{"start":{"line":110,"column":40},"end":{"line":110,"column":50}},{"start":{"line":110,"column":54},"end":{"line":110,"column":64}}],"line":110},"33":{"loc":{"start":{"line":114,"column":6},"end":{"line":114,"column":83}},"type":"if","locations":[{"start":{"line":114,"column":6},"end":{"line":114,"column":83}},{"start":{"line":114,"column":6},"end":{"line":114,"column":83}}],"line":114},"34":{"loc":{"start":{"line":114,"column":10},"end":{"line":114,"column":61}},"type":"binary-expr","locations":[{"start":{"line":114,"column":10},"end":{"line":114,"column":25}},{"start":{"line":114,"column":29},"end":{"line":114,"column":44}},{"start":{"line":114,"column":48},"end":{"line":114,"column":61}}],"line":114},"35":{"loc":{"start":{"line":116,"column":13},"end":{"line":116,"column":53}},"type":"binary-expr","locations":[{"start":{"line":116,"column":13},"end":{"line":116,"column":20}},{"start":{"line":116,"column":24},"end":{"line":116,"column":53}}],"line":116},"36":{"loc":{"start":{"line":126,"column":6},"end":{"line":126,"column":33}},"type":"if","locations":[{"start":{"line":126,"column":6},"end":{"line":126,"column":33}},{"start":{"line":126,"column":6},"end":{"line":126,"column":33}}],"line":126}},"s":{"0":1,"1":1,"2":1,"3":1,"4":9,"5":9,"6":9,"7":9,"8":9,"9":9,"10":1,"11":1,"12":1,"13":1,"14":0,"15":1,"16":1,"17":1,"18":1,"19":1,"20":2,"21":12,"22":0,"23":1,"24":12,"25":12,"26":12,"27":12,"28":1,"29":19,"30":19,"31":19,"32":19,"33":19,"34":19,"35":19,"36":19,"37":19,"38":12,"39":2,"40":0,"41":0,"42":2,"43":2,"44":12,"45":2,"46":2,"47":12,"48":1,"49":1,"50":12,"51":12,"52":1,"53":1,"54":12,"55":4,"56":4,"57":12,"58":6,"59":6,"60":12,"61":3,"62":3,"63":36,"64":20,"65":1,"66":19,"67":19,"68":19,"69":19,"70":19,"71":0,"72":19,"73":19,"74":0,"75":19,"76":12,"77":9,"78":0,"79":9,"80":5,"81":1,"82":1},"f":{"0":1,"1":1,"2":1,"3":2,"4":12,"5":1,"6":12,"7":19,"8":12,"9":2,"10":12,"11":36,"12":20,"13":12,"14":9,"15":5},"b":{"0":[9,9],"1":[9,0],"2":[1,0],"3":[0,1],"4":[0,2],"5":[2,2],"6":[0,12],"7":[19,2],"8":[19,2],"9":[19,2],"10":[19,0],"11":[19,0],"12":[19,19],"13":[19,0],"14":[19,12],"15":[0,2],"16":[2,10],"17":[10,2],"18":[1,11],"19":[12,12,12],"20":[12,0],"21":[1,11],"22":[12,12],"23":[12,0],"24":[4,8],"25":[12,10],"26":[6,6],"27":[3,9],"28":[12,10],"29":[30,6],"30":[1,19],"31":[0,19],"32":[19,19,19,19],"33":[0,19],"34":[19,19,19],"35":[19,19],"36":[0,9]},"_coverageSchema":"332fd63041d2c1bcb487cc26dd0d5f7d97098a6c","hash":"769ad1db38c51d01df649f69f959b3d367943791","contentHash":"54ac3d1c61b2d49104db005dfbe88ad4_11.3.0"},"C:\\Users\\T-naike\\Desktop\\MrTaiwo\\eventmanager\\server\\v1\\routes\\event.js":{"path":"C:\\Users\\T-naike\\Desktop\\MrTaiwo\\eventmanager\\server\\v1\\routes\\event.js","statementMap":{"0":{"start":{"line":3,"column":19},"end":{"line":3,"column":44}},"1":{"start":{"line":5,"column":0},"end":{"line":9,"column":2}},"2":{"start":{"line":6,"column":2},"end":{"line":6,"column":54}},"3":{"start":{"line":7,"column":2},"end":{"line":7,"column":60}},"4":{"start":{"line":8,"column":2},"end":{"line":8,"column":55}}},"fnMap":{"0":{"name":"(anonymous_0)","decl":{"start":{"line":5,"column":17},"end":{"line":5,"column":18}},"loc":{"start":{"line":5,"column":32},"end":{"line":9,"column":1}},"line":5}},"branchMap":{},"s":{"0":1,"1":1,"2":1,"3":1,"4":1},"f":{"0":1},"b":{},"_coverageSchema":"332fd63041d2c1bcb487cc26dd0d5f7d97098a6c","hash":"b4b12fbd92ff742dde38858f6586b3c05b63c39b","contentHash":"cc1768ab85dfc7e9dbc4a17047bd32ef_11.3.0"},"C:\\Users\\T-naike\\Desktop\\MrTaiwo\\eventmanager\\server\\v2\\routes\\api2.js":{"path":"C:\\Users\\T-naike\\Desktop\\MrTaiwo\\eventmanager\\server\\v2\\routes\\api2.js","statementMap":{"0":{"start":{"line":3,"column":15},"end":{"line":3,"column":33}},"1":{"start":{"line":5,"column":16},"end":{"line":5,"column":48}},"2":{"start":{"line":7,"column":13},"end":{"line":7,"column":31}},"3":{"start":{"line":9,"column":14},"end":{"line":9,"column":44}},"4":{"start":{"line":11,"column":13},"end":{"line":11,"column":31}},"5":{"start":{"line":13,"column":14},"end":{"line":13,"column":44}},"6":{"start":{"line":15,"column":39},"end":{"line":15,"column":93}},"7":{"start":{"line":17,"column":10},"end":{"line":17,"column":36}},"8":{"start":{"line":18,"column":0},"end":{"line":18,"column":26}},"9":{"start":{"line":19,"column":0},"end":{"line":19,"column":26}},"10":{"start":{"line":20,"column":0},"end":{"line":20,"column":21}}},"fnMap":{"0":{"name":"_interopRequireDefault","decl":{"start":{"line":15,"column":9},"end":{"line":15,"column":31}},"loc":{"start":{"line":15,"column":37},"end":{"line":15,"column":95}},"line":15}},"branchMap":{"0":{"loc":{"start":{"line":15,"column":46},"end":{"line":15,"column":92}},"type":"cond-expr","locations":[{"start":{"line":15,"column":70},"end":{"line":15,"column":73}},{"start":{"line":15,"column":76},"end":{"line":15,"column":92}}],"line":15},"1":{"loc":{"start":{"line":15,"column":46},"end":{"line":15,"column":67}},"type":"binary-expr","locations":[{"start":{"line":15,"column":46},"end":{"line":15,"column":49}},{"start":{"line":15,"column":53},"end":{"line":15,"column":67}}],"line":15}},"s":{"0":1,"1":1,"2":1,"3":1,"4":1,"5":1,"6":3,"7":1,"8":1,"9":1,"10":1},"f":{"0":3},"b":{"0":[0,3],"1":[3,3]},"_coverageSchema":"332fd63041d2c1bcb487cc26dd0d5f7d97098a6c","hash":"c3f4b26d2c2570dd3ae7df5157fc06e0ed0d6886","contentHash":"4c9c73a42e749d2070b4bd0c52331e54_11.3.0"},"C:\\Users\\T-naike\\Desktop\\MrTaiwo\\eventmanager\\server\\v2\\routes\\admin.js":{"path":"C:\\Users\\T-naike\\Desktop\\MrTaiwo\\eventmanager\\server\\v2\\routes\\admin.js","statementMap":{"0":{"start":{"line":3,"column":19},"end":{"line":3,"column":44}},"1":{"start":{"line":5,"column":0},"end":{"line":10,"column":2}},"2":{"start":{"line":6,"column":2},"end":{"line":6,"column":56}},"3":{"start":{"line":7,"column":2},"end":{"line":7,"column":50}},"4":{"start":{"line":8,"column":2},"end":{"line":8,"column":53}},"5":{"start":{"line":9,"column":2},"end":{"line":9,"column":57}}},"fnMap":{"0":{"name":"(anonymous_0)","decl":{"start":{"line":5,"column":17},"end":{"line":5,"column":18}},"loc":{"start":{"line":5,"column":32},"end":{"line":10,"column":1}},"line":5}},"branchMap":{},"s":{"0":1,"1":1,"2":1,"3":1,"4":1,"5":1},"f":{"0":1},"b":{},"_coverageSchema":"332fd63041d2c1bcb487cc26dd0d5f7d97098a6c","hash":"c3cb2aa32443c3a692f4a9e1e2b5b2885fa348d6","contentHash":"7985a1725e73795e667890ef672b9cd8_11.3.0"},"C:\\Users\\T-naike\\Desktop\\MrTaiwo\\eventmanager\\server\\v2\\controllers\\index.js":{"path":"C:\\Users\\T-naike\\Desktop\\MrTaiwo\\eventmanager\\server\\v2\\controllers\\index.js","statementMap":{"0":{"start":{"line":3,"column":13},"end":{"line":3,"column":31}},"1":{"start":{"line":5,"column":14},"end":{"line":5,"column":44}},"2":{"start":{"line":7,"column":13},"end":{"line":7,"column":31}},"3":{"start":{"line":9,"column":14},"end":{"line":9,"column":44}},"4":{"start":{"line":11,"column":39},"end":{"line":11,"column":93}},"5":{"start":{"line":13,"column":0},"end":{"line":16,"column":2}}},"fnMap":{"0":{"name":"_interopRequireDefault","decl":{"start":{"line":11,"column":9},"end":{"line":11,"column":31}},"loc":{"start":{"line":11,"column":37},"end":{"line":11,"column":95}},"line":11}},"branchMap":{"0":{"loc":{"start":{"line":11,"column":46},"end":{"line":11,"column":92}},"type":"cond-expr","locations":[{"start":{"line":11,"column":70},"end":{"line":11,"column":73}},{"start":{"line":11,"column":76},"end":{"line":11,"column":92}}],"line":11},"1":{"loc":{"start":{"line":11,"column":46},"end":{"line":11,"column":67}},"type":"binary-expr","locations":[{"start":{"line":11,"column":46},"end":{"line":11,"column":49}},{"start":{"line":11,"column":53},"end":{"line":11,"column":67}}],"line":11}},"s":{"0":1,"1":1,"2":1,"3":1,"4":2,"5":1},"f":{"0":2},"b":{"0":[0,2],"1":[2,2]},"_coverageSchema":"332fd63041d2c1bcb487cc26dd0d5f7d97098a6c","hash":"d0a587f134f4c1d671c689904b2a57bd69f5f3d4","contentHash":"be7debc4316f2b5cdeb8ecdba609d0d5_11.3.0"},"C:\\Users\\T-naike\\Desktop\\MrTaiwo\\eventmanager\\server\\v2\\controllers\\admin.js":{"path":"C:\\Users\\T-naike\\Desktop\\MrTaiwo\\eventmanager\\server\\v2\\controllers\\admin.js","statementMap":{"0":{"start":{"line":3,"column":10},"end":{"line":3,"column":31}},"1":{"start":{"line":5,"column":11},"end":{"line":5,"column":38}},"2":{"start":{"line":7,"column":14},"end":{"line":7,"column":42}},"3":{"start":{"line":9,"column":15},"end":{"line":9,"column":46}},"4":{"start":{"line":11,"column":39},"end":{"line":11,"column":93}},"5":{"start":{"line":13,"column":0},"end":{"line":52,"column":2}},"6":{"start":{"line":15,"column":17},"end":{"line":15,"column":47}},"7":{"start":{"line":16,"column":18},"end":{"line":16,"column":38}},"8":{"start":{"line":17,"column":23},"end":{"line":17,"column":48}},"9":{"start":{"line":18,"column":4},"end":{"line":18,"column":31}},"10":{"start":{"line":20,"column":4},"end":{"line":20,"column":22}},"11":{"start":{"line":21,"column":4},"end":{"line":23,"column":5}},"12":{"start":{"line":22,"column":6},"end":{"line":22,"column":80}},"13":{"start":{"line":24,"column":4},"end":{"line":24,"column":44}},"14":{"start":{"line":25,"column":4},"end":{"line":25,"column":35}},"15":{"start":{"line":26,"column":4},"end":{"line":26,"column":77}},"16":{"start":{"line":29,"column":4},"end":{"line":29,"column":54}},"17":{"start":{"line":32,"column":4},"end":{"line":32,"column":68}},"18":{"start":{"line":35,"column":13},"end":{"line":35,"column":26}},"19":{"start":{"line":36,"column":18},"end":{"line":36,"column":38}},"20":{"start":{"line":38,"column":4},"end":{"line":40,"column":5}},"21":{"start":{"line":39,"column":6},"end":{"line":39,"column":78}},"22":{"start":{"line":41,"column":17},"end":{"line":41,"column":50}},"23":{"start":{"line":42,"column":4},"end":{"line":42,"column":26}},"24":{"start":{"line":43,"column":4},"end":{"line":43,"column":21}},"25":{"start":{"line":45,"column":4},"end":{"line":45,"column":22}},"26":{"start":{"line":46,"column":4},"end":{"line":48,"column":5}},"27":{"start":{"line":47,"column":6},"end":{"line":47,"column":80}},"28":{"start":{"line":49,"column":4},"end":{"line":49,"column":34}},"29":{"start":{"line":50,"column":4},"end":{"line":50,"column":75}}},"fnMap":{"0":{"name":"_interopRequireDefault","decl":{"start":{"line":11,"column":9},"end":{"line":11,"column":31}},"loc":{"start":{"line":11,"column":37},"end":{"line":11,"column":95}},"line":11},"1":{"name":"createCenter","decl":{"start":{"line":14,"column":25},"end":{"line":14,"column":37}},"loc":{"start":{"line":14,"column":48},"end":{"line":27,"column":3}},"line":14},"2":{"name":"centers","decl":{"start":{"line":28,"column":20},"end":{"line":28,"column":27}},"loc":{"start":{"line":28,"column":38},"end":{"line":30,"column":3}},"line":28},"3":{"name":"center","decl":{"start":{"line":31,"column":19},"end":{"line":31,"column":25}},"loc":{"start":{"line":31,"column":36},"end":{"line":33,"column":3}},"line":31},"4":{"name":"editCenter","decl":{"start":{"line":34,"column":23},"end":{"line":34,"column":33}},"loc":{"start":{"line":34,"column":44},"end":{"line":51,"column":3}},"line":34}},"branchMap":{"0":{"loc":{"start":{"line":11,"column":46},"end":{"line":11,"column":92}},"type":"cond-expr","locations":[{"start":{"line":11,"column":70},"end":{"line":11,"column":73}},{"start":{"line":11,"column":76},"end":{"line":11,"column":92}}],"line":11},"1":{"loc":{"start":{"line":11,"column":46},"end":{"line":11,"column":67}},"type":"binary-expr","locations":[{"start":{"line":11,"column":46},"end":{"line":11,"column":49}},{"start":{"line":11,"column":53},"end":{"line":11,"column":67}}],"line":11},"2":{"loc":{"start":{"line":21,"column":4},"end":{"line":23,"column":5}},"type":"if","locations":[{"start":{"line":21,"column":4},"end":{"line":23,"column":5}},{"start":{"line":21,"column":4},"end":{"line":23,"column":5}}],"line":21},"3":{"loc":{"start":{"line":32,"column":25},"end":{"line":32,"column":66}},"type":"binary-expr","locations":[{"start":{"line":32,"column":25},"end":{"line":32,"column":60}},{"start":{"line":32,"column":64},"end":{"line":32,"column":66}}],"line":32},"4":{"loc":{"start":{"line":38,"column":4},"end":{"line":40,"column":5}},"type":"if","locations":[{"start":{"line":38,"column":4},"end":{"line":40,"column":5}},{"start":{"line":38,"column":4},"end":{"line":40,"column":5}}],"line":38},"5":{"loc":{"start":{"line":46,"column":4},"end":{"line":48,"column":5}},"type":"if","locations":[{"start":{"line":46,"column":4},"end":{"line":48,"column":5}},{"start":{"line":46,"column":4},"end":{"line":48,"column":5}}],"line":46}},"s":{"0":1,"1":1,"2":1,"3":1,"4":2,"5":1,"6":0,"7":0,"8":0,"9":0,"10":0,"11":0,"12":0,"13":0,"14":0,"15":0,"16":0,"17":0,"18":0,"19":0,"20":0,"21":0,"22":0,"23":0,"24":0,"25":0,"26":0,"27":0,"28":0,"29":0},"f":{"0":2,"1":0,"2":0,"3":0,"4":0},"b":{"0":[1,1],"1":[2,2],"2":[0,0],"3":[0,0],"4":[0,0],"5":[0,0]},"_coverageSchema":"332fd63041d2c1bcb487cc26dd0d5f7d97098a6c","hash":"cbd7059aed655946692d7a546ebe69c5f8b2102f","contentHash":"c1ca3758762e5bfd86c95186bdff385f_11.3.0"},"C:\\Users\\T-naike\\Desktop\\MrTaiwo\\eventmanager\\server\\v2\\controllers\\_support\\center.js":{"path":"C:\\Users\\T-naike\\Desktop\\MrTaiwo\\eventmanager\\server\\v2\\controllers\\_support\\center.js","statementMap":{"0":{"start":{"line":3,"column":0},"end":{"line":5,"column":3}},"1":{"start":{"line":6,"column":0},"end":{"line":6,"column":28}},"2":{"start":{"line":8,"column":19},"end":{"line":8,"column":563}},"3":{"start":{"line":8,"column":76},"end":{"line":8,"column":347}},"4":{"start":{"line":8,"column":134},"end":{"line":8,"column":142}},"5":{"start":{"line":8,"column":144},"end":{"line":8,"column":199}},"6":{"start":{"line":8,"column":200},"end":{"line":8,"column":231}},"7":{"start":{"line":8,"column":232},"end":{"line":8,"column":286}},"8":{"start":{"line":8,"column":259},"end":{"line":8,"column":286}},"9":{"start":{"line":8,"column":287},"end":{"line":8,"column":345}},"10":{"start":{"line":8,"column":350},"end":{"line":8,"column":559}},"11":{"start":{"line":8,"column":407},"end":{"line":8,"column":475}},"12":{"start":{"line":8,"column":423},"end":{"line":8,"column":475}},"13":{"start":{"line":8,"column":476},"end":{"line":8,"column":536}},"14":{"start":{"line":8,"column":493},"end":{"line":8,"column":536}},"15":{"start":{"line":8,"column":537},"end":{"line":8,"column":556}},"16":{"start":{"line":10,"column":17},"end":{"line":10,"column":37}},"17":{"start":{"line":12,"column":18},"end":{"line":12,"column":52}},"18":{"start":{"line":14,"column":39},"end":{"line":14,"column":93}},"19":{"start":{"line":16,"column":50},"end":{"line":16,"column":151}},"20":{"start":{"line":16,"column":92},"end":{"line":16,"column":149}},"21":{"start":{"line":18,"column":13},"end":{"line":95,"column":3}},"22":{"start":{"line":20,"column":4},"end":{"line":20,"column":34}},"23":{"start":{"line":22,"column":4},"end":{"line":22,"column":23}},"24":{"start":{"line":23,"column":4},"end":{"line":23,"column":28}},"25":{"start":{"line":24,"column":4},"end":{"line":24,"column":22}},"26":{"start":{"line":27,"column":2},"end":{"line":92,"column":6}},"27":{"start":{"line":30,"column":6},"end":{"line":30,"column":36}},"28":{"start":{"line":31,"column":6},"end":{"line":31,"column":45}},"29":{"start":{"line":32,"column":6},"end":{"line":32,"column":44}},"30":{"start":{"line":33,"column":6},"end":{"line":33,"column":42}},"31":{"start":{"line":34,"column":6},"end":{"line":34,"column":36}},"32":{"start":{"line":35,"column":6},"end":{"line":35,"column":38}},"33":{"start":{"line":36,"column":6},"end":{"line":36,"column":48}},"34":{"start":{"line":37,"column":6},"end":{"line":37,"column":40}},"35":{"start":{"line":38,"column":6},"end":{"line":38,"column":42}},"36":{"start":{"line":39,"column":6},"end":{"line":39,"column":21}},"37":{"start":{"line":44,"column":6},"end":{"line":44,"column":19}},"38":{"start":{"line":49,"column":6},"end":{"line":52,"column":7}},"39":{"start":{"line":50,"column":8},"end":{"line":50,"column":66}},"40":{"start":{"line":51,"column":8},"end":{"line":51,"column":26}},"41":{"start":{"line":53,"column":6},"end":{"line":56,"column":7}},"42":{"start":{"line":54,"column":8},"end":{"line":54,"column":95}},"43":{"start":{"line":55,"column":8},"end":{"line":55,"column":26}},"44":{"start":{"line":57,"column":6},"end":{"line":60,"column":7}},"45":{"start":{"line":58,"column":8},"end":{"line":58,"column":68}},"46":{"start":{"line":59,"column":8},"end":{"line":59,"column":26}},"47":{"start":{"line":61,"column":6},"end":{"line":64,"column":7}},"48":{"start":{"line":62,"column":8},"end":{"line":62,"column":68}},"49":{"start":{"line":63,"column":8},"end":{"line":63,"column":26}},"50":{"start":{"line":69,"column":6},"end":{"line":69,"column":25}},"51":{"start":{"line":74,"column":6},"end":{"line":74,"column":33}},"52":{"start":{"line":74,"column":23},"end":{"line":74,"column":33}},"53":{"start":{"line":75,"column":6},"end":{"line":75,"column":32}},"54":{"start":{"line":80,"column":6},"end":{"line":90,"column":8}},"55":{"start":{"line":94,"column":2},"end":{"line":94,"column":16}},"56":{"start":{"line":97,"column":0},"end":{"line":97,"column":25}}},"fnMap":{"0":{"name":"(anonymous_0)","decl":{"start":{"line":8,"column":19},"end":{"line":8,"column":20}},"loc":{"start":{"line":8,"column":31},"end":{"line":8,"column":561}},"line":8},"1":{"name":"defineProperties","decl":{"start":{"line":8,"column":42},"end":{"line":8,"column":58}},"loc":{"start":{"line":8,"column":74},"end":{"line":8,"column":349}},"line":8},"2":{"name":"(anonymous_2)","decl":{"start":{"line":8,"column":357},"end":{"line":8,"column":358}},"loc":{"start":{"line":8,"column":405},"end":{"line":8,"column":558}},"line":8},"3":{"name":"_interopRequireDefault","decl":{"start":{"line":14,"column":9},"end":{"line":14,"column":31}},"loc":{"start":{"line":14,"column":37},"end":{"line":14,"column":95}},"line":14},"4":{"name":"_classCallCheck","decl":{"start":{"line":16,"column":9},"end":{"line":16,"column":24}},"loc":{"start":{"line":16,"column":48},"end":{"line":16,"column":153}},"line":16},"5":{"name":"(anonymous_5)","decl":{"start":{"line":18,"column":13},"end":{"line":18,"column":14}},"loc":{"start":{"line":18,"column":25},"end":{"line":95,"column":1}},"line":18},"6":{"name":"Center","decl":{"start":{"line":19,"column":11},"end":{"line":19,"column":17}},"loc":{"start":{"line":19,"column":26},"end":{"line":25,"column":3}},"line":19},"7":{"name":"load","decl":{"start":{"line":29,"column":20},"end":{"line":29,"column":24}},"loc":{"start":{"line":29,"column":33},"end":{"line":40,"column":5}},"line":29},"8":{"name":"setId","decl":{"start":{"line":43,"column":20},"end":{"line":43,"column":25}},"loc":{"start":{"line":43,"column":30},"end":{"line":45,"column":5}},"line":43},"9":{"name":"validate","decl":{"start":{"line":48,"column":20},"end":{"line":48,"column":28}},"loc":{"start":{"line":48,"column":31},"end":{"line":65,"column":5}},"line":48},"10":{"name":"safe","decl":{"start":{"line":68,"column":20},"end":{"line":68,"column":24}},"loc":{"start":{"line":68,"column":27},"end":{"line":70,"column":5}},"line":68},"11":{"name":"getErrors","decl":{"start":{"line":73,"column":20},"end":{"line":73,"column":29}},"loc":{"start":{"line":73,"column":32},"end":{"line":76,"column":5}},"line":73},"12":{"name":"toJSON","decl":{"start":{"line":79,"column":20},"end":{"line":79,"column":26}},"loc":{"start":{"line":79,"column":29},"end":{"line":91,"column":5}},"line":79}},"branchMap":{"0":{"loc":{"start":{"line":8,"column":168},"end":{"line":8,"column":198}},"type":"binary-expr","locations":[{"start":{"line":8,"column":168},"end":{"line":8,"column":189}},{"start":{"line":8,"column":193},"end":{"line":8,"column":198}}],"line":8},"1":{"loc":{"start":{"line":8,"column":232},"end":{"line":8,"column":286}},"type":"if","locations":[{"start":{"line":8,"column":232},"end":{"line":8,"column":286}},{"start":{"line":8,"column":232},"end":{"line":8,"column":286}}],"line":8},"2":{"loc":{"start":{"line":8,"column":407},"end":{"line":8,"column":475}},"type":"if","locations":[{"start":{"line":8,"column":407},"end":{"line":8,"column":475}},{"start":{"line":8,"column":407},"end":{"line":8,"column":475}}],"line":8},"3":{"loc":{"start":{"line":8,"column":476},"end":{"line":8,"column":536}},"type":"if","locations":[{"start":{"line":8,"column":476},"end":{"line":8,"column":536}},{"start":{"line":8,"column":476},"end":{"line":8,"column":536}}],"line":8},"4":{"loc":{"start":{"line":14,"column":46},"end":{"line":14,"column":92}},"type":"cond-expr","locations":[{"start":{"line":14,"column":70},"end":{"line":14,"column":73}},{"start":{"line":14,"column":76},"end":{"line":14,"column":92}}],"line":14},"5":{"loc":{"start":{"line":14,"column":46},"end":{"line":14,"column":67}},"type":"binary-expr","locations":[{"start":{"line":14,"column":46},"end":{"line":14,"column":49}},{"start":{"line":14,"column":53},"end":{"line":14,"column":67}}],"line":14},"6":{"loc":{"start":{"line":16,"column":50},"end":{"line":16,"column":151}},"type":"if","locations":[{"start":{"line":16,"column":50},"end":{"line":16,"column":151}},{"start":{"line":16,"column":50},"end":{"line":16,"column":151}}],"line":16},"7":{"loc":{"start":{"line":30,"column":18},"end":{"line":30,"column":35}},"type":"binary-expr","locations":[{"start":{"line":30,"column":18},"end":{"line":30,"column":29}},{"start":{"line":30,"column":33},"end":{"line":30,"column":35}}],"line":30},"8":{"loc":{"start":{"line":31,"column":22},"end":{"line":31,"column":44}},"type":"binary-expr","locations":[{"start":{"line":31,"column":22},"end":{"line":31,"column":37}},{"start":{"line":31,"column":41},"end":{"line":31,"column":44}}],"line":31},"9":{"loc":{"start":{"line":32,"column":22},"end":{"line":32,"column":43}},"type":"binary-expr","locations":[{"start":{"line":32,"column":22},"end":{"line":32,"column":37}},{"start":{"line":32,"column":41},"end":{"line":32,"column":43}}],"line":32},"10":{"loc":{"start
[...]
"54":1,"55":1,"56":1,"57":1,"58":1,"59":1,"60":1,"61":1,"62":1,"63":1,"64":1,"65":1,"66":1,"67":1,"68":1,"69":1,"70":1,"71":1,"72":1,"73":1,"74":1,"75":1,"76":1,"77":1,"78":1,"79":1,"80":1,"81":1,"82":1,"83":1,"84":1,"85":1,"86":1,"87":1},"f":{"0":4,"1":1,"2":1,"3":1,"4":1,"5":1,"6":1,"7":1,"8":1,"9":1,"10":1,"11":1,"12":1,"13":1,"14":1,"15":1,"16":1,"17":1,"18":1,"19":1},"b":{"0":[0,4],"1":[4,4]},"_coverageSchema":"332fd63041d2c1bcb487cc26dd0d5f7d97098a6c","hash":"77b34c083df22e7c502610e0b0d534719b73f0ab","contentHash":"786fce63727d23251af4a600731da051_11.3.0"},"C:\\Users\\T-naike\\Desktop\\MrTaiwo\\eventmanager\\server\\v1\\test\\event\\create-event.spec.js":{"path":"C:\\Users\\T-naike\\Desktop\\MrTaiwo\\eventmanager\\server\\v1\\test\\event\\create-event.spec.js","statementMap":{"0":{"start":{"line":3,"column":12},"end":{"line":3,"column":27}},"1":{"start":{"line":5,"column":13},"end":{"line":5,"column":42}},"2":{"start":{"line":7,"column":16},"end":{"line":7,"column":36}},"3":{"start":{"line":9,"column":17},"end":{"line":9,"column":50}},"4":{"start":{"line":11,"column":13},"end":{"line":11,"column":38}},"5":{"start":{"line":13,"column":14},"end":{"line":13,"column":44}},"6":{"start":{"line":15,"column":14},"end":{"line":15,"column":43}},"7":{"start":{"line":17,"column":15},"end":{"line":17,"column":46}},"8":{"start":{"line":19,"column":39},"end":{"line":19,"column":93}},"9":{"start":{"line":21,"column":13},"end":{"line":21,"column":34}},"10":{"start":{"line":24,"column":0},"end":{"line":24,"column":39}},"11":{"start":{"line":26,"column":0},"end":{"line":84,"column":3}},"12":{"start":{"line":27,"column":1},"end":{"line":34,"column":4}},"13":{"start":{"line":28,"column":2},"end":{"line":33,"column":5}},"14":{"start":{"line":29,"column":3},"end":{"line":29,"column":35}},"15":{"start":{"line":30,"column":3},"end":{"line":30,"column":26}},"16":{"start":{"line":31,"column":3},"end":{"line":31,"column":69}},"17":{"start":{"line":32,"column":3},"end":{"line":32,"column":10}},"18":{"start":{"line":36,"column":1},"end":{"line":43,"column":4}},"19":{"start":{"line":37,"column":2},"end":{"line":42,"column":5}},"20":{"start":{"line":38,"column":3},"end":{"line":38,"column":35}},"21":{"start":{"line":39,"column":3},"end":{"line":39,"column":26}},"22":{"start":{"line":40,"column":3},"end":{"line":40,"column":41}},"23":{"start":{"line":41,"column":3},"end":{"line":41,"column":10}},"24":{"start":{"line":45,"column":1},"end":{"line":53,"column":4}},"25":{"start":{"line":46,"column":2},"end":{"line":52,"column":5}},"26":{"start":{"line":47,"column":3},"end":{"line":47,"column":35}},"27":{"start":{"line":48,"column":3},"end":{"line":48,"column":26}},"28":{"start":{"line":49,"column":3},"end":{"line":49,"column":68}},"29":{"start":{"line":50,"column":3},"end":{"line":50,"column":75}},"30":{"start":{"line":51,"column":3},"end":{"line":51,"column":10}},"31":{"start":{"line":55,"column":1},"end":{"line":63,"column":4}},"32":{"start":{"line":56,"column":2},"end":{"line":62,"column":5}},"33":{"start":{"line":57,"column":3},"end":{"line":57,"column":35}},"34":{"start":{"line":58,"column":3},"end":{"line":58,"column":26}},"35":{"start":{"line":59,"column":3},"end":{"line":59,"column":68}},"36":{"start":{"line":60,"column":3},"end":{"line":60,"column":76}},"37":{"start":{"line":61,"column":3},"end":{"line":61,"column":10}},"38":{"start":{"line":65,"column":1},"end":{"line":73,"column":4}},"39":{"start":{"line":66,"column":2},"end":{"line":72,"column":5}},"40":{"start":{"line":67,"column":3},"end":{"line":67,"column":35}},"41":{"start":{"line":68,"column":3},"end":{"line":68,"column":26}},"42":{"start":{"line":69,"column":3},"end":{"line":69,"column":68}},"43":{"start":{"line":70,"column":3},"end":{"line":70,"column":77}},"44":{"start":{"line":71,"column":3},"end":{"line":71,"column":10}},"45":{"start":{"line":75,"column":1},"end":{"line":83,"column":4}},"46":{"start":{"line":76,"column":2},"end":{"line":82,"column":5}},"47":{"start":{"line":77,"column":3},"end":{"line":77,"column":35}},"48":{"start":{"line":78,"column":3},"end":{"line":78,"column":26}},"49":{"start":{"line":79,"column":3},"end":{"line":79,"column":68}},"50":{"start":{"line":80,"column":3},"end":{"line":80,"column":80}},"51":{"start":{"line":81,"column":3},"end":{"line":81,"column":10}}},"fnMap":{"0":{"name":"_interopRequireDefault","decl":{"start":{"line":19,"column":9},"end":{"line":19,"column":31}},"loc":{"start":{"line":19,"column":37},"end":{"line":19,"column":95}},"line":19},"1":{"name":"(anonymous_1)","decl":{"start":{"line":26,"column":25},"end":{"line":26,"column":26}},"loc":{"start":{"line":26,"column":37},"end":{"line":84,"column":1}},"line":26},"2":{"name":"(anonymous_2)","decl":{"start":{"line":27,"column":27},"end":{"line":27,"column":28}},"loc":{"start":{"line":27,"column":43},"end":{"line":34,"column":2}},"line":27},"3":{"name":"(anonymous_3)","decl":{"start":{"line":28,"column":96},"end":{"line":28,"column":97}},"loc":{"start":{"line":28,"column":116},"end":{"line":33,"column":3}},"line":28},"4":{"name":"(anonymous_4)","decl":{"start":{"line":36,"column":37},"end":{"line":36,"column":38}},"loc":{"start":{"line":36,"column":53},"end":{"line":43,"column":2}},"line":36},"5":{"name":"(anonymous_5)","decl":{"start":{"line":37,"column":64},"end":{"line":37,"column":65}},"loc":{"start":{"line":37,"column":84},"end":{"line":42,"column":3}},"line":37},"6":{"name":"(anonymous_6)","decl":{"start":{"line":45,"column":44},"end":{"line":45,"column":45}},"loc":{"start":{"line":45,"column":60},"end":{"line":53,"column":2}},"line":45},"7":{"name":"(anonymous_7)","decl":{"start":{"line":46,"column":102},"end":{"line":46,"column":103}},"loc":{"start":{"line":46,"column":122},"end":{"line":52,"column":3}},"line":46},"8":{"name":"(anonymous_8)","decl":{"start":{"line":55,"column":56},"end":{"line":55,"column":57}},"loc":{"start":{"line":55,"column":72},"end":{"line":63,"column":2}},"line":55},"9":{"name":"(anonymous_9)","decl":{"start":{"line":56,"column":98},"end":{"line":56,"column":99}},"loc":{"start":{"line":56,"column":118},"end":{"line":62,"column":3}},"line":56},"10":{"name":"(anonymous_10)","decl":{"start":{"line":65,"column":57},"end":{"line":65,"column":58}},"loc":{"start":{"line":65,"column":73},"end":{"line":73,"column":2}},"line":65},"11":{"name":"(anonymous_11)","decl":{"start":{"line":66,"column":99},"end":{"line":66,"column":100}},"loc":{"start":{"line":66,"column":119},"end":{"line":72,"column":3}},"line":66},"12":{"name":"(anonymous_12)","decl":{"start":{"line":75,"column":58},"end":{"line":75,"column":59}},"loc":{"start":{"line":75,"column":74},"end":{"line":83,"column":2}},"line":75},"13":{"name":"(anonymous_13)","decl":{"start":{"line":76,"column":102},"end":{"line":76,"column":103}},"loc":{"start":{"line":76,"column":122},"end":{"line":82,"column":3}},"line":76}},"branchMap":{"0":{"loc":{"start":{"line":19,"column":46},"end":{"line":19,"column":92}},"type":"cond-expr","locations":[{"start":{"line":19,"column":70},"end":{"line":19,"column":73}},{"start":{"line":19,"column":76},"end":{"line":19,"column":92}}],"line":19},"1":{"loc":{"start":{"line":19,"column":46},"end":{"line":19,"column":67}},"type":"binary-expr","locations":[{"start":{"line":19,"column":46},"end":{"line":19,"column":49}},{"start":{"line":19,"column":53},"end":{"line":19,"column":67}}],"line":19}},"s":{"0":1,"1":1,"2":1,"3":1,"4":1,"5":1,"6":1,"7":1,"8":4,"9":1,"10":1,"11":1,"12":1,"13":1,"14":1,"15":1,"16":1,"17":1,"18":1,"19":1,"20":1,"21":1,"22":1,"23":1,"24":1,"25":1,"26":1,"27":1,"28":1,"29":1,"30":1,"31":1,"32":1,"33":1,"34":1,"35":1,"36":1,"37":1,"38":1,"39":1,"40":1,"41":1,"42":1,"43":1,"44":1,"45":1,"46":1,"47":1,"48":1,"49":1,"50":1,"51":1},"f":{"0":4,"1":1,"2":1,"3":1,"4":1,"5":1,"6":1,"7":1,"8":1,"9":1,"10":1,"11":1,"12":1,"13":1},"b":{"0":[0,4],"1":[4,4]},"_coverageSchema":"332fd63041d2c1bcb487cc26dd0d5f7d97098a6c","hash":"8c94e10c136f5f426bd98e7c570e38e0c9056a7e","contentHash":"af02cfaa95e475d8cc725221d9d81a76_11.3.0"},"C:\\Users\\T-naike\\Desktop\\MrTaiwo\\eventmanager\\server\\v1\\test\\fixtures\\events.js":{"path":"C:\\Users\\T-naike\\Desktop\\MrTaiwo\\eventmanager\\server\\v1\\test\\fixtures\\events.js","statementMap":{"0":{"start":{"line":3,"column":0},"end":{"line":76,"column":2}}},"fnMap":{},"branchMap":{},"s":{"0":1},"f":{},"b":{},"_coverageSchema":"332fd63041d2c1bcb487cc26dd0d5f7d97098a6c","hash":"5228949d08a0d5c94a4aeb8ee221122831521450","contentHash":"c063f647180fe088166cdeb6143517a6_11.3.0"},"C:\\Users\\T-naike\\Desktop\\MrTaiwo\\eventmanager\\server\\v1\\test\\event\\edit-event.spec.js":{"path":"C:\\Users\\T-naike\\Desktop\\MrTaiwo\\eventmanager\\server\\v1\\test\\event\\edit-event.spec.js","statementMap":{"0":{"start":{"line":3,"column":12},"end":{"line":3,"column":27}},"1":{"start":{"line":5,"column":13},"end":{"line":5,"column":42}},"2":{"start":{"line":7,"column":16},"end":{"line":7,"column":36}},"3":{"start":{"line":9,"column":17},"end":{"line":9,"column":50}},"4":{"start":{"line":11,"column":13},"end":{"line":11,"column":38}},"5":{"start":{"line":13,"column":14},"end":{"line":13,"column":44}},"6":{"start":{"line":15,"column":14},"end":{"line":15,"column":43}},"7":{"start":{"line":17,"column":15},"end":{"line":17,"column":46}},"8":{"start":{"line":19,"column":39},"end":{"line":19,"column":93}},"9":{"start":{"line":21,"column":13},"end":{"line":21,"column":34}},"10":{"start":{"line":22,"column":0},"end":{"line":22,"column":39}},"11":{"start":{"line":24,"column":0},"end":{"line":130,"column":3}},"12":{"start":{"line":25,"column":2},"end":{"line":34,"column":5}},"13":{"start":{"line":26,"column":19},"end":{"line":26,"column":46}},"14":{"start":{"line":27,"column":4},"end":{"line":27,"column":32}},"15":{"start":{"line":28,"column":4},"end":{"line":33,"column":7}},"16":{"start":{"line":29,"column":6},"end":{"line":29,"column":38}},"17":{"start":{"line":30,"column":6},"end":{"line":30,"column":29}},"18":{"start":{"line":31,"column":6},"end":{"line":31,"column":72}},"19":{"start":{"line":32,"column":6},"end":{"line":32,"column":13}},"20":{"start":{"line":36,"column":2},"end":{"line":58,"column":5}},"21":{"start":{"line":37,"column":19},"end":{"line":37,"column":46}},"22":{"start":{"line":38,"column":4},"end":{"line":38,"column":32}},"23":{"start":{"line":39,"column":4},"end":{"line":39,"column":37}},"24":{"start":{"line":40,"column":4},"end":{"line":40,"column":35}},"25":{"start":{"line":41,"column":4},"end":{"line":41,"column":27}},"26":{"start":{"line":42,"column":4},"end":{"line":42,"column":23}},"27":{"start":{"line":43,"column":4},"end":{"line":43,"column":24}},"28":{"start":{"line":45,"column":4},"end":{"line":57,"column":7}},"29":{"start":{"line":46,"column":6},"end":{"line":46,"column":38}},"30":{"start":{"line":47,"column":6},"end":{"line":47,"column":29}},"31":{"start":{"line":48,"column":6},"end":{"line":48,"column":72}},"32":{"start":{"line":49,"column":6},"end":{"line":49,"column":95}},"33":{"start":{"line":50,"column":6},"end":{"line":50,"column":105}},"34":{"start":{"line":51,"column":6},"end":{"line":51,"column":110}},"35":{"start":{"line":52,"column":6},"end":{"line":52,"column":108}},"36":{"start":{"line":53,"column":6},"end":{"line":53,"column":100}},"37":{"start":{"line":54,"column":6},"end":{"line":54,"column":96}},"38":{"start":{"line":55,"column":6},"end":{"line":55,"column":97}},"39":{"start":{"line":56,"column":6},"end":{"line":56,"column":13}},"40":{"start":{"line":60,"column":2},"end":{"line":68,"column":5}},"41":{"start":{"line":61,"column":4},"end":{"line":67,"column":7}},"42":{"start":{"line":62,"column":6},"end":{"line":62,"column":38}},"43":{"start":{"line":63,"column":6},"end":{"line":63,"column":29}},"44":{"start":{"line":64,"column":6},"end":{"line":64,"column":58}},"45":{"start":{"line":65,"column":6},"end":{"line":65,"column":54}},"46":{"start":{"line":66,"column":6},"end":{"line":66,"column":13}},"47":{"start":{"line":70,"column":2},"end":{"line":79,"column":5}},"48":{"start":{"line":71,"column":19},"end":{"line":71,"column":46}},"49":{"start":{"line":72,"column":4},"end":{"line":72,"column":39}},"50":{"start":{"line":73,"column":4},"end":{"line":78,"column":7}},"51":{"start":{"line":74,"column":6},"end":{"line":74,"column":38}},"52":{"start":{"line":75,"column":6},"end":{"line":75,"column":29}},"53":{"start":{"line":76,"column":6},"end":{"line":76,"column":71}},"54":{"start":{"line":77,"column":6},"end":{"line":77,"column":13}},"55":{"start":{"line":81,"column":2},"end":{"line":88,"column":5}},"56":{"start":{"line":82,"column":4},"end":{"line":87,"column":7}},"57":{"start":{"line":83,"column":6},"end":{"line":83,"column":38}},"58":{"start":{"line":84,"column":6},"end":{"line":84,"column":66}},"59":{"start":{"line":85,"column":6},"end":{"line":85,"column":78}},"60":{"start":{"line":86,"column":6},"end":{"line":86,"column":13}},"61":{"start":{"line":90,"column":2},"end":{"line":99,"column":5}},"62":{"start":{"line":91,"column":19},"end":{"line":91,"column":46}},"63":{"start":{"line":92,"column":4},"end":{"line":92,"column":28}},"64":{"start":{"line":93,"column":4},"end":{"line":98,"column":7}},"65":{"start":{"line":94,"column":6},"end":{"line":94,"column":38}},"66":{"start":{"line":95,"column":6},"end":{"line":95,"column":66}},"67":{"start":{"line":96,"column":6},"end":{"line":96,"column":83}},"68":{"start":{"line":97,"column":6},"end":{"line":97,"column":13}},"69":{"start":{"line":101,"column":2},"end":{"line":110,"column":5}},"70":{"start":{"line":102,"column":19},"end":{"line":102,"column":46}},"71":{"start":{"line":103,"column":4},"end":{"line":103,"column":26}},"72":{"start":{"line":104,"column":4},"end":{"line":109,"column":7}},"73":{"start":{"line":105,"column":6},"end":{"line":105,"column":38}},"74":{"start":{"line":106,"column":6},"end":{"line":106,"column":66}},"75":{"start":{"line":107,"column":6},"end":{"line":107,"column":81}},"76":{"start":{"line":108,"column":6},"end":{"line":108,"column":13}},"77":{"start":{"line":112,"column":2},"end":{"line":119,"column":5}},"78":{"start":{"line":113,"column":4},"end":{"line":118,"column":7}},"79":{"start":{"line":114,"column":6},"end":{"line":114,"column":38}},"80":{"start":{"line":115,"column":6},"end":{"line":115,"column":66}},"81":{"start":{"line":116,"column":6},"end":{"line":116,"column":83}},"82":{"start":{"line":117,"column":6},"end":{"line":117,"column":13}},"83":{"start":{"line":121,"column":2},"end":{"line":129,"column":5}},"84":{"start":{"line":122,"column":4},"end":{"line":128,"column":7}},"85":{"start":{"line":123,"column":6},"end":{"line":123,"column":38}},"86":{"start":{"line":124,"column":6},"end":{"line":124,"column":66}},"87":{"start":{"line":125,"column":6},"end":{"line":125,"column":83}},"88":{"start":{"line":126,"column":6},"end":{"line":126,"column":81}},"89":{"start":{"line":127,"column":6},"end":{"line":127,"column":13}}},"fnMap":{"0":{"name":"_interopRequireDefault","decl":{"start":{"line":19,"column":9},"end":{"line":19,"column":31}},"loc":{"start":{"line":19,"column":37},"end":{"line":19,"column":95}},"line":19},"1":{"name":"(anonymous_1)","decl":{"start":{"line":24,"column":24},"end":{"line":24,"column":25}},"loc":{"start":{"line":24,"column":36},"end":{"line":130,"column":1}},"line":24},"2":{"name":"(anonymous_2)","decl":{"start":{"line":25,"column":33},"end":{"line":25,"column":34}},"loc":{"start":{"line":25,"column":49},"end":{"line":34,"column":3}},"line":25},"3":{"name":"(anonymous_3)","decl":{"start":{"line":28,"column":80},"end":{"line":28,"column":81}},"loc":{"start":{"line":28,"column":100},"end":{"line":33,"column":5}},"line":28},"4":{"name":"(anonymous_4)","decl":{"start":{"line":36,"column":41},"end":{"line":36,"column":42}},"loc":{"start":{"line":36,"column":57},"end":{"line":58,"column":3}},"line":36},"5":{"name":"(anonymous_5)","decl":{"start":{"line":45,"column":80},"end":{"line":45,"column":81}},"loc":{"start":{"line":45,"column":100},"end":{"line":57,"column":5}},"line":45},"6":{"name":"(anonymous_6)","decl":{"start":{"line":60,"column":70},"end":{"line":60,"column":71}},"loc":{"start":{"line":60,"column":86},"end":{"line":68,"column":3}},"line":60},"7":{"name":"(anonymous_7)","decl":{"start":{"line":61,"column":65},"end":{"line":61,"column":66}},"loc":{"start":{"line":61,"column":85},"end":{"line":67,"column":5}},"line":61},"8":{"name":"(anonymous_8)","decl":{"start":{"line":70,"column":51},"end":{"line":70,"column":52}},"loc":{"start":{"line":70,"column":67},"end":{"line":79,"column":3}},"line":70},"9":{"name":"(anonymous_9)","decl":{"start":{"line":73,"column":80},"end":{"line":73,"column":81}},"loc":{"start":{"line":73,"column":100},"end":{"line":78,"column":5}},"line":73},"10":{"name":"(anonymous_10)","decl":{"start":{"line":81,"column":41},"end":{"line":81,"column":42}},"loc":{"start":{"line":81,"column":57},"end":{"line":88,"column":3}},"line":81},"11":{"name":"(anonymous_11)","decl":{"start":{"line":82,"column":105},"end":{"line":82,"column":106}},"loc":{"start":{"line":82,"column":125},"end":{"line":87,"column":5}},"line":82},"12":{"name":"(anonymous_12)","decl":{"start":{"line":90,"column":41},"end":{"line":90,"column":42}},"loc":{"start":{"line":90,"column":57},"end":{"line":99,"column":3}},"line":90},"13":{"name":"(anonymous_13)","decl":{"start":{"line":93,"column":80},"end":{"line":93,"column":81}},"loc":{"start":{"line":93,"column":100},"end":{"line":98,"column":5}},"line":93},"14":{"name":"(anonymous_14)","decl":{"start":{"line":101,"column":46},"end":{"line":101,"column":47}},"loc":{"start":{"line":101,"column":62},"end":{"line":110,"column":3}},"line":101},"15":{"name":"(anonymous_15)","decl":{"start":{"line":104,"column":80},"end":{"line":104,"column":81}},"loc":{"start":{"line":104,"column":100},"end":{"line":109,"column":5}},"line":104},"16":{"name":"(anonymous_16)","decl":{"start":{"line":112,"column":67},"end":{"line":112,"column":68}},"loc":{"start":{"line":112,"column":83},"end":{"line":119,"column":3}},"line":112},"17":{"name":"(anonymous_17)","decl":{"start":{"line":113,"column":105},"end":{"line":113,"column":106}},"loc":{"start":{"line":113,"column":125},"end":{"line":118,"column":5}},"line":113},"18":{"name":"(anonymous_18)","decl":{"start":{"line":121,"column":51},"end":{"line":121,"column":52}},"loc":{"start":{"line":121,"column":67},"end":{"line":129,"column":3}},"line":121},"19":{"name":"(anonymous_19)","decl":{"start":{"line":122,"column":106},"end":{"line":122,"column":107}},"loc":{"start":{"line":122,"column":126},"end":{"line":128,"column":5}},"line":122}},"branchMap":{"0":{"loc":{"start":{"line":19,"column":46},"end":{"line":19,"column":92}},"type":"cond-expr","locations":[{"start":{"line":19,"column":70},"end":{"line":19,"column":73}},{"start":{"line":19,"column":76},"end":{"line":19,"column":92}}],"line":19},"1":{"loc":{"start":{"line":19,"column":46},"end":{"line":19,"column":67}},"type":"binary-expr","locations":[{"start":{"line":19,"column":46},"end":{"line":19,"column":49}},{"start":{"line":19,"column":53},"end":{"line":19,"column":67}}],"line":19}},"s":{"0":1,"1":1,"2":1,"3":1,"4":1,"5":1,"6":1,"7":1,"8":4,"9":1,"10":1,"11":1,"12":1,"13":1,"14":1,"15":1,"16":1,"17":1,"18":1,"19":1,"20":1,"21":1,"22":1,"23":1,"24":1,"25":1,"26":1,"27":1,"28":1,"29":1,"30":1,"31":1,"32":1,"33":1,"34":1,"35":1,"36":1,"37":1,"38":1,"39":1,"40":1,"41":1,"42":1,"43":1,"44":1,"45":1,"46":1,"47":1,"48":1,"49":1,"50":1,"51":1,"52":1,"53":1,"54":1,"55":1,"56":1,"57":1,"58":1,"59":1,"60":1,"61":1,"62":1,"63":1,"64":1,"65":1,"66":1,"67":1,"68":1,"69":1,"70":1,"71":1,"72":1,"73":1,"74":1,"75":1,"76":1,"77":1,"78":1,"79":1,"80":1,"81":1,"82":1,"83":1,"84":1,"85":1,"86":1,"87":1,"88":1,"89":1},"f":{"0":4,"1":1,"2":1,"3":1,"4":1,"5":1,"6":1,"7":1,"8":1,"9":1,"10":1,"11":1,"12":1,"13":1,"14":1,"15":1,"16":1,"17":1,"18":1,"19":1},"b":{"0":[0,4],"1":[4,4]},"_coverageSchema":"332fd63041d2c1bcb487cc26dd0d5f7d97098a6c","hash":"d171bc8bcbdcd9ca5d1eed5d95ea16cbafb60612","contentHash":"1e317814d590ab669a4716ea66558a6f_11.3.0"}}