{"C:\\Users\\T-naike\\Desktop\\MrTaiwo\\eventmanager\\server\\v2\\test\\center.spec.js":{"path":"C:\\Users\\T-naike\\Desktop\\MrTaiwo\\eventmanager\\server\\v2\\test\\center.spec.js","statementMap":{"0":{"start":{"line":3,"column":17},"end":{"line":3,"column":37}},"1":{"start":{"line":5,"column":18},"end":{"line":5,"column":52}},"2":{"start":{"line":7,"column":12},"end":{"line":7,"column":27}},"3":{"start":{"line":9,"column":13},"end":{"line":9,"column":42}},"4":{"start":{"line":11,"column":16},"end":{"line":11,"column":36}},"5":{"start":{"line":13,"column":17},"end":{"line":13,"column":50}},"6":{"start":{"line":15,"column":13},"end":{"line":15,"column":35}},"7":{"start":{"line":17,"column":14},"end":{"line":17,"column":44}},"8":{"start":{"line":19,"column":13},"end":{"line":19,"column":40}},"9":{"start":{"line":21,"column":14},"end":{"line":21,"column":44}},"10":{"start":{"line":23,"column":15},"end":{"line":23,"column":44}},"11":{"start":{"line":25,"column":16},"end":{"line":25,"column":48}},"12":{"start":{"line":27,"column":14},"end":{"line":27,"column":34}},"13":{"start":{"line":29,"column":15},"end":{"line":29,"column":46}},"14":{"start":{"line":31,"column":39},"end":{"line":31,"column":93}},"15":{"start":{"line":33,"column":13},"end":{"line":33,"column":34}},"16":{"start":{"line":34,"column":0},"end":{"line":34,"column":39}},"17":{"start":{"line":36,"column":17},"end":{"line":36,"column":21}},"18":{"start":{"line":37,"column":16},"end":{"line":37,"column":20}},"19":{"start":{"line":38,"column":15},"end":{"line":38,"column":19}},"20":{"start":{"line":40,"column":0},"end":{"line":72,"column":3}},"21":{"start":{"line":41,"column":2},"end":{"line":48,"column":5}},"22":{"start":{"line":42,"column":4},"end":{"line":42,"column":55}},"23":{"start":{"line":43,"column":4},"end":{"line":43,"column":57}},"24":{"start":{"line":44,"column":4},"end":{"line":47,"column":7}},"25":{"start":{"line":45,"column":6},"end":{"line":45,"column":38}},"26":{"start":{"line":46,"column":6},"end":{"line":46,"column":13}},"27":{"start":{"line":50,"column":2},"end":{"line":55,"column":5}},"28":{"start":{"line":51,"column":4},"end":{"line":54,"column":7}},"29":{"start":{"line":52,"column":6},"end":{"line":52,"column":38}},"30":{"start":{"line":53,"column":6},"end":{"line":53,"column":13}},"31":{"start":{"line":57,"column":2},"end":{"line":63,"column":5}},"32":{"start":{"line":58,"column":4},"end":{"line":62,"column":7}},"33":{"start":{"line":59,"column":6},"end":{"line":59,"column":34}},"34":{"start":{"line":60,"column":6},"end":{"line":60,"column":38}},"35":{"start":{"line":61,"column":6},"end":{"line":61,"column":13}},"36":{"start":{"line":65,"column":2},"end":{"line":71,"column":5}},"37":{"start":{"line":66,"column":4},"end":{"line":70,"column":7}},"38":{"start":{"line":67,"column":6},"end":{"line":67,"column":33}},"39":{"start":{"line":68,"column":6},"end":{"line":68,"column":38}},"40":{"start":{"line":69,"column":6},"end":{"line":69,"column":13}},"41":{"start":{"line":74,"column":0},"end":{"line":101,"column":3}},"42":{"start":{"line":75,"column":2},"end":{"line":83,"column":5}},"43":{"start":{"line":76,"column":4},"end":{"line":82,"column":7}},"44":{"start":{"line":77,"column":6},"end":{"line":77,"column":38}},"45":{"start":{"line":78,"column":6},"end":{"line":78,"column":29}},"46":{"start":{"line":79,"column":6},"end":{"line":79,"column":51}},"47":{"start":{"line":80,"column":6},"end":{"line":80,"column":29}},"48":{"start":{"line":81,"column":6},"end":{"line":81,"column":13}},"49":{"start":{"line":85,"column":2},"end":{"line":92,"column":5}},"50":{"start":{"line":86,"column":4},"end":{"line":91,"column":7}},"51":{"start":{"line":87,"column":6},"end":{"line":87,"column":38}},"52":{"start":{"line":88,"column":6},"end":{"line":88,"column":29}},"53":{"start":{"line":89,"column":6},"end":{"line":89,"column":85}},"54":{"start":{"line":90,"column":6},"end":{"line":90,"column":13}},"55":{"start":{"line":93,"column":2},"end":{"line":100,"column":5}},"56":{"start":{"line":94,"column":4},"end":{"line":99,"column":7}},"57":{"start":{"line":95,"column":6},"end":{"line":95,"column":38}},"58":{"start":{"line":96,"column":6},"end":{"line":96,"column":29}},"59":{"start":{"line":97,"column":6},"end":{"line":97,"column":88}},"60":{"start":{"line":98,"column":6},"end":{"line":98,"column":13}},"61":{"start":{"line":103,"column":0},"end":{"line":129,"column":3}},"62":{"start":{"line":104,"column":2},"end":{"line":111,"column":5}},"63":{"start":{"line":105,"column":4},"end":{"line":110,"column":7}},"64":{"start":{"line":107,"column":6},"end":{"line":107,"column":38}},"65":{"start":{"line":108,"column":6},"end":{"line":108,"column":29}},"66":{"start":{"line":109,"column":6},"end":{"line":109,"column":13}},"67":{"start":{"line":113,"column":2},"end":{"line":120,"column":5}},"68":{"start":{"line":114,"column":4},"end":{"line":119,"column":7}},"69":{"start":{"line":115,"column":6},"end":{"line":115,"column":38}},"70":{"start":{"line":116,"column":6},"end":{"line":116,"column":29}},"71":{"start":{"line":117,"column":6},"end":{"line":117,"column":85}},"72":{"start":{"line":118,"column":6},"end":{"line":118,"column":13}},"73":{"start":{"line":121,"column":2},"end":{"line":128,"column":5}},"74":{"start":{"line":122,"column":4},"end":{"line":127,"column":7}},"75":{"start":{"line":123,"column":6},"end":{"line":123,"column":38}},"76":{"start":{"line":124,"column":6},"end":{"line":124,"column":29}},"77":{"start":{"line":125,"column":6},"end":{"line":125,"column":88}},"78":{"start":{"line":126,"column":6},"end":{"line":126,"column":13}}},"fnMap":{"0":{"name":"_interopRequireDefault","decl":{"start":{"line":31,"column":9},"end":{"line":31,"column":31}},"loc":{"start":{"line":31,"column":37},"end":{"line":31,"column":95}},"line":31},"1":{"name":"(anonymous_1)","decl":{"start":{"line":40,"column":23},"end":{"line":40,"column":24}},"loc":{"start":{"line":40,"column":35},"end":{"line":72,"column":1}},"line":40},"2":{"name":"(anonymous_2)","decl":{"start":{"line":41,"column":31},"end":{"line":41,"column":32}},"loc":{"start":{"line":41,"column":47},"end":{"line":48,"column":3}},"line":41},"3":{"name":"(anonymous_3)","decl":{"start":{"line":44,"column":112},"end":{"line":44,"column":113}},"loc":{"start":{"line":44,"column":132},"end":{"line":47,"column":5}},"line":44},"4":{"name":"(anonymous_4)","decl":{"start":{"line":50,"column":31},"end":{"line":50,"column":32}},"loc":{"start":{"line":50,"column":47},"end":{"line":55,"column":3}},"line":50},"5":{"name":"(anonymous_5)","decl":{"start":{"line":51,"column":115},"end":{"line":51,"column":116}},"loc":{"start":{"line":51,"column":135},"end":{"line":54,"column":5}},"line":51},"6":{"name":"(anonymous_6)","decl":{"start":{"line":57,"column":32},"end":{"line":57,"column":33}},"loc":{"start":{"line":57,"column":48},"end":{"line":63,"column":3}},"line":57},"7":{"name":"(anonymous_7)","decl":{"start":{"line":58,"column":115},"end":{"line":58,"column":116}},"loc":{"start":{"line":58,"column":135},"end":{"line":62,"column":5}},"line":58},"8":{"name":"(anonymous_8)","decl":{"start":{"line":65,"column":26},"end":{"line":65,"column":27}},"loc":{"start":{"line":65,"column":42},"end":{"line":71,"column":3}},"line":65},"9":{"name":"(anonymous_9)","decl":{"start":{"line":66,"column":118},"end":{"line":66,"column":119}},"loc":{"start":{"line":66,"column":138},"end":{"line":70,"column":5}},"line":66},"10":{"name":"(anonymous_10)","decl":{"start":{"line":74,"column":26},"end":{"line":74,"column":27}},"loc":{"start":{"line":74,"column":38},"end":{"line":101,"column":1}},"line":74},"11":{"name":"(anonymous_11)","decl":{"start":{"line":75,"column":29},"end":{"line":75,"column":30}},"loc":{"start":{"line":75,"column":45},"end":{"line":83,"column":3}},"line":75},"12":{"name":"(anonymous_12)","decl":{"start":{"line":76,"column":145},"end":{"line":76,"column":146}},"loc":{"start":{"line":76,"column":165},"end":{"line":82,"column":5}},"line":76},"13":{"name":"(anonymous_13)","decl":{"start":{"line":85,"column":42},"end":{"line":85,"column":43}},"loc":{"start":{"line":85,"column":58},"end":{"line":92,"column":3}},"line":85},"14":{"name":"(anonymous_14)","decl":{"start":{"line":86,"column":144},"end":{"line":86,"column":145}},"loc":{"start":{"line":86,"column":164},"end":{"line":91,"column":5}},"line":86},"15":{"name":"(anonymous_15)","decl":{"start":{"line":93,"column":46},"end":{"line":93,"column":47}},"loc":{"start":{"line":93,"column":62},"end":{"line":100,"column":3}},"line":93},"16":{"name":"(anonymous_16)","decl":{"start":{"line":94,"column":111},"end":{"line":94,"column":112}},"loc":{"start":{"line":94,"column":131},"end":{"line":99,"column":5}},"line":94},"17":{"name":"(anonymous_17)","decl":{"start":{"line":103,"column":25},"end":{"line":103,"column":26}},"loc":{"start":{"line":103,"column":37},"end":{"line":129,"column":1}},"line":103},"18":{"name":"(anonymous_18)","decl":{"start":{"line":104,"column":29},"end":{"line":104,"column":30}},"loc":{"start":{"line":104,"column":45},"end":{"line":111,"column":3}},"line":104},"19":{"name":"(anonymous_19)","decl":{"start":{"line":105,"column":164},"end":{"line":105,"column":165}},"loc":{"start":{"line":105,"column":184},"end":{"line":110,"column":5}},"line":105},"20":{"name":"(anonymous_20)","decl":{"start":{"line":113,"column":41},"end":{"line":113,"column":42}},"loc":{"start":{"line":113,"column":57},"end":{"line":120,"column":3}},"line":113},"21":{"name":"(anonymous_21)","decl":{"start":{"line":114,"column":163},"end":{"line":114,"column":164}},"loc":{"start":{"line":114,"column":183},"end":{"line":119,"column":5}},"line":114},"22":{"name":"(anonymous_22)","decl":{"start":{"line":121,"column":46},"end":{"line":121,"column":47}},"loc":{"start":{"line":121,"column":62},"end":{"line":128,"column":3}},"line":121},"23":{"name":"(anonymous_23)","decl":{"start":{"line":122,"column":130},"end":{"line":122,"column":131}},"loc":{"start":{"line":122,"column":150},"end":{"line":127,"column":5}},"line":122}},"branchMap":{"0":{"loc":{"start":{"line":31,"column":46},"end":{"line":31,"column":92}},"type":"cond-expr","locations":[{"start":{"line":31,"column":70},"end":{"line":31,"column":73}},{"start":{"line":31,"column":76},"end":{"line":31,"column":92}}],"line":31},"1":{"loc":{"start":{"line":31,"column":46},"end":{"line":31,"column":67}},"type":"binary-expr","locations":[{"start":{"line":31,"column":46},"end":{"line":31,"column":49}},{"start":{"line":31,"column":53},"end":{"line":31,"column":67}}],"line":31}},"s":{"0":1,"1":1,"2":1,"3":1,"4":1,"5":1,"6":1,"7":1,"8":1,"9":1,"10":1,"11":1,"12":1,"13":1,"14":7,"15":1,"16":1,"17":1,"18":1,"19":1,"20":1,"21":1,"22":1,"23":1,"24":1,"25":1,"26":1,"27":1,"28":1,"29":1,"30":1,"31":1,"32":1,"33":1,"34":1,"35":1,"36":1,"37":1,"38":1,"39":1,"40":1,"41":1,"42":1,"43":1,"44":1,"45":1,"46":1,"47":1,"48":1,"49":1,"50":1,"51":1,"52":1,"53":1,"54":1,"55":1,"56":1,"57":1,"58":1,"59":1,"60":1,"61":1,"62":1,"63":1,"64":1,"65":1,"66":1,"67":1,"68":1,"69":1,"70":1,"71":1,"72":1,"73":1,"74":1,"75":1,"76":1,"77":1,"78":1},"f":{"0":7,"1":1,"2":1,"3":1,"4":1,"5":1,"6":1,"7":1,"8":1,"9":1,"10":1,"11":1,"12":1,"13":1,"14":1,"15":1,"16":1,"17":1,"18":1,"19":1,"20":1,"21":1,"22":1,"23":1},"b":{"0":[0,7],"1":[7,7]},"_coverageSchema":"332fd63041d2c1bcb487cc26dd0d5f7d97098a6c","hash":"e669f78b1d0b19a8a65439a6729ebb1ea3d12512","contentHash":"47ea2cebe6002774335cacee7e76068e_11.3.0"},"C:\\Users\\T-naike\\Desktop\\MrTaiwo\\eventmanager\\server\\index.js":{"path":"C:\\Users\\T-naike\\Desktop\\MrTaiwo\\eventmanager\\server\\index.js","statementMap":{"0":{"start":{"line":3,"column":15},"end":{"line":3,"column":33}},"1":{"start":{"line":5,"column":16},"end":{"line":5,"column":48}},"2":{"start":{"line":7,"column":18},"end":{"line":7,"column":40}},"3":{"start":{"line":9,"column":19},"end":{"line":9,"column":54}},"4":{"start":{"line":11,"column":11},"end":{"line":11,"column":38}},"5":{"start":{"line":13,"column":12},"end":{"line":13,"column":40}},"6":{"start":{"line":15,"column":12},"end":{"line":15,"column":27}},"7":{"start":{"line":17,"column":39},"end":{"line":17,"column":93}},"8":{"start":{"line":20,"column":10},"end":{"line":20,"column":34}},"9":{"start":{"line":21,"column":0},"end":{"line":21,"column":37}},"10":{"start":{"line":22,"column":0},"end":{"line":22,"column":62}},"11":{"start":{"line":25,"column":0},"end":{"line":25,"column":30}},"12":{"start":{"line":27,"column":0},"end":{"line":27,"column":28}},"13":{"start":{"line":28,"column":0},"end":{"line":40,"column":3}},"14":{"start":{"line":29,"column":2},"end":{"line":38,"column":3}},"15":{"start":{"line":30,"column":17},"end":{"line":30,"column":54}},"16":{"start":{"line":31,"column":14},"end":{"line":31,"column":16}},"17":{"start":{"line":32,"column":4},"end":{"line":36,"column":7}},"18":{"start":{"line":33,"column":24},"end":{"line":33,"column":41}},"19":{"start":{"line":34,"column":6},"end":{"line":34,"column":48}},"20":{"start":{"line":35,"column":6},"end":{"line":35,"column":36}},"21":{"start":{"line":37,"column":4},"end":{"line":37,"column":55}},"22":{"start":{"line":39,"column":2},"end":{"line":39,"column":23}},"23":{"start":{"line":42,"column":0},"end":{"line":42,"column":37}},"24":{"start":{"line":44,"column":0},"end":{"line":44,"column":21}}},"fnMap":{"0":{"name":"_interopRequireDefault","decl":{"start":{"line":17,"column":9},"end":{"line":17,"column":31}},"loc":{"start":{"line":17,"column":37},"end":{"line":17,"column":95}},"line":17},"1":{"name":"(anonymous_1)","decl":{"start":{"line":28,"column":8},"end":{"line":28,"column":9}},"loc":{"start":{"line":28,"column":39},"end":{"line":40,"column":1}},"line":28},"2":{"name":"(anonymous_2)","decl":{"start":{"line":32,"column":19},"end":{"line":32,"column":20}},"loc":{"start":{"line":32,"column":36},"end":{"line":36,"column":5}},"line":32}},"branchMap":{"0":{"loc":{"start":{"line":17,"column":46},"end":{"line":17,"column":92}},"type":"cond-expr","locations":[{"start":{"line":17,"column":70},"end":{"line":17,"column":73}},{"start":{"line":17,"column":76},"end":{"line":17,"column":92}}],"line":17},"1":{"loc":{"start":{"line":17,"column":46},"end":{"line":17,"column":67}},"type":"binary-expr","locations":[{"start":{"line":17,"column":46},"end":{"line":17,"column":49}},{"start":{"line":17,"column":53},"end":{"line":17,"column":67}}],"line":17},"2":{"loc":{"start":{"line":29,"column":2},"end":{"line":38,"column":3}},"type":"if","locations":[{"start":{"line":29,"column":2},"end":{"line":38,"column":3}},{"start":{"line":29,"column":2},"end":{"line":38,"column":3}}],"line":29},"3":{"loc":{"start":{"line":42,"column":11},"end":{"line":42,"column":35}},"type":"binary-expr","locations":[{"start":{"line":42,"column":11},"end":{"line":42,"column":27}},{"start":{"line":42,"column":31},"end":{"line":42,"column":35}}],"line":42}},"s":{"0":1,"1":1,"2":1,"3":1,"4":1,"5":1,"6":1,"7":3,"8":1,"9":1,"10":1,"11":1,"12":1,"13":1,"14":0,"15":0,"16":0,"17":0,"18":0,"19":0,"20":0,"21":0,"22":0,"23":1,"24":1},"f":{"0":3,"1":0,"2":0},"b":{"0":[0,3],"1":[3,3],"2":[0,0],"3":[1,1]},"_coverageSchema":"332fd63041d2c1bcb487cc26dd0d5f7d97098a6c","hash":"5d80a7fa9969a625fb4a93de6d8a9a686ce30cd7","contentHash":"c496f2735e5c0984295464f5c2530db0_11.3.0"},"C:\\Users\\T-naike\\Desktop\\MrTaiwo\\eventmanager\\server\\v2\\routes\\api2.js":{"path":"C:\\Users\\T-naike\\Desktop\\MrTaiwo\\eventmanager\\server\\v2\\routes\\api2.js","statementMap":{"0":{"start":{"line":3,"column":15},"end":{"line":3,"column":33}},"1":{"start":{"line":5,"column":16},"end":{"line":5,"column":48}},"2":{"start":{"line":7,"column":14},"end":{"line":7,"column":33}},"3":{"start":{"line":9,"column":15},"end":{"line":9,"column":46}},"4":{"start":{"line":11,"column":13},"end":{"line":11,"column":31}},"5":{"start":{"line":13,"column":14},"end":{"line":13,"column":44}},"6":{"start":{"line":15,"column":12},"end":{"line":15,"column":29}},"7":{"start":{"line":17,"column":13},"end":{"line":17,"column":42}},"8":{"start":{"line":19,"column":39},"end":{"line":19,"column":93}},"9":{"start":{"line":21,"column":10},"end":{"line":21,"column":36}},"10":{"start":{"line":22,"column":0},"end":{"line":22,"column":27}},"11":{"start":{"line":23,"column":0},"end":{"line":23,"column":26}},"12":{"start":{"line":24,"column":0},"end":{"line":24,"column":25}},"13":{"start":{"line":25,"column":0},"end":{"line":25,"column":21}}},"fnMap":{"0":{"name":"_interopRequireDefault","decl":{"start":{"line":19,"column":9},"end":{"line":19,"column":31}},"loc":{"start":{"line":19,"column":37},"end":{"line":19,"column":95}},"line":19}},"branchMap":{"0":{"loc":{"start":{"line":19,"column":46},"end":{"line":19,"column":92}},"type":"cond-expr","locations":[{"start":{"line":19,"column":70},"end":{"line":19,"column":73}},{"start":{"line":19,"column":76},"end":{"line":19,"column":92}}],"line":19},"1":{"loc":{"start":{"line":19,"column":46},"end":{"line":19,"column":67}},"type":"binary-expr","locations":[{"start":{"line":19,"column":46},"end":{"line":19,"column":49}},{"start":{"line":19,"column":53},"end":{"line":19,"column":67}}],"line":19}},"s":{"0":1,"1":1,"2":1,"3":1,"4":1,"5":1,"6":1,"7":1,"8":4,"9":1,"10":1,"11":1,"12":1,"13":1},"f":{"0":4},"b":{"0":[0,4],"1":[4,4]},"_coverageSchema":"332fd63041d2c1bcb487cc26dd0d5f7d97098a6c","hash":"074b7e55a6488d15dea978b4a0947c5997e1c38e","contentHash":"a3ee503fbac258d4d9eb53a6a086904e_11.3.0"},"C:\\Users\\T-naike\\Desktop\\MrTaiwo\\eventmanager\\server\\v2\\routes\\center.js":{"path":"C:\\Users\\T-naike\\Desktop\\MrTaiwo\\eventmanager\\server\\v2\\routes\\center.js","statementMap":{"0":{"start":{"line":3,"column":20},"end":{"line":3,"column":43}},"1":{"start":{"line":5,"column":21},"end":{"line":5,"column":58}},"2":{"start":{"line":7,"column":11},"end":{"line":7,"column":25}},"3":{"start":{"line":9,"column":12},"end":{"line":9,"column":40}},"4":{"start":{"line":11,"column":27},"end":{"line":11,"column":59}},"5":{"start":{"line":13,"column":28},"end":{"line":13,"column":72}},"6":{"start":{"line":15,"column":19},"end":{"line":15,"column":44}},"7":{"start":{"line":17,"column":14},"end":{"line":17,"column":46}},"8":{"start":{"line":19,"column":26},"end":{"line":19,"column":67}},"9":{"start":{"line":21,"column":27},"end":{"line":21,"column":70}},"10":{"start":{"line":23,"column":23},"end":{"line":23,"column":61}},"11":{"start":{"line":25,"column":24},"end":{"line":25,"column":64}},"12":{"start":{"line":27,"column":39},"end":{"line":27,"column":93}},"13":{"start":{"line":29,"column":11},"end":{"line":44,"column":1}},"14":{"start":{"line":30,"column":14},"end":{"line":30,"column":43}},"15":{"start":{"line":31,"column":2},"end":{"line":33,"column":3}},"16":{"start":{"line":32,"column":4},"end":{"line":32,"column":79}},"17":{"start":{"line":34,"column":2},"end":{"line":43,"column":5}},"18":{"start":{"line":35,"column":4},"end":{"line":37,"column":5}},"19":{"start":{"line":36,"column":6},"end":{"line":36,"column":93}},"20":{"start":{"line":38,"column":4},"end":{"line":40,"column":5}},"21":{"start":{"line":39,"column":6},"end":{"line":39,"column":78}},"22":{"start":{"line":41,"column":4},"end":{"line":41,"column":23}},"23":{"start":{"line":42,"column":4},"end":{"line":42,"column":18}},"24":{"start":{"line":46,"column":0},"end":{"line":56,"column":2}},"25":{"start":{"line":47,"column":2},"end":{"line":47,"column":129}},"26":{"start":{"line":48,"column":2},"end":{"line":48,"column":117}},"27":{"start":{"line":49,"column":2},"end":{"line":49,"column":57}},"28":{"start":{"line":50,"column":2},"end":{"line":50,"column":64}},"29":{"start":{"line":51,"column":2},"end":{"line":51,"column":70}},"30":{"start":{"line":52,"column":2},"end":{"line":52,"column":71}},"31":{"start":{"line":53,"column":2},"end":{"line":55,"column":5}},"32":{"start":{"line":54,"column":4},"end":{"line":54,"column":75}}},"fnMap":{"0":{"name":"_interopRequireDefault","decl":{"start":{"line":27,"column":9},"end":{"line":27,"column":31}},"loc":{"start":{"line":27,"column":37},"end":{"line":27,"column":95}},"line":27},"1":{"name":"auth","decl":{"start":{"line":29,"column":20},"end":{"line":29,"column":24}},"loc":{"start":{"line":29,"column":41},"end":{"line":44,"column":1}},"line":29},"2":{"name":"(anonymous_2)","decl":{"start":{"line":34,"column":64},"end":{"line":34,"column":65}},"loc":{"start":{"line":34,"column":90},"end":{"line":43,"column":3}},"line":34},"3":{"name":"(anonymous_3)","decl":{"start":{"line":46,"column":17},"end":{"line":46,"column":18}},"loc":{"start":{"line":46,"column":32},"end":{"line":56,"column":1}},"line":46},"4":{"name":"(anonymous_4)","decl":{"start":{"line":53,"column":15},"end":{"line":53,"column":16}},"loc":{"start":{"line":53,"column":35},"end":{"line":55,"column":3}},"line":53}},"branchMap":{"0":{"loc":{"start":{"line":27,"column":46},"end":{"line":27,"column":92}},"type":"cond-expr","locations":[{"start":{"line":27,"column":70},"end":{"line":27,"column":73}},{"start":{"line":27,"column":76},"end":{"line":27,"column":92}}],"line":27},"1":{"loc":{"start":{"line":27,"column":46},"end":{"line":27,"column":67}},"type":"binary-expr","locations":[{"start":{"line":27,"column":46},"end":{"line":27,"column":49}},{"start":{"line":27,"column":53},"end":{"line":27,"column":67}}],"line":27},"2":{"loc":{"start":{"line":31,"column":2},"end":{"line":33,"column":3}},"type":"if","locations":[{"start":{"line":31,"column":2},"end":{"line":33,"column":3}},{"start":{"line":31,"column":2},"end":{"line":33,"column":3}}],"line":31},"3":{"loc":{"start":{"line":35,"column":4},"end":{"line":37,"column":5}},"type":"if","locations":[{"start":{"line":35,"column":4},"end":{"line":37,"column":5}},{"start":{"line":35,"column":4},"end":{"line":37,"column":5}}],"line":35},"4":{"loc":{"start":{"line":38,"column":4},"end":{"line":40,"column":5}},"type":"if","locations":[{"start":{"line":38,"column":4},"end":{"line":40,"column":5}},{"start":{"line":38,"column":4},"end":{"line":40,"column":5}}],"line":38},"5":{"loc":{"start":{"line":38,"column":8},"end":{"line":38,"column":44}},"type":"binary-expr","locations":[{"start":{"line":38,"column":8},"end":{"line":38,"column":24}},{"start":{"line":38,"column":28},"end":{"line":38,"column":44}}],"line":38}},"s":{"0":1,"1":1,"2":1,"3":1,"4":1,"5":1,"6":1,"7":1,"8":1,"9":1,"10":1,"11":1,"12":5,"13":1,"14":7,"15":7,"16":2,"17":5,"18":5,"19":0,"20":5,"21":2,"22":3,"23":3,"24":1,"25":1,"26":1,"27":1,"28":1,"29":1,"30":1,"31":1,"32":0},"f":{"0":5,"1":7,"2":5,"3":1,"4":0},"b":{"0":[0,5],"1":[5,5],"2":[2,5],"3":[0,5],"4":[2,3],"5":[5,3]},"_coverageSchema":"332fd63041d2c1bcb487cc26dd0d5f7d97098a6c","hash":"ac76ae5542bd9160542c838c887e97ec71e93767","contentHash":"2c683d4850eeee83263538a056720d85_11.3.0"},"C:\\Users\\T-naike\\Desktop\\MrTaiwo\\eventmanager\\server\\v2\\controllers\\index.js":{"path":"C:\\Users\\T-naike\\Desktop\\MrTaiwo\\eventmanager\\server\\v2\\controllers\\index.js","statementMap":{"0":{"start":{"line":3,"column":14},"end":{"line":3,"column":33}},"1":{"start":{"line":5,"column":15},"end":{"line":5,"column":46}},"2":{"start":{"line":7,"column":13},"end":{"line":7,"column":31}},"3":{"start":{"line":9,"column":14},"end":{"line":9,"column":44}},"4":{"start":{"line":11,"column":12},"end":{"line":11,"column":29}},"5":{"start":{"line":13,"column":13},"end":{"line":13,"column":42}},"6":{"start":{"line":15,"column":39},"end":{"line":15,"column":93}},"7":{"start":{"line":17,"column":0},"end":{"line":21,"column":2}}},"fnMap":{"0":{"name":"_interopRequireDefault","decl":{"start":{"line":15,"column":9},"end":{"line":15,"column":31}},"loc":{"start":{"line":15,"column":37},"end":{"line":15,"column":95}},"line":15}},"branchMap":{"0":{"loc":{"start":{"line":15,"column":46},"end":{"line":15,"column":92}},"type":"cond-expr","locations":[{"start":{"line":15,"column":70},"end":{"line":15,"column":73}},{"start":{"line":15,"column":76},"end":{"line":15,"column":92}}],"line":15},"1":{"loc":{"start":{"line":15,"column":46},"end":{"line":15,"column":67}},"type":"binary-expr","locations":[{"start":{"line":15,"column":46},"end":{"line":15,"column":49}},{"start":{"line":15,"column":53},"end":{"line":15,"column":67}}],"line":15}},"s":{"0":1,"1":1,"2":1,"3":1,"4":1,"5":1,"6":3,"7":1},"f":{"0":3},"b":{"0":[0,3],"1":[3,3]},"_coverageSchema":"332fd63041d2c1bcb487cc26dd0d5f7d97098a6c","hash":"e6f1b962e7fea144f74182a490df9819a86f4eb0","contentHash":"a98c40aa895feb810eb70b11d1af7ae4_11.3.0"},"C:\\Users\\T-naike\\Desktop\\MrTaiwo\\eventmanager\\server\\v2\\controllers\\center.js":{"path":"C:\\Users\\T-naike\\Desktop\\MrTaiwo\\eventmanager\\server\\v2\\controllers\\center.js","statementMap":{"0":{"start":{"line":3,"column":14},"end":{"line":3,"column":42}},"1":{"start":{"line":5,"column":15},"end":{"line":5,"column":46}},"2":{"start":{"line":7,"column":14},"end":{"line":7,"column":34}},"3":{"start":{"line":9,"column":15},"end":{"line":9,"column":46}},"4":{"start":{"line":11,"column":39},"end":{"line":11,"column":93}},"5":{"start":{"line":13,"column":0},"end":{"line":93,"column":2}},"6":{"start":{"line":15,"column":17},"end":{"line":15,"column":47}},"7":{"start":{"line":17,"column":4},"end":{"line":19,"column":5}},"8":{"start":{"line":18,"column":6},"end":{"line":18,"column":54}},"9":{"start":{"line":21,"column":4},"end":{"line":21,"column":35}},"10":{"start":{"line":22,"column":4},"end":{"line":33,"column":7}},"11":{"start":{"line":23,"column":6},"end":{"line":25,"column":7}},"12":{"start":{"line":24,"column":8},"end":{"line":24,"column":96}},"13":{"start":{"line":26,"column":6},"end":{"line":30,"column":9}},"14":{"start":{"line":27,"column":8},"end":{"line":27,"column":44}},"15":{"start":{"line":29,"column":8},"end":{"line":29,"column":43}},"16":{"start":{"line":32,"column":6},"end":{"line":32,"column":41}},"17":{"start":{"line":36,"column":4},"end":{"line":40,"column":7}},"18":{"start":{"line":37,"column":6},"end":{"line":37,"column":43}},"19":{"start":{"line":39,"column":6},"end":{"line":39,"column":41}},"20":{"start":{"line":43,"column":4},"end":{"line":50,"column":7}},"21":{"start":{"line":44,"column":6},"end":{"line":46,"column":7}},"22":{"start":{"line":45,"column":8},"end":{"line":45,"column":69}},"23":{"start":{"line":47,"column":6},"end":{"line":47,"column":42}},"24":{"start":{"line":49,"column":6},"end":{"line":49,"column":41}},"25":{"start":{"line":53,"column":4},"end":{"line":73,"column":7}},"26":{"start":{"line":54,"column":6},"end":{"line":56,"column":7}},"27":{"start":{"line":55,"column":8},"end":{"line":55,"column":87}},"28":{"start":{"line":58,"column":20},"end":{"line":58,"column":48}},"29":{"start":{"line":59,"column":6},"end":{"line":59,"column":29}},"30":{"start":{"line":61,"column":6},"end":{"line":63,"column":7}},"31":{"start":{"line":62,"column":8},"end":{"line":62,"column":83}},"32":{"start":{"line":64,"column":6},"end":{"line":70,"column":9}},"33":{"start":{"line":67,"column":8},"end":{"line":67,"column":28}},"34":{"start":{"line":68,"column":8},"end":{"line":68,"column":35}},"35":{"start":{"line":69,"column":8},"end":{"line":69,"column":44}},"36":{"start":{"line":72,"column":6},"end":{"line":72,"column":41}},"37":{"start":{"line":76,"column":4},"end":{"line":88,"column":7}},"38":{"start":{"line":85,"column":6},"end":{"line":85,"column":42}},"39":{"start":{"line":87,"column":6},"end":{"line":87,"column":41}},"40":{"start":{"line":91,"column":4},"end":{"line":91,"column":27}}},"fnMap":{"0":{"name":"_interopRequireDefault","decl":{"start":{"line":11,"column":9},"end":{"line":11,"column":31}},"loc":{"start":{"line":11,"column":37},"end":{"line":11,"column":95}},"line":11},"1":{"name":"createCenter","decl":{"start":{"line":14,"column":25},"end":{"line":14,"column":37}},"loc":{"start":{"line":14,"column":48},"end":{"line":34,"column":3}},"line":14},"2":{"name":"(anonymous_2)","decl":{"start":{"line":22,"column":66},"end":{"line":22,"column":67}},"loc":{"start":{"line":22,"column":82},"end":{"line":31,"column":5}},"line":22},"3":{"name":"(anonymous_3)","decl":{"start":{"line":26,"column":60},"end":{"line":26,"column":61}},"loc":{"start":{"line":26,"column":78},"end":{"line":28,"column":7}},"line":26},"4":{"name":"(anonymous_4)","decl":{"start":{"line":28,"column":15},"end":{"line":28,"column":16}},"loc":{"start":{"line":28,"column":32},"end":{"line":30,"column":7}},"line":28},"5":{"name":"(anonymous_5)","decl":{"start":{"line":31,"column":13},"end":{"line":31,"column":14}},"loc":{"start":{"line":31,"column":30},"end":{"line":33,"column":5}},"line":31},"6":{"name":"getCenters","decl":{"start":{"line":35,"column":23},"end":{"line":35,"column":33}},"loc":{"start":{"line":35,"column":44},"end":{"line":41,"column":3}},"line":35},"7":{"name":"(anonymous_7)","decl":{"start":{"line":36,"column":47},"end":{"line":36,"column":48}},"loc":{"start":{"line":36,"column":66},"end":{"line":38,"column":5}},"line":36},"8":{"name":"(anonymous_8)","decl":{"start":{"line":38,"column":13},"end":{"line":38,"column":14}},"loc":{"start":{"line":38,"column":30},"end":{"line":40,"column":5}},"line":38},"9":{"name":"getCenter","decl":{"start":{"line":42,"column":22},"end":{"line":42,"column":31}},"loc":{"start":{"line":42,"column":42},"end":{"line":51,"column":3}},"line":42},"10":{"name":"(anonymous_10)","decl":{"start":{"line":43,"column":65},"end":{"line":43,"column":66}},"loc":{"start":{"line":43,"column":83},"end":{"line":48,"column":5}},"line":43},"11":{"name":"(anonymous_11)","decl":{"start":{"line":48,"column":13},"end":{"line":48,"column":14}},"loc":{"start":{"line":48,"column":30},"end":{"line":50,"column":5}},"line":48},"12":{"name":"editCenter","decl":{"start":{"line":52,"column":23},"end":{"line":52,"column":33}},"loc":{"start":{"line":52,"column":44},"end":{"line":74,"column":3}},"line":52},"13":{"name":"(anonymous_13)","decl":{"start":{"line":53,"column":65},"end":{"line":53,"column":66}},"loc":{"start":{"line":53,"column":83},"end":{"line":71,"column":5}},"line":53},"14":{"name":"(anonymous_14)","decl":{"start":{"line":66,"column":14},"end":{"line":66,"column":15}},"loc":{"start":{"line":66,"column":32},"end":{"line":70,"column":7}},"line":66},"15":{"name":"(anonymous_15)","decl":{"start":{"line":71,"column":13},"end":{"line":71,"column":14}},"loc":{"start":{"line":71,"column":30},"end":{"line":73,"column":5}},"line":71},"16":{"name":"getEvents","decl":{"start":{"line":75,"column":22},"end":{"line":75,"column":31}},"loc":{"start":{"line":75,"column":42},"end":{"line":89,"column":3}},"line":75},"17":{"name":"(anonymous_17)","decl":{"start":{"line":84,"column":12},"end":{"line":84,"column":13}},"loc":{"start":{"line":84,"column":30},"end":{"line":86,"column":5}},"line":84},"18":{"name":"(anonymous_18)","decl":{"start":{"line":86,"column":13},"end":{"line":86,"column":14}},"loc":{"start":{"line":86,"column":30},"end":{"line":88,"column":5}},"line":86},"19":{"name":"getCenterByDate","decl":{"start":{"line":90,"column":28},"end":{"line":90,"column":43}},"loc":{"start":{"line":90,"column":54},"end":{"line":92,"column":3}},"line":90}},"branchMap":{"0":{"loc":{"start":{"line":11,"column":46},"end":{"line":11,"column":92}},"type":"cond-expr","locations":[{"start":{"line":11,"column":70},"end":{"line":11,"column":73}},{"start":{"line":11,"column":76},"end":{"line":11,"column":92}}],"line":11},"1":{"loc":{"start":{"line":11,"column":46},"end":{"line":11,"column":67}},"type":"binary-expr","locations":[{"start":{"line":11,"column":46},"end":{"line":11,"column":49}},{"start":{"line":11,"column":53},"end":{"line":11,"column":67}}],"line":11},"2":{"loc":{"start":{"line":17,"column":4},"end":{"line":19,"column":5}},"type":"if","locations":[{"start":{"line":17,"column":4},"end":{"line":19,"column":5}},{"start":{"line":17,"column":4},"end":{"line":19,"column":5}}],"line":17},"3":{"loc":{"start":{"line":23,"column":6},"end":{"line":25,"column":7}},"type":"if","locations":[{"start":{"line":23,"column":6},"end":{"line":25,"column":7}},{"start":{"line":23,"column":6},"end":{"line":25,"column":7}}],"line":23},"4":{"loc":{"start":{"line":44,"column":6},"end":{"line":46,"column":7}},"type":"if","locations":[{"start":{"line":44,"column":6},"end":{"line":46,"column":7}},{"start":{"line":44,"column":6},"end":{"line":46,"column":7}}],"line":44},"5":{"loc":{"start":{"line":54,"column":6},"end":{"line":56,"column":7}},"type":"if","locations":[{"start":{"line":54,"column":6},"end":{"line":56,"column":7}},{"start":{"line":54,"column":6},"end":{"line":56,"column":7}}],"line":54},"6":{"loc":{"start":{"line":61,"column":6},"end":{"line":63,"column":7}},"type":"if","locations":[{"start":{"line":61,"column":6},"end":{"line":63,"column":7}},{"start":{"line":61,"column":6},"end":{"line":63,"column":7}}],"line":61}},"s":{"0":1,"1":1,"2":1,"3":1,"4":2,"5":1,"6":2,"7":2,"8":0,"9":2,"10":2,"11":2,"12":0,"13":2,"14":2,"15":0,"16":0,"17":0,"18":0,"19":0,"20":0,"21":0,"22":0,"23":0,"24":0,"25":1,"26":1,"27":0,"28":1,"29":1,"30":1,"31":0,"32":1,"33":1,"34":1,"35":1,"36":0,"37":0,"38":0,"39":0,"40":0},"f":{"0":2,"1":2,"2":2,"3":2,"4":0,"5":0,"6":0,"7":0,"8":0,"9":0,"10":0,"11":0,"12":1,"13":1,"14":1,"15":0,"16":0,"17":0,"18":0,"19":0},"b":{"0":[1,1],"1":[2,2],"2":[0,2],"3":[0,2],"4":[0,0],"5":[0,1],"6":[0,1]},"_coverageSchema":"332fd63041d2c1bcb487cc26dd0d5f7d97098a6c","hash":"89f596cc687ef6c7874b0f0eb1d988cacc493519","contentHash":"3ccef556425a64b60f929ca7359d2c64_11.3.0"},"C:\\Users\\T-naike\\Desktop\\MrTaiwo\\eventmanager\\server\\v2\\controllers\\_support\\center.js":{"path":"C:\\Users\\T-naike\\Desktop\\MrTaiwo\\eventmanager\\server\\v2\\controllers\\_support\\center.js","statementMap":{"0":{"start":{"line":3,"column":0},"end":{"line":5,"column":3}},"1":{"start":{"line":6,"column":0},"end":{"line":6,"column":28}},"2":{"start":{"line":8,"column":19},"end":{"line":8,"column":563}},"3":{"start":{"line":8,"column":76},"end":{"line":8,"column":347}},"4":{"start":{"line":8,"column":134},"end":{"line":8,"column":142}},"5":{"start":{"line":8,"column":144},"end":{"line":8,"column":199}},"6":{"start":{"line":8,"column":200},"end":{"line":8,"column":231}},"7":{"start":{"line":8,"column":232},"end":{"line":8,"column":286}},"8":{"start":{"line":8,"column":259},"end":{"line":8,"column":286}},"9":{"start":{"line":8,"column":287},"end":{"line":8,"column":345}},"10":{"start":{"line":8,"column":350},"end":{"line":8,"column":559}},"11":{"start":{"line":8,"column":407},"end":{"line":8,"column":475}},"12":{"start":{"line":8,"column":423},"end":{"line":8,"column":475}},"13":{"start":{"line":8,"column":476},"end":{"line":8,"column":536}},"14":{"start":{"line":8,"column":493},"end":{"line":8,"column":536}},"15":{"start":{"line":8,"column":537},"end":{"line":8,"column":556}},"16":{"start":{"line":10,"column":14},"end":{"line":10,"column":31}},"17":{"start":{"line":12,"column":17},"end":{"line":12,"column":39}},"18":{"start":{"line":14,"column":17},"end":{"line":14,"column":51}},"19":{"start":{"line":16,"column":39},"end":{"line":16,"column":93}},"20":{"start":{"line":18,"column":50},"end":{"line":18,"column":151}},"21":{"start":{"line":18,"column":92},"end":{"line":18,"column":149}},"22":{"start":{"line":20,"column":13},"end":{"line":105,"column":3}},"23":{"start":{"line":22,"column":4},"end":{"line":22,"column":34}},"24":{"start":{"line":24,"column":4},"end":{"line":24,"column":23}},"25":{"start":{"line":25,"column":4},"end":{"line":25,"column":28}},"26":{"start":{"line":27,"column":4},"end":{"line":27,"column":28}},"27":{"start":{"line":28,"column":4},"end":{"line":28,"column":34}},"28":{"start":{"line":29,"column":4},"end":{"line":29,"column":30}},"29":{"start":{"line":30,"column":4},"end":{"line":30,"column":46}},"30":{"start":{"line":31,"column":4},"end":{"line":31,"column":34}},"31":{"start":{"line":32,"column":4},"end":{"line":32,"column":40}},"32":{"start":{"line":33,"column":4},"end":{"line":33,"column":42}},"33":{"start":{"line":36,"column":2},"end":{"line":102,"column":6}},"34":{"start":{"line":39,"column":6},"end":{"line":39,"column":43}},"35":{"start":{"line":40,"column":6},"end":{"line":40,"column":52}},"36":{"start":{"line":41,"column":6},"end":{"line":41,"column":46}},"37":{"start":{"line":42,"column":6},"end":{"line":42,"column":65}},"38":{"start":{"line":43,"column":6},"end":{"line":43,"column":52}},"39":{"start":{"line":44,"column":6},"end":{"line":44,"column":61}},"40":{"start":{"line":45,"column":6},"end":{"line":45,"column":59}},"41":{"start":{"line":50,"column":22},"end":{"line":50,"column":54}},"42":{"start":{"line":51,"column":6},"end":{"line":54,"column":7}},"43":{"start":{"line":52,"column":8},"end":{"line":52,"column":70}},"44":{"start":{"line":53,"column":8},"end":{"line":53,"column":26}},"45":{"start":{"line":56,"column":24},"end":{"line":56,"column":148}},"46":{"start":{"line":57,"column":6},"end":{"line":60,"column":7}},"47":{"start":{"line":58,"column":8},"end":{"line":58,"column":49}},"48":{"start":{"line":59,"column":8},"end":{"line":59,"column":26}},"49":{"start":{"line":62,"column":6},"end":{"line":65,"column":7}},"50":{"start":{"line":63,"column":8},"end":{"line":63,"column":66}},"51":{"start":{"line":64,"column":8},"end":{"line":64,"column":26}},"52":{"start":{"line":67,"column":6},"end":{"line":70,"column":7}},"53":{"start":{"line":68,"column":8},"end":{"line":68,"column":68}},"54":{"start":{"line":69,"column":8},"end":{"line":69,"column":26}},"55":{"start":{"line":72,"column":27},"end":{"line":72,"column":154}},"56":{"start":{"line":73,"column":6},"end":{"line":76,"column":7}},"57":{"start":{"line":74,"column":8},"end":{"line":74,"column":52}},"58":{"start":{"line":75,"column":8},"end":{"line":75,"column":26}},"59":{"start":{"line":81,"column":6},"end":{"line":81,"column":33}},"60":{"start":{"line":81,"column":23},"end":{"line":81,"column":33}},"61":{"start":{"line":82,"column":6},"end":{"line":82,"column":32}},"62":{"start":{"line":87,"column":6},"end":{"line":87,"column":22}},"63":{"start":{"line":88,"column":6},"end":{"line":88,"column":25}},"64":{"start":{"line":93,"column":6},"end":{"line":100,"column":8}},"65":{"start":{"line":104,"column":2},"end":{"line":104,"column":16}},"66":{"start":{"line":107,"column":0},"end":{"line":107,"column":25}}},"fnMap":{"0":{"name":"(anonymous_0)","decl":{"start":{"line":8,"column":19},"end":{"line":8,"column":20}},"loc":{"start":{"line":8,"column":31},"end":{"line":8,"column":561}},"line":8},"1":{"name":"defineProperties","decl":{"start":{"line":8,"column":42},"end":{"line":8,"column":58}},"loc":{"start":{"line":8,"column":74},"end":{"line":8,"column":349}},"line":8},"2":{"name":"(anonymous_2)","decl":{"start":{"line":8,"column":357},"end":{"line":8,"column":358}},"loc":{"start":{"line":8,"column":405},"end":{"line":8,"column":558}},"line":8},"3":{"name":"_interopRequireDefault","decl":{"start":{"line":16,"column":9},"end":{"line":16,"column":31}},"loc":{"start":{"line":16,"column":37},"end":{"line":16,"column":95}},"line":16},"4":{"name":"_classCallCheck","decl":{"start":{"line":18,"column":9},"end":{"line":18,"column":24}},"loc":{"start":{"line":18,"column":48},"end":{"line":18,"column":153}},"line":18},"5":{"name":"(anonymous_5)","decl":{"start":{"line":20,"column":13},"end":{"line":20,"column":14}},"loc":{"start":{"line":20,"column":25},"end":{"line":105,"column":1}},"line":20},"6":{"name":"Center","decl":{"start":{"line":21,"column":11},"end":{"line":21,"column":17}},"loc":{"start":{"line":21,"column":26},"end":{"line":34,"column":3}},"line":21},"7":{"name":"load","decl":{"start":{"line":38,"column":20},"end":{"line":38,"column":24}},"loc":{"start":{"line":38,"column":33},"end":{"line":46,"column":5}},"line":38},"8":{"name":"validate","decl":{"start":{"line":49,"column":20},"end":{"line":49,"column":28}},"loc":{"start":{"line":49,"column":31},"end":{"line":77,"column":5}},"line":49},"9":{"name":"getErrors","decl":{"start":{"line":80,"column":20},"end":{"line":80,"column":29}},"loc":{"start":{"line":80,"column":32},"end":{"line":83,"column":5}},"line":80},"10":{"name":"safe","decl":{"start":{"line":86,"column":20},"end":{"line":86,"column":24}},"loc":{"start":{"line":86,"column":27},"end":{"line":89,"column":5}},"line":86},"11":{"name":"toJSON","decl":{"start":{"line":92,"column":20},"end":{"line":92,"column":26}},"loc":{"start":{"line":92,"column":29},"end":{"line":101,"column":5}},"line":92}},"branchMap":{"0":{"loc":{"start":{"line":8,"column":168},"end":{"line":8,"column":198}},"type":"binary-expr","locations":[{"start":{"line":8,"column":168},"end":{"line":8,"column":189}},{"start":{"line":8,"column":193},"end":{"line":8,"column":198}}],"line":8},"1":{"loc":{"start":{"line":8,"column":232},"end":{"line":8,"column":286}},"type":"if","locations":[{"start":{"line":8,"column":232},"end":{"line":8,"column":286}},{"start":{"line":8,"column":232},"end":{"line":8,"column":286}}],"line":8},"2":{"loc":{"start":{"line":8,"column":407},"end":{"line":8,"column":475}},"type":"if","locations":[{"start":{"line":8,"column":407},"end":{"line":8,"column":475}},{"start":{"line":8,"column":407},"end":{"line":8,"column":475}}],"line":8},"3":{"loc":{"start":{"line":8,"column":476},"end":{"line":8,"column":536}},"type":"if","locations":[{"start":{"line":8,"column":476},"end":{"line":8,"column":536}},{"start":{"line":8,"column":476},"end":{"line":8,"column":536}}],"line":8},"4":{"loc":{"start":{"line":16,"column":46},"end":{"line":16,"column":92}},"type":"cond-expr","locations":[{"start":{"line":16,"column":70},"end":{"line":16,"column":73}},{"start":{"line":16,"column":76},"end":{"line":16,"column":92}}],"line":16},"5":{"loc":{"start":{"line":16,"column":46},"end":{"line":16,"column":67}},"type":"binary-expr","locations":[{"start":{"line":16,"column":46},"end":{"line":16,"column":49}},{"start":{"line":16,"column":53},"end":{"line":16,"column":67}}],"line":16},"6":{"loc":{"start":{"line":18,"column":50},"end":{"line":18,"column":151}},"type":"if","locations":[{"start":{"line":18,"column":50},"end":{"line":18,"column":151}},{"start":{"line":18,"column":50},"end":{"line":18,"column":151}}],"line":18},"7":{"loc":{"start":{"line":39,"column":18},"end":{"line":39,"column":42}},"type":"binary-expr","locations":[{"start":{"line":39,"column":18},"end":{"line":39,"column":29}},{"start":{"line":39,"column":33},"end":{"line":39,"column":42}}],"line":39},"8":{"loc":{"start":{"line":40,"column":21},"end":{"line":40,"column":51}},"type":"binary-expr","locations":[{"start":{"line":40,"column":21},"end":{"line":40,"column":35}},{"start":{"line":40,"column":39},"end":{"line":40,"column":51}}],"line":40},"9":{"loc":{"start":{"line":41,"column":19},"end":{"line":41,"column":45}},"type":"binary-expr","locations":[{"start":{"line":41,"column":19},"end":{"line":41,"column":31}},{"start":{"line":41,"column":35},"end":{"line":41,"column":45}}],"line":41},"10":{"loc":{"start":{"line":42,"column":22},"end":{"line":42,"column":64}},"type":"binary-expr","locations":[{"start":{"line":42,"column":22},"end":{"line":42,"column":47}},{"start":{"line":42,"column":51},"end":{"line":42,"column":64}}],"line":42},"11":{"loc":{"start":{"line":43,"column":21},"end":{"line":43,"column":51}},"type":"binary-expr","locations":[{"start":{"line":43,"column":21},"end":{"line":43,"column":35}},{"start":{"line":43,"column":39},"end":{"line":43,"column":51}}],"line":43},"12":{"loc":{"start":{"line":44,"column":24},"end":{"line":44,"column":60}},"type":"binary-expr","locations":[{"start":{"line":44,"column":24},"end":{"line":44,"column":41}},{"start":{"line":44,"column":45},"end":{"line":44,"column":60}}],"line":44},"13":{"loc":{"start":{"line":45,"column":20},"end":{"line":45,"column":58}},"type":"binary-expr","locations":[{"start":{"line":45,"column":20},"end":{"line":45,"column":43}},{"start":{"line":45,"column":47},"end":{"line":45,"column":58}}],"line":45},"14":{"loc":{"start":{"line":51,"column":6},"end":{"line":54,"column":7}},"type":"if","locations":[{"start":{"line":51,"column":6},"end":{"line":54,"column":7}},{"start":{"line":51,"column":6},"end":{"line":54,"column":7}}],"line":51},"15":{"loc":{"start":{"line":51,"column":10},"end":{"line":51,"column":41}},"type":"binary-expr","locations":[{"start":{"line":51,"column":10},"end":{"line":51,"column":23}},{"start":{"line":51,"column":27},"end":{"line":51,"column":41}}],"line":51},"16":{"loc":{"start":{"line":57,"column":6},"end":{"line":60,"column":7}},"type":"if","locations":[{"start":{"line":57,"column":6},"end":{"line":60,"column":7}},{"start":{"line":57,"column":6},"end":{"line":60,"column":7}}],"line":57},"17":{"loc":{"start":{"line":62,"column":6},"end":{"line":65,"column":7}},"type":"if","locations":[{"start":{"line":62,"column":6},"end":{"line":65,"column":7}},{"start":{"line":62,"column":6},"end":{"line":65,"column":7}}],"line":62},"18":{"loc":{"start":{"line":62,"column":10},"end":{"line":62,"column":99}},"type":"binary-expr","locations":[{"start":{"line":62,"column":10},"end":{"line":62,"column":52}},{"start":{"line":62,"column":56},"end":{"line":62,"column":71}},{"start":{"line":62,"column":75},"end":{"line":62,"column":99}}],"line":62},"19":{"loc":{"start":{"line":67,"column":6},"end":{"line":70,"column":7}},"type":"if","locations":[{"start":{"line":67,"column":6},"end":{"line":70,"column":7}},{"start":{"line":67,"column":6},"end":{"line":70,"column":7}}],"line":67},"20":{"loc":{"start":{"line":67,"column":10},"end":{"line":67,"column":105}},"type":"binary-expr","locations":[{"start":{"line":67,"column":10},"end":{"line":67,"column":54}},{"start":{"line":67,"column":58},"end":{"line":67,"column":75}},{"start":{"line":67,"column":79},"end":{"line":67,"column":105}}],"line":67},"21":{"loc":{"start":{"line":73,"column":6},"end":{"line":76,"column":7}},"type":"if","locations":[{"start":{"line":73,"column":6},"end":{"line":76,"column":7}},{"start":{"line":73,"column":6},"end":{"line":76,"column":7}}],"line":73},"22":{"loc":{"start":{"line":81,"column":6},"end":{"line":81,"column":33}},"type":"if","locations":[{"start":{"line":81,"column":6},"end":{"line":81,"column":33}},{"start":{"line":81,"column":6},"end":{"line":81,"column":33}}],"line":81}},"s":{"0":1,"1":1,"2":1,"3":1,"4":5,"5":5,"6":5,"7":5,"8":5,"9":5,"10":1,"11":1,"12":1,"13":1,"14":0,"15":1,"16":1,"17":1,"18":1,"19":1,"20":3,"21":0,"22":1,"23":3,"24":3,"25":3,"26":3,"27":3,"28":3,"29":3,"30":3,"31":3,"32":3,"33":1,"34":1,"35":1,"36":1,"37":1,"38":1,"39":1,"40":1,"41":3,"42":3,"43":0,"44":0,"45":3,"46":3,"47":0,"48":0,"49":3,"50":0,"51":0,"52":3,"53":0,"54":0,"55":3,"56":3,"57":0,"58":0,"59":0,"60":0,"61":0,"62":3,"63":3,"64":1,"65":1,"66":1},"f":{"0":1,"1":1,"2":1,"3":1,"4":3,"5":1,"6":3,"7":1,"8":3,"9":0,"10":3,"11":1},"b":{"0":[5,5],"1":[5,0],"2":[1,0],"3":[0,1],"4":[0,1],"5":[1,1],"6":[0,3],"7":[1,0],"8":[1,0],"9":[1,0],"10":[1,0],"11":[1,0],"12":[1,0],"13":[1,0],"14":[0,3],"15":[3,3],"16":[0,3],"17":[0,3],"18":[3,3,3],"19":[0,3],"20":[3,3,3],"21":[0,3],"22":[0,0]},"_coverageSchema":"332fd63041d2c1bcb487cc26dd0d5f7d97098a6c","hash":"a3833a4554c3a9df32bf6db5d913834fc5b36a08","contentHash":"5a7ece73d736e79872910584a1584f1f_11.3.0"},"C:\\Users\\T-naike\\Desktop\\MrTaiwo\\eventmanager\\server\\v2\\models\\index.js":{"path":"C:\\Users\\T-naike\\Desktop\\MrTaiwo\\eventmanager\\server\\v2\\models\\index.js","statementMap":{"0":{"start":{"line":3,"column":9},"end":{"line":3,"column":22}},"1":{"start":{"line":4,"column":11},"end":{"line":4,"column":26}},"2":{"start":{"line":5,"column":16},"end":{"line":5,"column":36}},"3":{"start":{"line":6,"column":15},"end":{"line":6,"column":40}},"4":{"start":{"line":7,"column":10},"end":{"line":7,"column":47}},"5":{"start":{"line":8,"column":13},"end":{"line":8,"column":63}},"6":{"start":{"line":9,"column":9},"end":{"line":9,"column":11}},"7":{"start":{"line":11,"column":16},"end":{"line":11,"column":22}},"8":{"start":{"line":13,"column":0},"end":{"line":17,"column":1}},"9":{"start":{"line":14,"column":2},"end":{"line":14,"column":74}},"10":{"start":{"line":16,"column":2},"end":{"line":16,"column":87}},"11":{"start":{"line":19,"column":0},"end":{"line":24,"column":3}},"12":{"start":{"line":20,"column":2},"end":{"line":20,"column":82}},"13":{"start":{"line":22,"column":14},"end":{"line":22,"column":58}},"14":{"start":{"line":23,"column":2},"end":{"line":23,"column":25}},"15":{"start":{"line":26,"column":0},"end":{"line":30,"column":3}},"16":{"start":{"line":27,"column":2},"end":{"line":29,"column":3}},"17":{"start":{"line":28,"column":4},"end":{"line":28,"column":32}},"18":{"start":{"line":32,"column":0},"end":{"line":32,"column":25}},"19":{"start":{"line":33,"column":0},"end":{"line":33,"column":25}},"20":{"start":{"line":35,"column":0},"end":{"line":35,"column":20}}},"fnMap":{"0":{"name":"(anonymous_0)","decl":{"start":{"line":19,"column":33},"end":{"line":19,"column":34}},"loc":{"start":{"line":19,"column":49},"end":{"line":21,"column":1}},"line":19},"1":{"name":"(anonymous_1)","decl":{"start":{"line":21,"column":11},"end":{"line":21,"column":12}},"loc":{"start":{"line":21,"column":27},"end":{"line":24,"column":1}},"line":21},"2":{"name":"(anonymous_2)","decl":{"start":{"line":26,"column":24},"end":{"line":26,"column":25}},"loc":{"start":{"line":26,"column":45},"end":{"line":30,"column":1}},"line":26}},"branchMap":{"0":{"loc":{"start":{"line":7,"column":10},"end":{"line":7,"column":47}},"type":"binary-expr","locations":[{"start":{"line":7,"column":10},"end":{"line":7,"column":30}},{"start":{"line":7,"column":34},"end":{"line":7,"column":47}}],"line":7},"1":{"loc":{"start":{"line":13,"column":0},"end":{"line":17,"column":1}},"type":"if","locations":[{"start":{"line":13,"column":0},"end":{"line":17,"column":1}},{"start":{"line":13,"column":0},"end":{"line":17,"column":1}}],"line":13},"2":{"loc":{"start":{"line":20,"column":9},"end":{"line":20,"column":81}},"type":"binary-expr","locations":[{"start":{"line":20,"column":9},"end":{"line":20,"column":32}},{"start":{"line":20,"column":36},"end":{"line":20,"column":53}},{"start":{"line":20,"column":57},"end":{"line":20,"column":81}}],"line":20},"3":{"loc":{"start":{"line":27,"column":2},"end":{"line":29,"column":3}},"type":"if","locations":[{"start":{"line":27,"column":2},"end":{"line":29,"column":3}},{"start":{"line":27,"column":2},"end":{"line":29,"column":3}}],"line":27}},"s":{"0":1,"1":1,"2":1,"3":1,"4":1,"5":1,"6":1,"7":1,"8":1,"9":0,"10":1,"11":1,"12":4,"13":3,"14":3,"15":1,"16":3,"17":3,"18":1,"19":1,"20":1},"f":{"0":4,"1":3,"2":3},"b":{"0":[1,1],"1":[0,1],"2":[4,4,3],"3":[3,0]},"_coverageSchema":"332fd63041d2c1bcb487cc26dd0d5f7d97098a6c","hash":"8d66c603e209d07b5c3dbc777467ae48aeb026eb","contentHash":"92feda23d4c112374bd084ca3a14a4b5_11.3.0"},"C:\\Users\\T-naike\\Desktop\\MrTaiwo\\eventmanager\\server\\v2\\models\\center.js":{"path":"C:\\Users\\T-naike\\Desktop\\MrTaiwo\\eventmanager\\server\\v2\\models\\center.js","statementMap":{"0":{"start":{"line":3,"column":0},"end":{"line":22,"column":2}},"1":{"start":{"line":4,"column":15},"end":{"line":12,"column":4}},"2":{"start":{"line":14,"column":2},"end":{"line":19,"column":4}},"3":{"start":{"line":15,"column":4},"end":{"line":18,"column":7}},"4":{"start":{"line":21,"column":2},"end":{"line":21,"column":16}}},"fnMap":{"0":{"name":"(anonymous_0)","decl":{"start":{"line":3,"column":17},"end":{"line":3,"column":18}},"loc":{"start":{"line":3,"column":49},"end":{"line":22,"column":1}},"line":3},"1":{"name":"(anonymous_1)","decl":{"start":{"line":14,"column":21},"end":{"line":14,"column":22}},"loc":{"start":{"line":14,"column":39},"end":{"line":19,"column":3}},"line":14}},"branchMap":{},"s":{"0":1,"1":1,"2":1,"3":1,"4":1},"f":{"0":1,"1":1},"b":{},"_coverageSchema":"332fd63041d2c1bcb487cc26dd0d5f7d97098a6c","hash":"5015226b337394a12a78104a572a770ddee9612a","contentHash":"87f4471d096ec4be0739d9b6fbbe1726_11.3.0"},"C:\\Users\\T-naike\\Desktop\\MrTaiwo\\eventmanager\\server\\v2\\models\\event.js":{"path":"C:\\Users\\T-naike\\Desktop\\MrTaiwo\\eventmanager\\server\\v2\\models\\event.js","statementMap":{"0":{"start":{"line":3,"column":0},"end":{"line":20,"column":2}},"1":{"start":{"line":4,"column":14},"end":{"line":10,"column":4}},"2":{"start":{"line":12,"column":2},"end":{"line":17,"column":4}},"3":{"start":{"line":13,"column":4},"end":{"line":16,"column":7}},"4":{"start":{"line":19,"column":2},"end":{"line":19,"column":15}}},"fnMap":{"0":{"name":"(anonymous_0)","decl":{"start":{"line":3,"column":17},"end":{"line":3,"column":18}},"loc":{"start":{"line":3,"column":49},"end":{"line":20,"column":1}},"line":3},"1":{"name":"(anonymous_1)","decl":{"start":{"line":12,"column":20},"end":{"line":12,"column":21}},"loc":{"start":{"line":12,"column":38},"end":{"line":17,"column":3}},"line":12}},"branchMap":{},"s":{"0":1,"1":1,"2":1,"3":1,"4":1},"f":{"0":1,"1":1},"b":{},"_coverageSchema":"332fd63041d2c1bcb487cc26dd0d5f7d97098a6c","hash":"811a9e2055a96a241d3af588035f1aa5c35b5a7f","contentHash":"0b203b831054a8fe3cfdede837bb5909_11.3.0"},"C:\\Users\\T-naike\\Desktop\\MrTaiwo\\eventmanager\\server\\v2\\models\\user.js":{"path":"C:\\Users\\T-naike\\Desktop\\MrTaiwo\\eventmanager\\server\\v2\\models\\user.js","statementMap":{"0":{"start":{"line":3,"column":0},"end":{"line":24,"column":2}},"1":{"start":{"line":4,"column":13},"end":{"line":14,"column":4}},"2":{"start":{"line":16,"column":2},"end":{"line":21,"column":4}},"3":{"start":{"line":17,"column":4},"end":{"line":20,"column":7}},"4":{"start":{"line":23,"column":2},"end":{"line":23,"column":14}}},"fnMap":{"0":{"name":"(anonymous_0)","decl":{"start":{"line":3,"column":17},"end":{"line":3,"column":18}},"loc":{"start":{"line":3,"column":49},"end":{"line":24,"column":1}},"line":3},"1":{"name":"(anonymous_1)","decl":{"start":{"line":16,"column":19},"end":{"line":16,"column":20}},"loc":{"start":{"line":16,"column":37},"end":{"line":21,"column":3}},"line":16}},"branchMap":{},"s":{"0":1,"1":1,"2":1,"3":1,"4":1},"f":{"0":1,"1":1},"b":{},"_coverageSchema":"332fd63041d2c1bcb487cc26dd0d5f7d97098a6c","hash":"2c66f3786190269664b5d1412982c7a4db11624a","contentHash":"258e78b70119fc0dc0be8bf09bffbb6a_11.3.0"},"C:\\Users\\T-naike\\Desktop\\MrTaiwo\\eventmanager\\server\\v2\\controllers\\event.js":{"path":"C:\\Users\\T-naike\\Desktop\\MrTaiwo\\eventmanager\\server\\v2\\controllers\\event.js","statementMap":{"0":{"start":{"line":3,"column":17},"end":{"line":3,"column":37}},"1":{"start":{"line":5,"column":18},"end":{"line":5,"column":52}},"2":{"start":{"line":7,"column":14},"end":{"line":7,"column":34}},"3":{"start":{"line":9,"column":15},"end":{"line":9,"column":46}},"4":{"start":{"line":11,"column":13},"end":{"line":11,"column":40}},"5":{"start":{"line":13,"column":14},"end":{"line":13,"column":44}},"6":{"start":{"line":15,"column":39},"end":{"line":15,"column":93}},"7":{"start":{"line":17,"column":44},"end":{"line":17,"column":195}},"8":{"start":{"line":17,"column":62},"end":{"line":17,"column":166}},"9":{"start":{"line":17,"column":176},"end":{"line":17,"column":193}},"10":{"start":{"line":17,"column":196},"end":{"line":17,"column":207}},"11":{"start":{"line":19,"column":0},"end":{"line":124,"column":2}},"12":{"start":{"line":21,"column":16},"end":{"line":21,"column":45}},"13":{"start":{"line":22,"column":4},"end":{"line":24,"column":5}},"14":{"start":{"line":23,"column":6},"end":{"line":23,"column":53}},"15":{"start":{"line":27,"column":4},"end":{"line":65,"column":7}},"16":{"start":{"line":28,"column":6},"end":{"line":30,"column":7}},"17":{"start":{"line":29,"column":8},"end":{"line":29,"column":92}},"18":{"start":{"line":33,"column":6},"end":{"line":64,"column":9}},"19":{"start":{"line":43,"column":8},"end":{"line":45,"column":9}},"20":{"start":{"line":44,"column":10},"end":{"line":44,"column":102}},"21":{"start":{"line":47,"column":8},"end":{"line":63,"column":11}},"22":{"start":{"line":50,"column":10},"end":{"line":52,"column":11}},"23":{"start":{"line":51,"column":12},"end":{"line":51,"column":56}},"24":{"start":{"line":55,"column":31},"end":{"line":55,"column":111}},"25":{"start":{"line":57,"column":10},"end":{"line":62,"column":13}},"26":{"start":{"line":58,"column":12},"end":{"line":60,"column":13}},"27":{"start":{"line":59,"column":14},"end":{"line":59,"column":66}},"28":{"start":{"line":61,"column":12},"end":{"line":61,"column":50}},"29":{"start":{"line":68,"column":4},"end":{"line":86,"column":7}},"30":{"start":{"line":73,"column":6},"end":{"line":75,"column":7}},"31":{"start":{"line":74,"column":8},"end":{"line":74,"column":98}},"32":{"start":{"line":77,"column":6},"end":{"line":83,"column":9}},"33":{"start":{"line":80,"column":8},"end":{"line":80,"column":43}},"34":{"start":{"line":82,"column":8},"end":{"line":82,"column":43}},"35":{"start":{"line":85,"column":6},"end":{"line":85,"column":41}},"36":{"start":{"line":89,"column":4},"end":{"line":122,"column":7}},"37":{"start":{"line":94,"column":6},"end":{"line":96,"column":7}},"38":{"start":{"line":95,"column":8},"end":{"line":95,"column":60}},"39":{"start":{"line":97,"column":6},"end":{"line":97,"column":81}},"40":{"start":{"line":99,"column":6},"end":{"line":101,"column":7}},"41":{"start":{"line":100,"column":8},"end":{"line":100,"column":92}},"42":{"start":{"line":102,"column":6},"end":{"line":121,"column":9}},"43":{"start":{"line":103,"column":8},"end":{"line":105,"column":9}},"44":{"start":{"line":104,"column":10},"end":{"line":104,"column":94}},"45":{"start":{"line":106,"column":21},"end":{"line":106,"column":47}},"46":{"start":{"line":107,"column":8},"end":{"line":107,"column":30}},"47":{"start":{"line":109,"column":8},"end":{"line":111,"column":9}},"48":{"start":{"line":110,"column":10},"end":{"line":110,"column":58}},"49":{"start":{"line":112,"column":29},"end":{"line":114,"column":10}},"50":{"start":{"line":116,"column":8},"end":{"line":120,"column":11}},"51":{"start":{"line":119,"column":10},"end":{"line":119,"column":38}}},"fnMap":{"0":{"name":"_interopRequireDefault","decl":{"start":{"line":15,"column":9},"end":{"line":15,"column":31}},"loc":{"start":{"line":15,"column":37},"end":{"line":15,"column":95}},"line":15},"1":{"name":"_defineProperty","decl":{"start":{"line":17,"column":9},"end":{"line":17,"column":24}},"loc":{"start":{"line":17,"column":42},"end":{"line":17,"column":209}},"line":17},"2":{"name":"createEvent","decl":{"start":{"line":20,"column":24},"end":{"line":20,"column":35}},"loc":{"start":{"line":20,"column":46},"end":{"line":66,"column":3}},"line":20},"3":{"name":"(anonymous_3)","decl":{"start":{"line":27,"column":80},"end":{"line":27,"column":81}},"loc":{"start":{"line":27,"column":98},"end":{"line":65,"column":5}},"line":27},"4":{"name":"(anonymous_4)","decl":{"start":{"line":42,"column":14},"end":{"line":42,"column":15}},"loc":{"start":{"line":42,"column":39},"end":{"line":64,"column":7}},"line":42},"5":{"name":"(anonymous_5)","decl":{"start":{"line":49,"column":16},"end":{"line":49,"column":17}},"loc":{"start":{"line":49,"column":41},"end":{"line":63,"column":9}},"line":49},"6":{"name":"(anonymous_6)","decl":{"start":{"line":57,"column":69},"end":{"line":57,"column":70}},"loc":{"start":{"line":57,"column":89},"end":{"line":62,"column":11}},"line":57},"7":{"name":"deleteEvent","decl":{"start":{"line":67,"column":24},"end":{"line":67,"column":35}},"loc":{"start":{"line":67,"column":46},"end":{"line":87,"column":3}},"line":67},"8":{"name":"(anonymous_8)","decl":{"start":{"line":72,"column":12},"end":{"line":72,"column":13}},"loc":{"start":{"line":72,"column":29},"end":{"line":84,"column":5}},"line":72},"9":{"name":"(anonymous_9)","decl":{"start":{"line":79,"column":14},"end":{"line":79,"column":15}},"loc":{"start":{"line":79,"column":31},"end":{"line":81,"column":7}},"line":79},"10":{"name":"(anonymous_10)","decl":{"start":{"line":81,"column":15},"end":{"line":81,"column":16}},"loc":{"start":{"line":81,"column":32},"end":{"line":83,"column":7}},"line":81},"11":{"name":"(anonymous_11)","decl":{"start":{"line":84,"column":13},"end":{"line":84,"column":14}},"loc":{"start":{"line":84,"column":30},"end":{"line":86,"column":5}},"line":84},"12":{"name":"editEvent","decl":{"start":{"line":88,"column":22},"end":{"line":88,"column":31}},"loc":{"start":{"line":88,"column":42},"end":{"line":123,"column":3}},"line":88},"13":{"name":"(anonymous_13)","decl":{"start":{"line":93,"column":12},"end":{"line":93,"column":13}},"loc":{"start":{"line":93,"column":29},"end":{"line":122,"column":5}},"line":93},"14":{"name":"(anonymous_14)","decl":{"start":{"line":102,"column":82},"end":{"line":102,"column":83}},"loc":{"start":{"line":102,"column":100},"end":{"line":121,"column":7}},"line":102},"15":{"name":"(anonymous_15)","decl":{"start":{"line":118,"column":16},"end":{"line":118,"column":17}},"loc":{"start":{"line":118,"column":33},"end":{"line":120,"column":9}},"line":118}},"branchMap":{"0":{"loc":{"start":{"line":15,"column":46},"end":{"line":15,"column":92}},"type":"cond-expr","locations":[{"start":{"line":15,"column":70},"end":{"line":15,"column":73}},{"start":{"line":15,"column":76},"end":{"line":15,"column":92}}],"line":15},"1":{"loc":{"start":{"line":15,"column":46},"end":{"line":15,"column":67}},"type":"binary-expr","locations":[{"start":{"line":15,"column":46},"end":{"line":15,"column":49}},{"start":{"line":15,"column":53},"end":{"line":15,"column":67}}],"line":15},"2":{"loc":{"start":{"line":17,"column":44},"end":{"line":17,"column":195}},"type":"if","locations":[{"start":{"line":17,"column":44},"end":{"line":17,"column":195}},{"start":{"line":17,"column":44},"end":{"line":17,"column":195}}],"line":17},"3":{"loc":{"start":{"line":22,"column":4},"end":{"line":24,"column":5}},"type":"if","locations":[{"start":{"line":22,"column":4},"end":{"line":24,"column":5}},{"start":{"line":22,"column":4},"end":{"line":24,"column":5}}],"line":22},"4":{"loc":{"start":{"line":28,"column":6},"end":{"line":30,"column":7}},"type":"if","locations":[{"start":{"line":28,"column":6},"end":{"line":30,"column":7}},{"start":{"line":28,"column":6},"end":{"line":30,"column":7}}],"line":28},"5":{"loc":{"start":{"line":43,"column":8},"end":{"line":45,"column":9}},"type":"if","locations":[{"start":{"line":43,"column":8},"end":{"line":45,"column":9}},{"start":{"line":43,"column":8},"end":{"line":45,"column":9}}],"line":43},"6":{"loc":{"start":{"line":50,"column":10},"end":{"line":52,"column":11}},"type":"if","locations":[{"start":{"line":50,"column":10},"end":{"line":52,"column":11}},{"start":{"line":50,"column":10},"end":{"line":52,"column":11}}],"line":50},"7":{"loc":{"start":{"line":58,"column":12},"end":{"line":60,"column":13}},"type":"if","locations":[{"start":{"line":58,"column":12},"end":{"line":60,"column":13}},{"start":{"line":58,"column":12},"end":{"line":60,"column":13}}],"line":58},"8":{"loc":{"start":{"line":73,"column":6},"end":{"line":75,"column":7}},"type":"if","locations":[{"start":{"line":73,"column":6},"end":{"line":75,"column":7}},{"start":{"line":73,"column":6},"end":{"line":75,"column":7}}],"line":73},"9":{"loc":{"start":{"line":94,"column":6},"end":{"line":96,"column":7}},"type":"if","locations":[{"start":{"line":94,"column":6},"end":{"line":96,"column":7}},{"start":{"line":94,"column":6},"end":{"line":96,"column":7}}],"line":94},"10":{"loc":{"start":{"line":97,"column":26},"end":{"line":97,"column":80}},"type":"cond-expr","locations":[{"start":{"line":97,"column":46},"end":{"line":97,"column":63}},{"start":{"line":97,"column":66},"end":{"line":97,"column":80}}],"line":97},"11":{"loc":{"start":{"line":99,"column":6},"end":{"line":101,"column":7}},"type":"if","locations":[{"start":{"line":99,"column":6},"end":{"line":101,"column":7}},{"start":{"line":99,"column":6},"end":{"line":101,"column":7}}],"line":99},"12":{"loc":{"start":{"line":99,"column":10},"end":{"line":99,"column":88}},"type":"binary-expr","locations":[{"start":{"line":99,"column":10},"end":{"line":99,"column":58}},{"start":{"line":99,"column":62},"end":{"line":99,"column":88}}],"line":99},"13":{"loc":{"start":{"line":103,"column":8},"end":{"line":105,"column":9}},"type":"if","locations":[{"start":{"line":103,"column":8},"end":{"line":105,"column":9}},{"start":{"line":103,"column":8},"end":{"line":105,"column":9}}],"line":103},"14":{"loc":{"start":{"line":109,"column":8},"end":{"line":111,"column":9}},"type":"if","locations":[{"start":{"line":109,"column":8},"end":{"line":111,"column":9}},{"start":{"line":109,"column":8},"end":{"line":111,"column":9}}],"line":109}},"s":{"0":1,"1":1,"2":1,"3":1,"4":1,"5":1,"6":3,"7":24,"8":0,"9":24,"10":24,"11":1,"12":9,"13":9,"14":2,"15":7,"16":7,"17":1,"18":6,"19":6,"20":3,"21":3,"22":3,"23":0,"24":3,"25":3,"26":3,"27":0,"28":3,"29":1,"30":1,"31":0,"32":1,"33":1,"34":0,"35":0,"36":2,"37":2,"38":0,"39":2,"40":2,"41":0,"42":2,"43":2,"44":1,"45":1,"46":1,"47":1,"48":0,"49":1,"50":1,"51":1},"f":{"0":3,"1":24,"2":9,"3":7,"4":6,"5":3,"6":3,"7":1,"8":1,"9":1,"10":0,"11":0,"12":2,"13":2,"14":2,"15":1},"b":{"0":[1,2],"1":[3,3],"2":[0,24],"3":[2,7],"4":[1,6],"5":[3,3],"6":[0,3],"7":[0,3],"8":[0,1],"9":[0,2],"10":[2,0],"11":[0,2],"12":[2,2],"13":[1,1],"14":[0,1]},"_coverageSchema":"332fd63041d2c1bcb487cc26dd0d5f7d97098a6c","hash":"968dba4853265cc2777e46ddb7d86a41ee682dd6","contentHash":"2d2342cd484a033d7d440c105d87acba_11.3.0"},"C:\\Users\\T-naike\\Desktop\\MrTaiwo\\eventmanager\\server\\v2\\controllers\\_support\\event.js":{"path":"C:\\Users\\T-naike\\Desktop\\MrTaiwo\\eventmanager\\server\\v2\\controllers\\_support\\event.js","statementMap":{"0":{"start":{"line":3,"column":0},"end":{"line":5,"column":3}},"1":{"start":{"line":6,"column":0},"end":{"line":6,"column":28}},"2":{"start":{"line":8,"column":19},"end":{"line":8,"column":563}},"3":{"start":{"line":8,"column":76},"end":{"line":8,"column":347}},"4":{"start":{"line":8,"column":134},"end":{"line":8,"column":142}},"5":{"start":{"line":8,"column":144},"end":{"line":8,"column":199}},"6":{"start":{"line":8,"column":200},"end":{"line":8,"column":231}},"7":{"start":{"line":8,"column":232},"end":{"line":8,"column":286}},"8":{"start":{"line":8,"column":259},"end":{"line":8,"column":286}},"9":{"start":{"line":8,"column":287},"end":{"line":8,"column":345}},"10":{"start":{"line":8,"column":350},"end":{"line":8,"column":559}},"11":{"start":{"line":8,"column":407},"end":{"line":8,"column":475}},"12":{"start":{"line":8,"column":423},"end":{"line":8,"column":475}},"13":{"start":{"line":8,"column":476},"end":{"line":8,"column":536}},"14":{"start":{"line":8,"column":493},"end":{"line":8,"column":536}},"15":{"start":{"line":8,"column":537},"end":{"line":8,"column":556}},"16":{"start":{"line":10,"column":17},"end":{"line":10,"column":37}},"17":{"start":{"line":12,"column":18},"end":{"line":12,"column":52}},"18":{"start":{"line":14,"column":14},"end":{"line":14,"column":31}},"19":{"start":{"line":16,"column":15},"end":{"line":16,"column":46}},"20":{"start":{"line":18,"column":39},"end":{"line":18,"column":93}},"21":{"start":{"line":20,"column":50},"end":{"line":20,"column":151}},"22":{"start":{"line":20,"column":92},"end":{"line":20,"column":149}},"23":{"start":{"line":22,"column":12},"end":{"line":125,"column":3}},"24":{"start":{"line":24,"column":4},"end":{"line":24,"column":33}},"25":{"start":{"line":26,"column":4},"end":{"line":26,"column":23}},"26":{"start":{"line":27,"column":4},"end":{"line":27,"column":33}},"27":{"start":{"line":28,"column":4},"end":{"line":28,"column":87}},"28":{"start":{"line":29,"column":4},"end":{"line":29,"column":83}},"29":{"start":{"line":30,"column":4},"end":{"line":30,"column":28}},"30":{"start":{"line":33,"column":2},"end":{"line":122,"column":6}},"31":{"start":{"line":36,"column":6},"end":{"line":36,"column":54}},"32":{"start":{"line":37,"column":6},"end":{"line":37,"column":118}},"33":{"start":{"line":38,"column":6},"end":{"line":38,"column":110}},"34":{"start":{"line":43,"column":6},"end":{"line":46,"column":7}},"35":{"start":{"line":44,"column":8},"end":{"line":44,"column":64}},"36":{"start":{"line":45,"column":8},"end":{"line":45,"column":26}},"37":{"start":{"line":48,"column":6},"end":{"line":51,"column":7}},"38":{"start":{"line":49,"column":8},"end":{"line":49,"column":76}},"39":{"start":{"line":50,"column":8},"end":{"line":50,"column":26}},"40":{"start":{"line":53,"column":6},"end":{"line":56,"column":7}},"41":{"start":{"line":54,"column":8},"end":{"line":54,"column":70}},"42":{"start":{"line":55,"column":8},"end":{"line":55,"column":26}},"43":{"start":{"line":58,"column":6},"end":{"line":61,"column":7}},"44":{"start":{"line":59,"column":8},"end":{"line":59,"column":73}},"45":{"start":{"line":60,"column":8},"end":{"line":60,"column":26}},"46":{"start":{"line":62,"column":21},"end":{"line":62,"column":70}},"47":{"start":{"line":63,"column":23},"end":{"line":63,"column":74}},"48":{"start":{"line":65,"column":6},"end":{"line":68,"column":7}},"49":{"start":{"line":66,"column":8},"end":{"line":66,"column":85}},"50":{"start":{"line":67,"column":8},"end":{"line":67,"column":26}},"51":{"start":{"line":73,"column":6},"end":{"line":73,"column":37}},"52":{"start":{"line":79,"column":6},"end":{"line":81,"column":7}},"53":{"start":{"line":80,"column":8},"end":{"line":80,"column":21}},"54":{"start":{"line":83,"column":18},"end":{"line":83,"column":39}},"55":{"start":{"line":84,"column":16},"end":{"line":84,"column":38}},"56":{"start":{"line":85,"column":18},"end":{"line":85,"column":40}},"57":{"start":{"line":86,"column":17},"end":{"line":86,"column":39}},"58":{"start":{"line":88,"column":6},"end":{"line":88,"column":79}},"59":{"start":{"line":88,"column":66},"end":{"line":88,"column":79}},"60":{"start":{"line":90,"column":24},"end":{"line":90,"column":72}},"61":{"start":{"line":92,"column":6},"end":{"line":92,"column":83}},"62":{"start":{"line":92,"column":63},"end":{"line":92,"column":83}},"63":{"start":{"line":94,"column":6},"end":{"line":94,"column":54}},"64":{"start":{"line":99,"column":6},"end":{"line":99,"column":33}},"65":{"start":{"line":99,"column":23},"end":{"line":99,"column":33}},"66":{"start":{"line":100,"column":6},"end":{"line":100,"column":32}},"67":{"start":{"line":105,"column":6},"end":{"line":105,"column":74}},"68":{"start":{"line":110,"column":6},"end":{"line":110,"column":22}},"69":{"start":{"line":111,"column":6},"end":{"line":111,"column":25}},"70":{"start":{"line":116,"column":6},"end":{"line":120,"column":8}},"71":{"start":{"line":124,"column":2},"end":{"line":124,"column":15}},"72":{"start":{"line":127,"column":0},"end":{"line":127,"column":24}}},"fnMap":{"0":{"name":"(anonymous_0)","decl":{"start":{"line":8,"column":19},"end":{"line":8,"column":20}},"loc":{"start":{"line":8,"column":31},"end":{"line":8,"column":561}},"line":8},"1":{"name":"defineProperties","decl":{"start":{"line":8,"column":42},"end":{"line":8,"column":58}},"loc":{"start":{"line":8,"column":74},"end":{"line":8,"column":349}},"line":8},"2":{"name":"(anonymous_2)","decl":{"start":{"line":8,"column":357},"end":{"line":8,"column":358}},"loc":{"start":{"line":8,"column":405},"end":{"line":8,"column":558}},"line":8},"3":{"name":"_interopRequireDefault","decl":{"start":{"line":18,"column":9},"end":{"line":18,"column":31}},"loc":{"start":{"line":18,"column":37},"end":{"line":18,"column":95}},"line":18},"4":{"name":"_classCallCheck","decl":{"start":{"line":20,"column":9},"end":{"line":20,"column":24}},"loc":{"start":{"line":20,"column":48},"end":{"line":20,"column":153}},"line":20},"5":{"name":"(anonymous_5)","decl":{"start":{"line":22,"column":12},"end":{"line":22,"column":13}},"loc":{"start":{"line":22,"column":24},"end":{"line":125,"column":1}},"line":22},"6":{"name":"Event","decl":{"start":{"line":23,"column":11},"end":{"line":23,"column":16}},"loc":{"start":{"line":23,"column":24},"end":{"line":31,"column":3}},"line":23},"7":{"name":"load","decl":{"start":{"line":35,"column":20},"end":{"line":35,"column":24}},"loc":{"start":{"line":35,"column":32},"end":{"line":39,"column":5}},"line":35},"8":{"name":"validate","decl":{"start":{"line":42,"column":20},"end":{"line":42,"column":28}},"loc":{"start":{"line":42,"column":31},"end":{"line":69,"column":5}},"line":42},"9":{"name":"toValidatorString","decl":{"start":{"line":72,"column":20},"end":{"line":72,"column":37}},"loc":{"start":{"line":72,"column":45},"end":{"line":74,"column":5}},"line":72},"10":{"name":"isValidDate","decl":{"start":{"line":77,"column":20},"end":{"line":77,"column":31}},"loc":{"start":{"line":77,"column":44},"end":{"line":95,"column":5}},"line":77},"11":{"name":"getErrors","decl":{"start":{"line":98,"column":20},"end":{"line":98,"column":29}},"loc":{"start":{"line":98,"column":32},"end":{"line":101,"column":5}},"line":98},"12":{"name":"datetoString","decl":{"start":{"line":104,"column":20},"end":{"line":104,"column":32}},"loc":{"start":{"line":104,"column":39},"end":{"line":106,"column":5}},"line":104},"13":{"name":"safe","decl":{"start":{"line":109,"column":20},"end":{"line":109,"column":24}},"loc":{"start":{"line":109,"column":27},"end":{"line":112,"column":5}},"line":109},"14":{"name":"toJSON","decl":{"start":{"line":115,"column":20},"end":{"line":115,"column":26}},"loc":{"start":{"line":115,"column":29},"end":{"line":121,"column":5}},"line":115}},"branchMap":{"0":{"loc":{"start":{"line":8,"column":168},"end":{"line":8,"column":198}},"type":"binary-expr","locations":[{"start":{"line":8,"column":168},"end":{"line":8,"column":189}},{"start":{"line":8,"column":193},"end":{"line":8,"column":198}}],"line":8},"1":{"loc":{"start":{"line":8,"column":232},"end":{"line":8,"column":286}},"type":"if","locations":[{"start":{"line":8,"column":232},"end":{"line":8,"column":286}},{"start":{"line":8,"column":232},"end":{"line":8,"column":286}}],"line":8},"2":{"loc":{"start":{"line":8,"column":407},"end":{"line":8,"column":475}},"type":"if","locations":[{"start":{"line":8,"column":407},"end":{"line":8,"column":475}},{"start":{"line":8,"column":407},"end":{"line":8,"column":475}}],"line":8},"3":{"loc":{"start":{"line":8,"column":476},"end":{"line":8,"column":536}},"type":"if","locations":[{"start":{"line":8,"column":476},"end":{"line":8,"column":536}},{"start":{"line":8,"column":476},"end":{"line":8,"column":536}}],"line":8},"4":{"loc":{"start":{"line":18,"column":46},"end":{"line":18,"column":92}},"type":"cond-expr","locations":[{"start":{"line":18,"column":70},"end":{"line":18,"column":73}},{"start":{"line":18,"column":76},"end":{"line":18,"column":92}}],"line":18},"5":{"loc":{"start":{"line":18,"column":46},"end":{"line":18,"column":67}},"type":"binary-expr","locations":[{"start":{"line":18,"column":46},"end":{"line":18,"column":49}},{"start":{"line":18,"column":53},"end":{"line":18,"column":67}}],"line":18},"6":{"loc":{"start":{"line":20,"column":50},"end":{"line":20,"column":151}},"type":"if","locations":[{"start":{"line":20,"column":50},"end":{"line":20,"column":151}},{"start":{"line":20,"column":50},"end":{"line":20,"column":151}}],"line":20},"7":{"loc":{"start":{"line":27,"column":16},"end":{"line":27,"column":32}},"type":"binary-expr","locations":[{"start":{"line":27,"column":16},"end":{"line":27,"column":26}},{"start":{"line":27,"column":30},"end":{"line":27,"column":32}}],"line":27},"8":{"loc":{"start":{"line":28,"column":21},"end":{"line":28,"column":86}},"type":"binary-expr","locations":[{"start":{"line":28,"column":21},"end":{"line":28,"column":80}},{"start":{"line":28,"column":84},"end":{"line":28,"column":86}}],"line":28},"9":{"loc":{"start":{"line":29,"column":19},"end":{"line":29,"column":82}},"type":"binary-expr","locations":[{"start":{"line":29,"column":19},"end":{"line":29,"column":76}},{"start":{"line":29,"column":80},"end":{"line":29,"column":82}}],"line":29},"10":{"loc":{"start":{"line":36,"column":18},"end":{"line":36,"column":53}},"type":"cond-expr","locations":[{"start":{"line":36,"column":31},"end":{"line":36,"column":41}},{"start":{"line":36,"column":44},"end":{"line":36,"column":53}}],"line":36},"11":{"loc":{"start":{"line":37,"column":23},"end":{"line":37,"column":117}},"type":"cond-expr","locations":[{"start":{"line":37,"column":41},"end":{"line":37,"column":56}},{"start":{"line":37,"column":59},"end":{"line":37,"column":117}}],"line":37},"12":{"loc":{"start":{"line":38,"column":21},"end":{"line":38,"column":109}},"type":"cond-expr","locations":[{"start":{"line":38,"column":37},"end":{"line":38,"column":50}},{"start":{"line":38,"column":53},"end":{"line":38,"column":109}}],"line":38},"13":{"loc":{"start":{"line":43,"column":6},"end":{"line":46,"column":7}},"type":"if","locations":[{"start":{"line":43,"column":6},"end":{"line":46,"column":7}},{"start":{"line":43,"column":6},"end":{"line":46,"column":7}}],"line":43},"14":{"loc":{"start":{"line":48,"column":6},"end":{"line":51,"column":7}},"type":"if","locations":[{"start":{"line":48,"column":6},"end":{"line":51,"column":7}},{"start":{"line":48,"column":6},"end":{"line":51,"column":7}}],"line":48},"15":{"loc":{"start":{"line":48,"column":10},"end":{"line":48,"column":114}},"type":"binary-expr","locations":[{"start":{"line":48,"column":10},"end":{"line":48,"column":77}},{"start":{"line":48,"column":81},"end":{"line":48,"column":114}}],"line":48},"16":{"loc":{"start":{"line":53,"column":6},"end":{"line":56,"column":7}},"type":"if","locations":[{"start":{"line":53,"column":6},"end":{"line":56,"column":7}},{"start":{"line":53,"column":6},"end":{"line":56,"column":7}}],"line":53},"17":{"loc":{"start":{"line":58,"column":6},"end":{"line":61,"column":7}},"type":"if","locations":[{"start":{"line":58,"column":6},"end":{"line":61,"column":7}},{"start":{"line":58,"column":6},"end":{"line":61,"column":7}}],"line":58},"18":{"loc":{"start":{"line":58,"column":10},"end":{"line":58,"column":110}},"type":"binary-expr","locations":[{"start":{"line":58,"column":10},"end":{"line":58,"column":75}},{"start":{"line":58,"column":79},"end":{"line":58,"column":110}}],"line":58},"19":{"loc":{"start":{"line":65,"column":6},"end":{"line":68,"column":7}},"type":"if","locations":[{"start":{"line":65,"column":6},"end":{"line":68,"column":7}},{"start":{"line":65,"column":6},"end":{"line":68,"column":7}}],"line":65},"20":{"loc":{"start":{"line":73,"column":13},"end":{"line":73,"column":36}},"type":"cond-expr","locations":[{"start":{"line":73,"column":21},"end":{"line":73,"column":31}},{"start":{"line":73,"column":34},"end":{"line":73,"column":36}}],"line":73},"21":{"loc":{"start":{"line":79,"column":6},"end":{"line":81,"column":7}},"type":"if","locations":[{"start":{"line":79,"column":6},"end":{"line":81,"column":7}},{"start":{"line":79,"column":6},"end":{"line":81,"column":7}}],"line":79},"22":{"loc":{"start":{"line":88,"column":6},"end":{"line":88,"column":79}},"type":"if","locations":[{"start":{"line":88,"column":6},"end":{"line":88,"column":79}},{"start":{"line":88,"column":6},"end":{"line":88,"column":79}}],"line":88},"23":{"loc":{"start":{"line":88,"column":10},"end":{"line":88,"column":64}},"type":"binary-expr","locations":[{"start":{"line":88,"column":10},"end":{"line":88,"column":21}},{"start":{"line":88,"column":25},"end":{"line":88,"column":36}},{"start":{"line":88,"column":40},"end":{"line":88,"column":50}},{"start":{"line":88,"column":54},"end":{"line":88,"column":64}}],"line":88},"24":{"loc":{"start":{"line":92,"column":6},"end":{"line":92,"column":83}},"type":"if","locations":[{"start":{"line":92,"column":6},"end":{"line":92,"column":83}},{"start":{"line":92,"column":6},"end":{"line":92,"column":83}}],"line":92},"25":{"loc":{"start":{"line":92,"column":10},"end":{"line":92,"column":61}},"type":"binary-expr","locations":[{"start":{"line":92,"column":10},"end":{"line":92,"column":25}},{"start":{"line":92,"column":29},"end":{"line":92,"column":44}},{"start":{"line":92,"column":48},"end":{"line":92,"column":61}}],"line":92},"26":{"loc":{"start":{"line":94,"column":13},"end":{"line":94,"column":53}},"type":"binary-expr","locations":[{"start":{"line":94,"column":13},"end":{"line":94,"column":20}},{"start":{"line":94,"column":24},"end":{"line":94,"column":53}}],"line":94},"27":{"loc":{"start":{"line":99,"column":6},"end":{"line":99,"column":33}},"type":"if","locations":[{"start":{"line":99,"column":6},"end":{"line":99,"column":33}},{"start":{"line":99,"column":6},"end":{"line":99,"column":33}}],"line":99}},"s":{"0":1,"1":1,"2":1,"3":1,"4":8,"5":8,"6":8,"7":8,"8":8,"9":8,"10":1,"11":1,"12":1,"13":1,"14":0,"15":1,"16":1
[...]
eropRequireDefault","decl":{"start":{"line":35,"column":9},"end":{"line":35,"column":31}},"loc":{"start":{"line":35,"column":37},"end":{"line":35,"column":95}},"line":35},"1":{"name":"(anonymous_1)","decl":{"start":{"line":45,"column":23},"end":{"line":45,"column":24}},"loc":{"start":{"line":45,"column":35},"end":{"line":89,"column":1}},"line":45},"2":{"name":"(anonymous_2)","decl":{"start":{"line":46,"column":31},"end":{"line":46,"column":32}},"loc":{"start":{"line":46,"column":47},"end":{"line":55,"column":3}},"line":46},"3":{"name":"(anonymous_3)","decl":{"start":{"line":51,"column":112},"end":{"line":51,"column":113}},"loc":{"start":{"line":51,"column":132},"end":{"line":54,"column":5}},"line":51},"4":{"name":"(anonymous_4)","decl":{"start":{"line":57,"column":31},"end":{"line":57,"column":32}},"loc":{"start":{"line":57,"column":47},"end":{"line":62,"column":3}},"line":57},"5":{"name":"(anonymous_5)","decl":{"start":{"line":58,"column":115},"end":{"line":58,"column":116}},"loc":{"start":{"line":58,"column":135},"end":{"line":61,"column":5}},"line":58},"6":{"name":"(anonymous_6)","decl":{"start":{"line":64,"column":32},"end":{"line":64,"column":33}},"loc":{"start":{"line":64,"column":48},"end":{"line":70,"column":3}},"line":64},"7":{"name":"(anonymous_7)","decl":{"start":{"line":65,"column":115},"end":{"line":65,"column":116}},"loc":{"start":{"line":65,"column":135},"end":{"line":69,"column":5}},"line":65},"8":{"name":"(anonymous_8)","decl":{"start":{"line":72,"column":26},"end":{"line":72,"column":27}},"loc":{"start":{"line":72,"column":42},"end":{"line":78,"column":3}},"line":72},"9":{"name":"(anonymous_9)","decl":{"start":{"line":73,"column":118},"end":{"line":73,"column":119}},"loc":{"start":{"line":73,"column":138},"end":{"line":77,"column":5}},"line":73},"10":{"name":"(anonymous_10)","decl":{"start":{"line":80,"column":29},"end":{"line":80,"column":30}},"loc":{"start":{"line":80,"column":45},"end":{"line":88,"column":3}},"line":80},"11":{"name":"(anonymous_11)","decl":{"start":{"line":81,"column":145},"end":{"line":81,"column":146}},"loc":{"start":{"line":81,"column":165},"end":{"line":87,"column":5}},"line":81},"12":{"name":"(anonymous_12)","decl":{"start":{"line":91,"column":25},"end":{"line":91,"column":26}},"loc":{"start":{"line":91,"column":37},"end":{"line":192,"column":1}},"line":91},"13":{"name":"(anonymous_13)","decl":{"start":{"line":92,"column":28},"end":{"line":92,"column":29}},"loc":{"start":{"line":92,"column":44},"end":{"line":101,"column":3}},"line":92},"14":{"name":"(anonymous_14)","decl":{"start":{"line":94,"column":141},"end":{"line":94,"column":142}},"loc":{"start":{"line":94,"column":161},"end":{"line":100,"column":5}},"line":94},"15":{"name":"(anonymous_15)","decl":{"start":{"line":103,"column":45},"end":{"line":103,"column":46}},"loc":{"start":{"line":103,"column":61},"end":{"line":111,"column":3}},"line":103},"16":{"name":"(anonymous_16)","decl":{"start":{"line":105,"column":152},"end":{"line":105,"column":153}},"loc":{"start":{"line":105,"column":172},"end":{"line":110,"column":5}},"line":105},"17":{"name":"(anonymous_17)","decl":{"start":{"line":113,"column":47},"end":{"line":113,"column":48}},"loc":{"start":{"line":113,"column":63},"end":{"line":121,"column":3}},"line":113},"18":{"name":"(anonymous_18)","decl":{"start":{"line":115,"column":149},"end":{"line":115,"column":150}},"loc":{"start":{"line":115,"column":169},"end":{"line":120,"column":5}},"line":115},"19":{"name":"(anonymous_19)","decl":{"start":{"line":123,"column":54},"end":{"line":123,"column":55}},"loc":{"start":{"line":123,"column":70},"end":{"line":131,"column":3}},"line":123},"20":{"name":"(anonymous_20)","decl":{"start":{"line":125,"column":147},"end":{"line":125,"column":148}},"loc":{"start":{"line":125,"column":167},"end":{"line":130,"column":5}},"line":125},"21":{"name":"(anonymous_21)","decl":{"start":{"line":133,"column":54},"end":{"line":133,"column":55}},"loc":{"start":{"line":133,"column":70},"end":{"line":141,"column":3}},"line":133},"22":{"name":"(anonymous_22)","decl":{"start":{"line":135,"column":147},"end":{"line":135,"column":148}},"loc":{"start":{"line":135,"column":167},"end":{"line":140,"column":5}},"line":135},"23":{"name":"(anonymous_23)","decl":{"start":{"line":143,"column":51},"end":{"line":143,"column":52}},"loc":{"start":{"line":143,"column":67},"end":{"line":151,"column":3}},"line":143},"24":{"name":"(anonymous_24)","decl":{"start":{"line":145,"column":153},"end":{"line":145,"column":154}},"loc":{"start":{"line":145,"column":173},"end":{"line":150,"column":5}},"line":145},"25":{"name":"(anonymous_25)","decl":{"start":{"line":153,"column":45},"end":{"line":153,"column":46}},"loc":{"start":{"line":153,"column":61},"end":{"line":160,"column":3}},"line":153},"26":{"name":"(anonymous_26)","decl":{"start":{"line":154,"column":142},"end":{"line":154,"column":143}},"loc":{"start":{"line":154,"column":162},"end":{"line":159,"column":5}},"line":154},"27":{"name":"(anonymous_27)","decl":{"start":{"line":162,"column":59},"end":{"line":162,"column":60}},"loc":{"start":{"line":162,"column":75},"end":{"line":170,"column":3}},"line":162},"28":{"name":"(anonymous_28)","decl":{"start":{"line":164,"column":158},"end":{"line":164,"column":159}},"loc":{"start":{"line":164,"column":178},"end":{"line":169,"column":5}},"line":164},"29":{"name":"(anonymous_29)","decl":{"start":{"line":172,"column":66},"end":{"line":172,"column":67}},"loc":{"start":{"line":172,"column":82},"end":{"line":180,"column":3}},"line":172},"30":{"name":"(anonymous_30)","decl":{"start":{"line":174,"column":161},"end":{"line":174,"column":162}},"loc":{"start":{"line":174,"column":181},"end":{"line":179,"column":5}},"line":174},"31":{"name":"(anonymous_31)","decl":{"start":{"line":182,"column":57},"end":{"line":182,"column":58}},"loc":{"start":{"line":182,"column":73},"end":{"line":191,"column":3}},"line":182},"32":{"name":"(anonymous_32)","decl":{"start":{"line":184,"column":141},"end":{"line":184,"column":142}},"loc":{"start":{"line":184,"column":161},"end":{"line":190,"column":5}},"line":184},"33":{"name":"(anonymous_33)","decl":{"start":{"line":194,"column":24},"end":{"line":194,"column":25}},"loc":{"start":{"line":194,"column":36},"end":{"line":223,"column":1}},"line":194},"34":{"name":"(anonymous_34)","decl":{"start":{"line":195,"column":28},"end":{"line":195,"column":29}},"loc":{"start":{"line":195,"column":44},"end":{"line":202,"column":3}},"line":195},"35":{"name":"(anonymous_35)","decl":{"start":{"line":197,"column":159},"end":{"line":197,"column":160}},"loc":{"start":{"line":197,"column":179},"end":{"line":201,"column":5}},"line":197},"36":{"name":"(anonymous_36)","decl":{"start":{"line":204,"column":45},"end":{"line":204,"column":46}},"loc":{"start":{"line":204,"column":61},"end":{"line":211,"column":3}},"line":204},"37":{"name":"(anonymous_37)","decl":{"start":{"line":205,"column":152},"end":{"line":205,"column":153}},"loc":{"start":{"line":205,"column":172},"end":{"line":210,"column":5}},"line":205},"38":{"name":"(anonymous_38)","decl":{"start":{"line":213,"column":57},"end":{"line":213,"column":58}},"loc":{"start":{"line":213,"column":73},"end":{"line":222,"column":3}},"line":213},"39":{"name":"(anonymous_39)","decl":{"start":{"line":215,"column":151},"end":{"line":215,"column":152}},"loc":{"start":{"line":215,"column":171},"end":{"line":221,"column":5}},"line":215},"40":{"name":"(anonymous_40)","decl":{"start":{"line":225,"column":27},"end":{"line":225,"column":28}},"loc":{"start":{"line":225,"column":39},"end":{"line":234,"column":1}},"line":225},"41":{"name":"(anonymous_41)","decl":{"start":{"line":226,"column":28},"end":{"line":226,"column":29}},"loc":{"start":{"line":226,"column":44},"end":{"line":233,"column":3}},"line":226},"42":{"name":"(anonymous_42)","decl":{"start":{"line":228,"column":113},"end":{"line":228,"column":114}},"loc":{"start":{"line":228,"column":133},"end":{"line":232,"column":5}},"line":228}},"branchMap":{"0":{"loc":{"start":{"line":35,"column":46},"end":{"line":35,"column":92}},"type":"cond-expr","locations":[{"start":{"line":35,"column":70},"end":{"line":35,"column":73}},{"start":{"line":35,"column":76},"end":{"line":35,"column":92}}],"line":35},"1":{"loc":{"start":{"line":35,"column":46},"end":{"line":35,"column":67}},"type":"binary-expr","locations":[{"start":{"line":35,"column":46},"end":{"line":35,"column":49}},{"start":{"line":35,"column":53},"end":{"line":35,"column":67}}],"line":35}},"s":{"0":1,"1":1,"2":1,"3":1,"4":1,"5":1,"6":1,"7":1,"8":1,"9":1,"10":1,"11":1,"12":1,"13":1,"14":1,"15":1,"16":8,"17":1,"18":1,"19":1,"20":1,"21":1,"22":1,"23":1,"24":1,"25":1,"26":1,"27":1,"28":1,"29":1,"30":1,"31":1,"32":1,"33":1,"34":1,"35":1,"36":1,"37":1,"38":1,"39":1,"40":1,"41":1,"42":1,"43":1,"44":1,"45":1,"46":1,"47":1,"48":1,"49":1,"50":1,"51":1,"52":1,"53":1,"54":1,"55":1,"56":1,"57":1,"58":1,"59":1,"60":1,"61":1,"62":1,"63":1,"64":1,"65":1,"66":1,"67":1,"68":1,"69":1,"70":1,"71":1,"72":1,"73":1,"74":1,"75":1,"76":1,"77":1,"78":1,"79":1,"80":1,"81":1,"82":1,"83":1,"84":1,"85":1,"86":1,"87":1,"88":1,"89":1,"90":1,"91":1,"92":1,"93":1,"94":1,"95":1,"96":1,"97":1,"98":1,"99":1,"100":1,"101":1,"102":1,"103":1,"104":1,"105":1,"106":1,"107":1,"108":1,"109":1,"110":1,"111":1,"112":1,"113":1,"114":1,"115":1,"116":1,"117":1,"118":1,"119":1,"120":1,"121":1,"122":1,"123":1,"124":1,"125":1,"126":1,"127":1,"128":1,"129":1,"130":1,"131":1,"132":1,"133":1,"134":1,"135":1,"136":1,"137":1,"138":1,"139":1,"140":1,"141":1,"142":1,"143":1,"144":1,"145":1,"146":1,"147":1,"148":1,"149":1,"150":1,"151":1},"f":{"0":8,"1":1,"2":1,"3":1,"4":1,"5":1,"6":1,"7":1,"8":1,"9":1,"10":1,"11":1,"12":1,"13":1,"14":1,"15":1,"16":1,"17":1,"18":1,"19":1,"20":1,"21":1,"22":1,"23":1,"24":1,"25":1,"26":1,"27":1,"28":1,"29":1,"30":1,"31":1,"32":1,"33":1,"34":1,"35":1,"36":1,"37":1,"38":1,"39":1,"40":1,"41":1,"42":1},"b":{"0":[0,8],"1":[8,8]},"_coverageSchema":"332fd63041d2c1bcb487cc26dd0d5f7d97098a6c","hash":"6cfd98d9b56085e8b79a14c1704e395fd64d4370","contentHash":"648e54715a649e9c7568063ac0375261_11.3.0"},"C:\\Users\\T-naike\\Desktop\\MrTaiwo\\eventmanager\\server\\v2\\test\\fixtures\\events.js":{"path":"C:\\Users\\T-naike\\Desktop\\MrTaiwo\\eventmanager\\server\\v2\\test\\fixtures\\events.js","statementMap":{"0":{"start":{"line":3,"column":0},"end":{"line":62,"column":2}}},"fnMap":{},"branchMap":{},"s":{"0":1},"f":{},"b":{},"_coverageSchema":"332fd63041d2c1bcb487cc26dd0d5f7d97098a6c","hash":"55c37e56840e79bb8491a14de04ceea27bc086fe","contentHash":"48aea4ee046187693c25e981bfb989df_11.3.0"},"C:\\Users\\T-naike\\Desktop\\MrTaiwo\\eventmanager\\server\\v2\\test\\user.spec.js":{"path":"C:\\Users\\T-naike\\Desktop\\MrTaiwo\\eventmanager\\server\\v2\\test\\user.spec.js","statementMap":{"0":{"start":{"line":3,"column":17},"end":{"line":3,"column":37}},"1":{"start":{"line":5,"column":18},"end":{"line":5,"column":52}},"2":{"start":{"line":7,"column":12},"end":{"line":7,"column":27}},"3":{"start":{"line":9,"column":13},"end":{"line":9,"column":42}},"4":{"start":{"line":11,"column":16},"end":{"line":11,"column":36}},"5":{"start":{"line":13,"column":17},"end":{"line":13,"column":50}},"6":{"start":{"line":15,"column":13},"end":{"line":15,"column":35}},"7":{"start":{"line":17,"column":14},"end":{"line":17,"column":44}},"8":{"start":{"line":19,"column":13},"end":{"line":19,"column":40}},"9":{"start":{"line":21,"column":14},"end":{"line":21,"column":44}},"10":{"start":{"line":23,"column":14},"end":{"line":23,"column":34}},"11":{"start":{"line":25,"column":15},"end":{"line":25,"column":46}},"12":{"start":{"line":27,"column":39},"end":{"line":27,"column":93}},"13":{"start":{"line":29,"column":13},"end":{"line":29,"column":34}},"14":{"start":{"line":30,"column":0},"end":{"line":30,"column":39}},"15":{"start":{"line":32,"column":0},"end":{"line":37,"column":3}},"16":{"start":{"line":33,"column":2},"end":{"line":36,"column":5}},"17":{"start":{"line":34,"column":4},"end":{"line":34,"column":55}},"18":{"start":{"line":35,"column":4},"end":{"line":35,"column":11}},"19":{"start":{"line":39,"column":0},"end":{"line":67,"column":3}},"20":{"start":{"line":40,"column":2},"end":{"line":45,"column":5}},"21":{"start":{"line":41,"column":4},"end":{"line":44,"column":7}},"22":{"start":{"line":42,"column":6},"end":{"line":42,"column":38}},"23":{"start":{"line":43,"column":6},"end":{"line":43,"column":13}},"24":{"start":{"line":47,"column":2},"end":{"line":55,"column":5}},"25":{"start":{"line":48,"column":4},"end":{"line":54,"column":7}},"26":{"start":{"line":49,"column":6},"end":{"line":49,"column":38}},"27":{"start":{"line":50,"column":6},"end":{"line":50,"column":29}},"28":{"start":{"line":51,"column":6},"end":{"line":51,"column":71}},"29":{"start":{"line":52,"column":6},"end":{"line":52,"column":126}},"30":{"start":{"line":53,"column":6},"end":{"line":53,"column":13}},"31":{"start":{"line":57,"column":2},"end":{"line":66,"column":5}},"32":{"start":{"line":58,"column":4},"end":{"line":65,"column":7}},"33":{"start":{"line":59,"column":6},"end":{"line":59,"column":38}},"34":{"start":{"line":60,"column":6},"end":{"line":60,"column":29}},"35":{"start":{"line":61,"column":6},"end":{"line":61,"column":71}},"36":{"start":{"line":63,"column":6},"end":{"line":63,"column":140}},"37":{"start":{"line":64,"column":6},"end":{"line":64,"column":13}},"38":{"start":{"line":69,"column":0},"end":{"line":108,"column":3}},"39":{"start":{"line":70,"column":2},"end":{"line":78,"column":5}},"40":{"start":{"line":71,"column":4},"end":{"line":77,"column":7}},"41":{"start":{"line":72,"column":6},"end":{"line":72,"column":38}},"42":{"start":{"line":73,"column":6},"end":{"line":73,"column":29}},"43":{"start":{"line":74,"column":6},"end":{"line":74,"column":71}},"44":{"start":{"line":75,"column":6},"end":{"line":75,"column":99}},"45":{"start":{"line":76,"column":6},"end":{"line":76,"column":13}},"46":{"start":{"line":80,"column":2},"end":{"line":88,"column":5}},"47":{"start":{"line":81,"column":4},"end":{"line":87,"column":7}},"48":{"start":{"line":82,"column":6},"end":{"line":82,"column":38}},"49":{"start":{"line":83,"column":6},"end":{"line":83,"column":29}},"50":{"start":{"line":84,"column":6},"end":{"line":84,"column":71}},"51":{"start":{"line":85,"column":6},"end":{"line":85,"column":99}},"52":{"start":{"line":86,"column":6},"end":{"line":86,"column":13}},"53":{"start":{"line":90,"column":2},"end":{"line":98,"column":5}},"54":{"start":{"line":91,"column":4},"end":{"line":97,"column":7}},"55":{"start":{"line":92,"column":6},"end":{"line":92,"column":38}},"56":{"start":{"line":93,"column":6},"end":{"line":93,"column":29}},"57":{"start":{"line":94,"column":6},"end":{"line":94,"column":71}},"58":{"start":{"line":95,"column":6},"end":{"line":95,"column":99}},"59":{"start":{"line":96,"column":6},"end":{"line":96,"column":13}},"60":{"start":{"line":100,"column":2},"end":{"line":107,"column":5}},"61":{"start":{"line":101,"column":4},"end":{"line":106,"column":7}},"62":{"start":{"line":102,"column":6},"end":{"line":102,"column":38}},"63":{"start":{"line":103,"column":6},"end":{"line":103,"column":29}},"64":{"start":{"line":104,"column":6},"end":{"line":104,"column":70}},"65":{"start":{"line":105,"column":6},"end":{"line":105,"column":13}}},"fnMap":{"0":{"name":"_interopRequireDefault","decl":{"start":{"line":27,"column":9},"end":{"line":27,"column":31}},"loc":{"start":{"line":27,"column":37},"end":{"line":27,"column":95}},"line":27},"1":{"name":"(anonymous_1)","decl":{"start":{"line":32,"column":23},"end":{"line":32,"column":24}},"loc":{"start":{"line":32,"column":35},"end":{"line":37,"column":1}},"line":32},"2":{"name":"(anonymous_2)","decl":{"start":{"line":33,"column":31},"end":{"line":33,"column":32}},"loc":{"start":{"line":33,"column":47},"end":{"line":36,"column":3}},"line":33},"3":{"name":"(anonymous_3)","decl":{"start":{"line":39,"column":24},"end":{"line":39,"column":25}},"loc":{"start":{"line":39,"column":36},"end":{"line":67,"column":1}},"line":39},"4":{"name":"(anonymous_4)","decl":{"start":{"line":40,"column":33},"end":{"line":40,"column":34}},"loc":{"start":{"line":40,"column":49},"end":{"line":45,"column":3}},"line":40},"5":{"name":"(anonymous_5)","decl":{"start":{"line":41,"column":112},"end":{"line":41,"column":113}},"loc":{"start":{"line":41,"column":132},"end":{"line":44,"column":5}},"line":41},"6":{"name":"(anonymous_6)","decl":{"start":{"line":47,"column":54},"end":{"line":47,"column":55}},"loc":{"start":{"line":47,"column":70},"end":{"line":55,"column":3}},"line":47},"7":{"name":"(anonymous_7)","decl":{"start":{"line":48,"column":112},"end":{"line":48,"column":113}},"loc":{"start":{"line":48,"column":132},"end":{"line":54,"column":5}},"line":48},"8":{"name":"(anonymous_8)","decl":{"start":{"line":57,"column":55},"end":{"line":57,"column":56}},"loc":{"start":{"line":57,"column":71},"end":{"line":66,"column":3}},"line":57},"9":{"name":"(anonymous_9)","decl":{"start":{"line":58,"column":124},"end":{"line":58,"column":125}},"loc":{"start":{"line":58,"column":144},"end":{"line":65,"column":5}},"line":58},"10":{"name":"(anonymous_10)","decl":{"start":{"line":69,"column":30},"end":{"line":69,"column":31}},"loc":{"start":{"line":69,"column":42},"end":{"line":108,"column":1}},"line":69},"11":{"name":"(anonymous_11)","decl":{"start":{"line":70,"column":47},"end":{"line":70,"column":48}},"loc":{"start":{"line":70,"column":63},"end":{"line":78,"column":3}},"line":70},"12":{"name":"(anonymous_12)","decl":{"start":{"line":71,"column":114},"end":{"line":71,"column":115}},"loc":{"start":{"line":71,"column":134},"end":{"line":77,"column":5}},"line":71},"13":{"name":"(anonymous_13)","decl":{"start":{"line":80,"column":42},"end":{"line":80,"column":43}},"loc":{"start":{"line":80,"column":58},"end":{"line":88,"column":3}},"line":80},"14":{"name":"(anonymous_14)","decl":{"start":{"line":81,"column":111},"end":{"line":81,"column":112}},"loc":{"start":{"line":81,"column":131},"end":{"line":87,"column":5}},"line":81},"15":{"name":"(anonymous_15)","decl":{"start":{"line":90,"column":42},"end":{"line":90,"column":43}},"loc":{"start":{"line":90,"column":58},"end":{"line":98,"column":3}},"line":90},"16":{"name":"(anonymous_16)","decl":{"start":{"line":91,"column":111},"end":{"line":91,"column":112}},"loc":{"start":{"line":91,"column":131},"end":{"line":97,"column":5}},"line":91},"17":{"name":"(anonymous_17)","decl":{"start":{"line":100,"column":21},"end":{"line":100,"column":22}},"loc":{"start":{"line":100,"column":37},"end":{"line":107,"column":3}},"line":100},"18":{"name":"(anonymous_18)","decl":{"start":{"line":101,"column":115},"end":{"line":101,"column":116}},"loc":{"start":{"line":101,"column":135},"end":{"line":106,"column":5}},"line":101}},"branchMap":{"0":{"loc":{"start":{"line":27,"column":46},"end":{"line":27,"column":92}},"type":"cond-expr","locations":[{"start":{"line":27,"column":70},"end":{"line":27,"column":73}},{"start":{"line":27,"column":76},"end":{"line":27,"column":92}}],"line":27},"1":{"loc":{"start":{"line":27,"column":46},"end":{"line":27,"column":67}},"type":"binary-expr","locations":[{"start":{"line":27,"column":46},"end":{"line":27,"column":49}},{"start":{"line":27,"column":53},"end":{"line":27,"column":67}}],"line":27}},"s":{"0":1,"1":1,"2":1,"3":1,"4":1,"5":1,"6":1,"7":1,"8":1,"9":1,"10":1,"11":1,"12":6,"13":1,"14":1,"15":1,"16":1,"17":1,"18":1,"19":1,"20":1,"21":1,"22":1,"23":1,"24":1,"25":1,"26":1,"27":1,"28":1,"29":1,"30":1,"31":1,"32":1,"33":1,"34":1,"35":1,"36":1,"37":1,"38":1,"39":1,"40":1,"41":1,"42":1,"43":1,"44":1,"45":1,"46":1,"47":1,"48":1,"49":1,"50":1,"51":1,"52":1,"53":1,"54":1,"55":1,"56":1,"57":1,"58":1,"59":1,"60":1,"61":1,"62":1,"63":1,"64":1,"65":1},"f":{"0":6,"1":1,"2":1,"3":1,"4":1,"5":1,"6":1,"7":1,"8":1,"9":1,"10":1,"11":1,"12":1,"13":1,"14":1,"15":1,"16":1,"17":1,"18":1},"b":{"0":[0,6],"1":[6,6]},"_coverageSchema":"332fd63041d2c1bcb487cc26dd0d5f7d97098a6c","hash":"d08148a5447ce6f51ebc167191524a2be69a28f3","contentHash":"2e1ca26be9ef152d5251c74e97b5826f_11.3.0"}}