{"C:\\Users\\T-naike\\Desktop\\MrTaiwo\\eventmanager\\server\\v2\\test\\center\\create-center.spec.js":{"path":"C:\\Users\\T-naike\\Desktop\\MrTaiwo\\eventmanager\\server\\v2\\test\\center\\create-center.spec.js","statementMap":{"0":{"start":{"line":3,"column":12},"end":{"line":3,"column":27}},"1":{"start":{"line":5,"column":13},"end":{"line":5,"column":42}},"2":{"start":{"line":7,"column":16},"end":{"line":7,"column":36}},"3":{"start":{"line":9,"column":17},"end":{"line":9,"column":50}},"4":{"start":{"line":11,"column":13},"end":{"line":11,"column":38}},"5":{"start":{"line":13,"column":14},"end":{"line":13,"column":44}},"6":{"start":{"line":15,"column":15},"end":{"line":15,"column":45}},"7":{"start":{"line":17,"column":16},"end":{"line":17,"column":48}},"8":{"start":{"line":19,"column":14},"end":{"line":19,"column":37}},"9":{"start":{"line":21,"column":15},"end":{"line":21,"column":46}},"10":{"start":{"line":23,"column":39},"end":{"line":23,"column":93}},"11":{"start":{"line":25,"column":13},"end":{"line":25,"column":34}},"12":{"start":{"line":28,"column":0},"end":{"line":28,"column":39}},"13":{"start":{"line":30,"column":0},"end":{"line":99,"column":3}},"14":{"start":{"line":31,"column":2},"end":{"line":39,"column":5}},"15":{"start":{"line":32,"column":4},"end":{"line":32,"column":57}},"16":{"start":{"line":33,"column":4},"end":{"line":38,"column":7}},"17":{"start":{"line":34,"column":6},"end":{"line":34,"column":38}},"18":{"start":{"line":35,"column":6},"end":{"line":35,"column":29}},"19":{"start":{"line":36,"column":6},"end":{"line":36,"column":72}},"20":{"start":{"line":37,"column":6},"end":{"line":37,"column":13}},"21":{"start":{"line":41,"column":2},"end":{"line":47,"column":5}},"22":{"start":{"line":42,"column":4},"end":{"line":46,"column":7}},"23":{"start":{"line":43,"column":6},"end":{"line":43,"column":38}},"24":{"start":{"line":44,"column":6},"end":{"line":44,"column":89}},"25":{"start":{"line":45,"column":6},"end":{"line":45,"column":13}},"26":{"start":{"line":49,"column":2},"end":{"line":56,"column":5}},"27":{"start":{"line":50,"column":4},"end":{"line":55,"column":7}},"28":{"start":{"line":51,"column":6},"end":{"line":51,"column":38}},"29":{"start":{"line":52,"column":6},"end":{"line":52,"column":66}},"30":{"start":{"line":53,"column":6},"end":{"line":53,"column":78}},"31":{"start":{"line":54,"column":6},"end":{"line":54,"column":13}},"32":{"start":{"line":58,"column":2},"end":{"line":65,"column":5}},"33":{"start":{"line":59,"column":4},"end":{"line":64,"column":7}},"34":{"start":{"line":60,"column":6},"end":{"line":60,"column":38}},"35":{"start":{"line":61,"column":6},"end":{"line":61,"column":66}},"36":{"start":{"line":62,"column":6},"end":{"line":62,"column":82}},"37":{"start":{"line":63,"column":6},"end":{"line":63,"column":13}},"38":{"start":{"line":67,"column":2},"end":{"line":74,"column":5}},"39":{"start":{"line":68,"column":4},"end":{"line":73,"column":7}},"40":{"start":{"line":69,"column":6},"end":{"line":69,"column":38}},"41":{"start":{"line":70,"column":6},"end":{"line":70,"column":66}},"42":{"start":{"line":71,"column":6},"end":{"line":71,"column":82}},"43":{"start":{"line":72,"column":6},"end":{"line":72,"column":13}},"44":{"start":{"line":75,"column":2},"end":{"line":82,"column":5}},"45":{"start":{"line":76,"column":4},"end":{"line":81,"column":7}},"46":{"start":{"line":77,"column":6},"end":{"line":77,"column":38}},"47":{"start":{"line":78,"column":6},"end":{"line":78,"column":66}},"48":{"start":{"line":79,"column":6},"end":{"line":79,"column":82}},"49":{"start":{"line":80,"column":6},"end":{"line":80,"column":13}},"50":{"start":{"line":83,"column":2},"end":{"line":90,"column":5}},"51":{"start":{"line":84,"column":4},"end":{"line":89,"column":7}},"52":{"start":{"line":85,"column":6},"end":{"line":85,"column":38}},"53":{"start":{"line":86,"column":6},"end":{"line":86,"column":66}},"54":{"start":{"line":87,"column":6},"end":{"line":87,"column":80}},"55":{"start":{"line":88,"column":6},"end":{"line":88,"column":13}},"56":{"start":{"line":91,"column":2},"end":{"line":98,"column":5}},"57":{"start":{"line":92,"column":4},"end":{"line":97,"column":7}},"58":{"start":{"line":93,"column":6},"end":{"line":93,"column":38}},"59":{"start":{"line":94,"column":6},"end":{"line":94,"column":66}},"60":{"start":{"line":95,"column":6},"end":{"line":95,"column":80}},"61":{"start":{"line":96,"column":6},"end":{"line":96,"column":13}}},"fnMap":{"0":{"name":"_interopRequireDefault","decl":{"start":{"line":23,"column":9},"end":{"line":23,"column":31}},"loc":{"start":{"line":23,"column":37},"end":{"line":23,"column":95}},"line":23},"1":{"name":"(anonymous_1)","decl":{"start":{"line":30,"column":26},"end":{"line":30,"column":27}},"loc":{"start":{"line":30,"column":38},"end":{"line":99,"column":1}},"line":30},"2":{"name":"(anonymous_2)","decl":{"start":{"line":31,"column":35},"end":{"line":31,"column":36}},"loc":{"start":{"line":31,"column":51},"end":{"line":39,"column":3}},"line":31},"3":{"name":"(anonymous_3)","decl":{"start":{"line":33,"column":101},"end":{"line":33,"column":102}},"loc":{"start":{"line":33,"column":121},"end":{"line":38,"column":5}},"line":33},"4":{"name":"(anonymous_4)","decl":{"start":{"line":41,"column":33},"end":{"line":41,"column":34}},"loc":{"start":{"line":41,"column":49},"end":{"line":47,"column":3}},"line":41},"5":{"name":"(anonymous_5)","decl":{"start":{"line":42,"column":101},"end":{"line":42,"column":102}},"loc":{"start":{"line":42,"column":121},"end":{"line":46,"column":5}},"line":42},"6":{"name":"(anonymous_6)","decl":{"start":{"line":49,"column":27},"end":{"line":49,"column":28}},"loc":{"start":{"line":49,"column":43},"end":{"line":56,"column":3}},"line":49},"7":{"name":"(anonymous_7)","decl":{"start":{"line":50,"column":107},"end":{"line":50,"column":108}},"loc":{"start":{"line":50,"column":127},"end":{"line":55,"column":5}},"line":50},"8":{"name":"(anonymous_8)","decl":{"start":{"line":58,"column":29},"end":{"line":58,"column":30}},"loc":{"start":{"line":58,"column":45},"end":{"line":65,"column":3}},"line":58},"9":{"name":"(anonymous_9)","decl":{"start":{"line":59,"column":100},"end":{"line":59,"column":101}},"loc":{"start":{"line":59,"column":120},"end":{"line":64,"column":5}},"line":59},"10":{"name":"(anonymous_10)","decl":{"start":{"line":67,"column":46},"end":{"line":67,"column":47}},"loc":{"start":{"line":67,"column":62},"end":{"line":74,"column":3}},"line":67},"11":{"name":"(anonymous_11)","decl":{"start":{"line":68,"column":102},"end":{"line":68,"column":103}},"loc":{"start":{"line":68,"column":122},"end":{"line":73,"column":5}},"line":68},"12":{"name":"(anonymous_12)","decl":{"start":{"line":75,"column":49},"end":{"line":75,"column":50}},"loc":{"start":{"line":75,"column":65},"end":{"line":82,"column":3}},"line":75},"13":{"name":"(anonymous_13)","decl":{"start":{"line":76,"column":105},"end":{"line":76,"column":106}},"loc":{"start":{"line":76,"column":125},"end":{"line":81,"column":5}},"line":76},"14":{"name":"(anonymous_14)","decl":{"start":{"line":83,"column":27},"end":{"line":83,"column":28}},"loc":{"start":{"line":83,"column":43},"end":{"line":90,"column":3}},"line":83},"15":{"name":"(anonymous_15)","decl":{"start":{"line":84,"column":98},"end":{"line":84,"column":99}},"loc":{"start":{"line":84,"column":118},"end":{"line":89,"column":5}},"line":84},"16":{"name":"(anonymous_16)","decl":{"start":{"line":91,"column":47},"end":{"line":91,"column":48}},"loc":{"start":{"line":91,"column":63},"end":{"line":98,"column":3}},"line":91},"17":{"name":"(anonymous_17)","decl":{"start":{"line":92,"column":103},"end":{"line":92,"column":104}},"loc":{"start":{"line":92,"column":123},"end":{"line":97,"column":5}},"line":92}},"branchMap":{"0":{"loc":{"start":{"line":23,"column":46},"end":{"line":23,"column":92}},"type":"cond-expr","locations":[{"start":{"line":23,"column":70},"end":{"line":23,"column":73}},{"start":{"line":23,"column":76},"end":{"line":23,"column":92}}],"line":23},"1":{"loc":{"start":{"line":23,"column":46},"end":{"line":23,"column":67}},"type":"binary-expr","locations":[{"start":{"line":23,"column":46},"end":{"line":23,"column":49}},{"start":{"line":23,"column":53},"end":{"line":23,"column":67}}],"line":23}},"s":{"0":1,"1":1,"2":1,"3":1,"4":1,"5":1,"6":1,"7":1,"8":1,"9":1,"10":5,"11":1,"12":1,"13":1,"14":1,"15":1,"16":1,"17":1,"18":0,"19":0,"20":0,"21":1,"22":1,"23":1,"24":0,"25":0,"26":1,"27":1,"28":1,"29":0,"30":0,"31":0,"32":1,"33":1,"34":1,"35":0,"36":0,"37":0,"38":1,"39":1,"40":1,"41":0,"42":0,"43":0,"44":1,"45":1,"46":1,"47":0,"48":0,"49":0,"50":1,"51":1,"52":1,"53":0,"54":0,"55":0,"56":1,"57":1,"58":1,"59":0,"60":0,"61":0},"f":{"0":5,"1":1,"2":1,"3":1,"4":1,"5":1,"6":1,"7":1,"8":1,"9":1,"10":1,"11":1,"12":1,"13":1,"14":1,"15":1,"16":1,"17":1},"b":{"0":[0,5],"1":[5,5]},"_coverageSchema":"332fd63041d2c1bcb487cc26dd0d5f7d97098a6c","hash":"f6d961b9750dbbb9ba686bace6a328da73468c82","contentHash":"e873d0faa9b47611dbdf2c14add2269d_11.3.0"},"C:\\Users\\T-naike\\Desktop\\MrTaiwo\\eventmanager\\server\\index.js":{"path":"C:\\Users\\T-naike\\Desktop\\MrTaiwo\\eventmanager\\server\\index.js","statementMap":{"0":{"start":{"line":3,"column":15},"end":{"line":3,"column":33}},"1":{"start":{"line":5,"column":16},"end":{"line":5,"column":48}},"2":{"start":{"line":7,"column":18},"end":{"line":7,"column":40}},"3":{"start":{"line":9,"column":19},"end":{"line":9,"column":54}},"4":{"start":{"line":11,"column":11},"end":{"line":11,"column":38}},"5":{"start":{"line":13,"column":12},"end":{"line":13,"column":40}},"6":{"start":{"line":15,"column":39},"end":{"line":15,"column":93}},"7":{"start":{"line":17,"column":10},"end":{"line":17,"column":34}},"8":{"start":{"line":20,"column":0},"end":{"line":20,"column":37}},"9":{"start":{"line":21,"column":0},"end":{"line":21,"column":62}},"10":{"start":{"line":24,"column":0},"end":{"line":24,"column":30}},"11":{"start":{"line":26,"column":0},"end":{"line":26,"column":28}},"12":{"start":{"line":28,"column":0},"end":{"line":30,"column":3}},"13":{"start":{"line":29,"column":2},"end":{"line":29,"column":35}},"14":{"start":{"line":32,"column":0},"end":{"line":32,"column":21}}},"fnMap":{"0":{"name":"_interopRequireDefault","decl":{"start":{"line":15,"column":9},"end":{"line":15,"column":31}},"loc":{"start":{"line":15,"column":37},"end":{"line":15,"column":95}},"line":15},"1":{"name":"(anonymous_1)","decl":{"start":{"line":28,"column":17},"end":{"line":28,"column":18}},"loc":{"start":{"line":28,"column":29},"end":{"line":30,"column":1}},"line":28}},"branchMap":{"0":{"loc":{"start":{"line":15,"column":46},"end":{"line":15,"column":92}},"type":"cond-expr","locations":[{"start":{"line":15,"column":70},"end":{"line":15,"column":73}},{"start":{"line":15,"column":76},"end":{"line":15,"column":92}}],"line":15},"1":{"loc":{"start":{"line":15,"column":46},"end":{"line":15,"column":67}},"type":"binary-expr","locations":[{"start":{"line":15,"column":46},"end":{"line":15,"column":49}},{"start":{"line":15,"column":53},"end":{"line":15,"column":67}}],"line":15}},"s":{"0":1,"1":1,"2":1,"3":1,"4":1,"5":1,"6":3,"7":1,"8":1,"9":1,"10":1,"11":1,"12":1,"13":1,"14":1},"f":{"0":3,"1":1},"b":{"0":[0,3],"1":[3,3]},"_coverageSchema":"332fd63041d2c1bcb487cc26dd0d5f7d97098a6c","hash":"0090b29994d3623f28fd18f7f787602d06670308","contentHash":"d67f21476085d1deec45c39f7a11e38c_11.3.0"},"C:\\Users\\T-naike\\Desktop\\MrTaiwo\\eventmanager\\server\\v2\\routes\\api2.js":{"path":"C:\\Users\\T-naike\\Desktop\\MrTaiwo\\eventmanager\\server\\v2\\routes\\api2.js","statementMap":{"0":{"start":{"line":3,"column":15},"end":{"line":3,"column":33}},"1":{"start":{"line":5,"column":16},"end":{"line":5,"column":48}},"2":{"start":{"line":7,"column":13},"end":{"line":7,"column":31}},"3":{"start":{"line":9,"column":14},"end":{"line":9,"column":44}},"4":{"start":{"line":11,"column":13},"end":{"line":11,"column":31}},"5":{"start":{"line":13,"column":14},"end":{"line":13,"column":44}},"6":{"start":{"line":15,"column":12},"end":{"line":15,"column":29}},"7":{"start":{"line":17,"column":13},"end":{"line":17,"column":42}},"8":{"start":{"line":19,"column":39},"end":{"line":19,"column":93}},"9":{"start":{"line":21,"column":10},"end":{"line":21,"column":36}},"10":{"start":{"line":22,"column":0},"end":{"line":22,"column":26}},"11":{"start":{"line":23,"column":0},"end":{"line":23,"column":26}},"12":{"start":{"line":24,"column":0},"end":{"line":24,"column":25}},"13":{"start":{"line":26,"column":0},"end":{"line":26,"column":21}}},"fnMap":{"0":{"name":"_interopRequireDefault","decl":{"start":{"line":19,"column":9},"end":{"line":19,"column":31}},"loc":{"start":{"line":19,"column":37},"end":{"line":19,"column":95}},"line":19}},"branchMap":{"0":{"loc":{"start":{"line":19,"column":46},"end":{"line":19,"column":92}},"type":"cond-expr","locations":[{"start":{"line":19,"column":70},"end":{"line":19,"column":73}},{"start":{"line":19,"column":76},"end":{"line":19,"column":92}}],"line":19},"1":{"loc":{"start":{"line":19,"column":46},"end":{"line":19,"column":67}},"type":"binary-expr","locations":[{"start":{"line":19,"column":46},"end":{"line":19,"column":49}},{"start":{"line":19,"column":53},"end":{"line":19,"column":67}}],"line":19}},"s":{"0":1,"1":1,"2":1,"3":1,"4":1,"5":1,"6":1,"7":1,"8":4,"9":1,"10":1,"11":1,"12":1,"13":1},"f":{"0":4},"b":{"0":[0,4],"1":[4,4]},"_coverageSchema":"332fd63041d2c1bcb487cc26dd0d5f7d97098a6c","hash":"2f227996a92baf5fd9e4f2aaf91fdb72ee61b7ab","contentHash":"1e26b132e869dfcf6b2096ad9bc8b972_11.3.0"},"C:\\Users\\T-naike\\Desktop\\MrTaiwo\\eventmanager\\server\\v2\\routes\\admin.js":{"path":"C:\\Users\\T-naike\\Desktop\\MrTaiwo\\eventmanager\\server\\v2\\routes\\admin.js","statementMap":{"0":{"start":{"line":3,"column":20},"end":{"line":3,"column":43}},"1":{"start":{"line":5,"column":21},"end":{"line":5,"column":58}},"2":{"start":{"line":7,"column":19},"end":{"line":7,"column":44}},"3":{"start":{"line":9,"column":14},"end":{"line":9,"column":46}},"4":{"start":{"line":11,"column":39},"end":{"line":11,"column":93}},"5":{"start":{"line":13,"column":11},"end":{"line":30,"column":1}},"6":{"start":{"line":14,"column":14},"end":{"line":14,"column":43}},"7":{"start":{"line":15,"column":2},"end":{"line":17,"column":3}},"8":{"start":{"line":16,"column":4},"end":{"line":16,"column":79}},"9":{"start":{"line":19,"column":2},"end":{"line":29,"column":5}},"10":{"start":{"line":20,"column":4},"end":{"line":22,"column":5}},"11":{"start":{"line":21,"column":6},"end":{"line":21,"column":93}},"12":{"start":{"line":23,"column":4},"end":{"line":25,"column":5}},"13":{"start":{"line":24,"column":6},"end":{"line":24,"column":52}},"14":{"start":{"line":27,"column":4},"end":{"line":27,"column":23}},"15":{"start":{"line":28,"column":4},"end":{"line":28,"column":18}},"16":{"start":{"line":32,"column":0},"end":{"line":37,"column":2}},"17":{"start":{"line":33,"column":2},"end":{"line":33,"column":62}},"18":{"start":{"line":34,"column":2},"end":{"line":34,"column":50}},"19":{"start":{"line":35,"column":2},"end":{"line":35,"column":53}},"20":{"start":{"line":36,"column":2},"end":{"line":36,"column":63}}},"fnMap":{"0":{"name":"_interopRequireDefault","decl":{"start":{"line":11,"column":9},"end":{"line":11,"column":31}},"loc":{"start":{"line":11,"column":37},"end":{"line":11,"column":95}},"line":11},"1":{"name":"auth","decl":{"start":{"line":13,"column":20},"end":{"line":13,"column":24}},"loc":{"start":{"line":13,"column":41},"end":{"line":30,"column":1}},"line":13},"2":{"name":"(anonymous_2)","decl":{"start":{"line":19,"column":57},"end":{"line":19,"column":58}},"loc":{"start":{"line":19,"column":83},"end":{"line":29,"column":3}},"line":19},"3":{"name":"(anonymous_3)","decl":{"start":{"line":32,"column":17},"end":{"line":32,"column":18}},"loc":{"start":{"line":32,"column":32},"end":{"line":37,"column":1}},"line":32}},"branchMap":{"0":{"loc":{"start":{"line":11,"column":46},"end":{"line":11,"column":92}},"type":"cond-expr","locations":[{"start":{"line":11,"column":70},"end":{"line":11,"column":73}},{"start":{"line":11,"column":76},"end":{"line":11,"column":92}}],"line":11},"1":{"loc":{"start":{"line":11,"column":46},"end":{"line":11,"column":67}},"type":"binary-expr","locations":[{"start":{"line":11,"column":46},"end":{"line":11,"column":49}},{"start":{"line":11,"column":53},"end":{"line":11,"column":67}}],"line":11},"2":{"loc":{"start":{"line":15,"column":2},"end":{"line":17,"column":3}},"type":"if","locations":[{"start":{"line":15,"column":2},"end":{"line":17,"column":3}},{"start":{"line":15,"column":2},"end":{"line":17,"column":3}}],"line":15},"3":{"loc":{"start":{"line":20,"column":4},"end":{"line":22,"column":5}},"type":"if","locations":[{"start":{"line":20,"column":4},"end":{"line":22,"column":5}},{"start":{"line":20,"column":4},"end":{"line":22,"column":5}}],"line":20},"4":{"loc":{"start":{"line":23,"column":4},"end":{"line":25,"column":5}},"type":"if","locations":[{"start":{"line":23,"column":4},"end":{"line":25,"column":5}},{"start":{"line":23,"column":4},"end":{"line":25,"column":5}}],"line":23},"5":{"loc":{"start":{"line":23,"column":8},"end":{"line":23,"column":44}},"type":"binary-expr","locations":[{"start":{"line":23,"column":8},"end":{"line":23,"column":24}},{"start":{"line":23,"column":28},"end":{"line":23,"column":44}}],"line":23}},"s":{"0":1,"1":1,"2":1,"3":1,"4":1,"5":1,"6":17,"7":17,"8":17,"9":0,"10":0,"11":0,"12":0,"13":0,"14":0,"15":0,"16":1,"17":1,"18":1,"19":1,"20":1},"f":{"0":1,"1":17,"2":0,"3":1},"b":{"0":[0,1],"1":[1,1],"2":[17,0],"3":[0,0],"4":[0,0],"5":[0,0]},"_coverageSchema":"332fd63041d2c1bcb487cc26dd0d5f7d97098a6c","hash":"ae430963e37d993620a4546389535c48aa3ec1cf","contentHash":"a60db493bedfcc68a46b4a202babfedf_11.3.0"},"C:\\Users\\T-naike\\Desktop\\MrTaiwo\\eventmanager\\server\\v2\\controllers\\index.js":{"path":"C:\\Users\\T-naike\\Desktop\\MrTaiwo\\eventmanager\\server\\v2\\controllers\\index.js","statementMap":{"0":{"start":{"line":3,"column":13},"end":{"line":3,"column":31}},"1":{"start":{"line":5,"column":14},"end":{"line":5,"column":44}},"2":{"start":{"line":7,"column":13},"end":{"line":7,"column":31}},"3":{"start":{"line":9,"column":14},"end":{"line":9,"column":44}},"4":{"start":{"line":11,"column":12},"end":{"line":11,"column":29}},"5":{"start":{"line":13,"column":13},"end":{"line":13,"column":42}},"6":{"start":{"line":15,"column":39},"end":{"line":15,"column":93}},"7":{"start":{"line":17,"column":0},"end":{"line":21,"column":2}}},"fnMap":{"0":{"name":"_interopRequireDefault","decl":{"start":{"line":15,"column":9},"end":{"line":15,"column":31}},"loc":{"start":{"line":15,"column":37},"end":{"line":15,"column":95}},"line":15}},"branchMap":{"0":{"loc":{"start":{"line":15,"column":46},"end":{"line":15,"column":92}},"type":"cond-expr","locations":[{"start":{"line":15,"column":70},"end":{"line":15,"column":73}},{"start":{"line":15,"column":76},"end":{"line":15,"column":92}}],"line":15},"1":{"loc":{"start":{"line":15,"column":46},"end":{"line":15,"column":67}},"type":"binary-expr","locations":[{"start":{"line":15,"column":46},"end":{"line":15,"column":49}},{"start":{"line":15,"column":53},"end":{"line":15,"column":67}}],"line":15}},"s":{"0":1,"1":1,"2":1,"3":1,"4":1,"5":1,"6":3,"7":1},"f":{"0":3},"b":{"0":[0,3],"1":[3,3]},"_coverageSchema":"332fd63041d2c1bcb487cc26dd0d5f7d97098a6c","hash":"ab250d4c1909a19f8bffe20519c79edd994a0820","contentHash":"5fea42261ced32aaa86e8d3337afe2ff_11.3.0"},"C:\\Users\\T-naike\\Desktop\\MrTaiwo\\eventmanager\\server\\v2\\controllers\\admin.js":{"path":"C:\\Users\\T-naike\\Desktop\\MrTaiwo\\eventmanager\\server\\v2\\controllers\\admin.js","statementMap":{"0":{"start":{"line":3,"column":14},"end":{"line":3,"column":42}},"1":{"start":{"line":5,"column":15},"end":{"line":5,"column":46}},"2":{"start":{"line":7,"column":14},"end":{"line":7,"column":34}},"3":{"start":{"line":9,"column":15},"end":{"line":9,"column":46}},"4":{"start":{"line":11,"column":39},"end":{"line":11,"column":93}},"5":{"start":{"line":13,"column":0},"end":{"line":95,"column":2}},"6":{"start":{"line":16,"column":17},"end":{"line":16,"column":45}},"7":{"start":{"line":17,"column":14},"end":{"line":17,"column":27}},"8":{"start":{"line":18,"column":12},"end":{"line":18,"column":14}},"9":{"start":{"line":20,"column":4},"end":{"line":25,"column":5}},"10":{"start":{"line":21,"column":6},"end":{"line":23,"column":7}},"11":{"start":{"line":22,"column":8},"end":{"line":22,"column":15}},"12":{"start":{"line":24,"column":6},"end":{"line":24,"column":13}},"13":{"start":{"line":27,"column":4},"end":{"line":27,"column":35}},"14":{"start":{"line":29,"column":4},"end":{"line":39,"column":7}},"15":{"start":{"line":30,"column":6},"end":{"line":32,"column":7}},"16":{"start":{"line":31,"column":8},"end":{"line":31,"column":70}},"17":{"start":{"line":34,"column":6},"end":{"line":38,"column":9}},"18":{"start":{"line":35,"column":8},"end":{"line":35,"column":44}},"19":{"start":{"line":37,"column":8},"end":{"line":37,"column":43}},"20":{"start":{"line":42,"column":4},"end":{"line":46,"column":7}},"21":{"start":{"line":43,"column":6},"end":{"line":43,"column":43}},"22":{"start":{"line":45,"column":6},"end":{"line":45,"column":41}},"23":{"start":{"line":50,"column":4},"end":{"line":52,"column":5}},"24":{"start":{"line":51,"column":6},"end":{"line":51,"column":52}},"25":{"start":{"line":54,"column":4},"end":{"line":62,"column":7}},"26":{"start":{"line":55,"column":6},"end":{"line":57,"column":7}},"27":{"start":{"line":56,"column":8},"end":{"line":56,"column":69}},"28":{"start":{"line":59,"column":6},"end":{"line":59,"column":42}},"29":{"start":{"line":61,"column":6},"end":{"line":61,"column":41}},"30":{"start":{"line":65,"column":4},"end":{"line":67,"column":5}},"31":{"start":{"line":66,"column":6},"end":{"line":66,"column":52}},"32":{"start":{"line":69,"column":4},"end":{"line":93,"column":7}},"33":{"start":{"line":70,"column":6},"end":{"line":70,"column":31}},"34":{"start":{"line":72,"column":6},"end":{"line":74,"column":9}},"35":{"start":{"line":73,"column":8},"end":{"line":73,"column":74}},"36":{"start":{"line":76,"column":19},"end":{"line":76,"column":47}},"37":{"start":{"line":77,"column":16},"end":{"line":77,"column":29}},"38":{"start":{"line":78,"column":14},"end":{"line":78,"column":16}},"39":{"start":{"line":80,"column":6},"end":{"line":84,"column":7}},"40":{"start":{"line":81,"column":8},"end":{"line":83,"column":9}},"41":{"start":{"line":82,"column":10},"end":{"line":82,"column":17}},"42":{"start":{"line":86,"column":6},"end":{"line":90,"column":9}},"43":{"start":{"line":89,"column":8},"end":{"line":89,"column":37}},"44":{"start":{"line":92,"column":6},"end":{"line":92,"column":41}}},"fnMap":{"0":{"name":"_interopRequireDefault","decl":{"start":{"line":11,"column":9},"end":{"line":11,"column":31}},"loc":{"start":{"line":11,"column":37},"end":{"line":11,"column":95}},"line":11},"1":{"name":"createCenter","decl":{"start":{"line":14,"column":25},"end":{"line":14,"column":37}},"loc":{"start":{"line":14,"column":48},"end":{"line":40,"column":3}},"line":14},"2":{"name":"(anonymous_2)","decl":{"start":{"line":29,"column":66},"end":{"line":29,"column":67}},"loc":{"start":{"line":29,"column":82},"end":{"line":39,"column":5}},"line":29},"3":{"name":"(anonymous_3)","decl":{"start":{"line":34,"column":60},"end":{"line":34,"column":61}},"loc":{"start":{"line":34,"column":78},"end":{"line":36,"column":7}},"line":34},"4":{"name":"(anonymous_4)","decl":{"start":{"line":36,"column":15},"end":{"line":36,"column":16}},"loc":{"start":{"line":36,"column":32},"end":{"line":38,"column":7}},"line":36},"5":{"name":"centers","decl":{"start":{"line":41,"column":20},"end":{"line":41,"column":27}},"loc":{"start":{"line":41,"column":38},"end":{"line":47,"column":3}},"line":41},"6":{"name":"(anonymous_6)","decl":{"start":{"line":42,"column":47},"end":{"line":42,"column":48}},"loc":{"start":{"line":42,"column":66},"end":{"line":44,"column":5}},"line":42},"7":{"name":"(anonymous_7)","decl":{"start":{"line":44,"column":13},"end":{"line":44,"column":14}},"loc":{"start":{"line":44,"column":30},"end":{"line":46,"column":5}},"line":44},"8":{"name":"center","decl":{"start":{"line":48,"column":19},"end":{"line":48,"column":25}},"loc":{"start":{"line":48,"column":36},"end":{"line":63,"column":3}},"line":48},"9":{"name":"(anonymous_9)","decl":{"start":{"line":54,"column":65},"end":{"line":54,"column":66}},"loc":{"start":{"line":54,"column":83},"end":{"line":60,"column":5}},"line":54},"10":{"name":"(anonymous_10)","decl":{"start":{"line":60,"column":13},"end":{"line":60,"column":14}},"loc":{"start":{"line":60,"column":30},"end":{"line":62,"column":5}},"line":60},"11":{"name":"editCenter","decl":{"start":{"line":64,"column":23},"end":{"line":64,"column":33}},"loc":{"start":{"line":64,"column":44},"end":{"line":94,"column":3}},"line":64},"12":{"name":"(anonymous_12)","decl":{"start":{"line":69,"column":58},"end":{"line":69,"column":59}},"loc":{"start":{"line":69,"column":76},"end":{"line":91,"column":5}},"line":69},"13":{"name":"(anonymous_13)","decl":{"start":{"line":72,"column":34},"end":{"line":72,"column":35}},"loc":{"start":{"line":72,"column":51},"end":{"line":74,"column":7}},"line":72},"14":{"name":"(anonymous_14)","decl":{"start":{"line":88,"column":14},"end":{"line":88,"column":15}},"loc":{"start":{"line":88,"column":32},"end":{"line":90,"column":7}},"line":88},"15":{"name":"(anonymous_15)","decl":{"start":{"line":91,"column":13},"end":{"line":91,"column":14}},"loc":{"start":{"line":91,"column":30},"end":{"line":93,"column":5}},"line":91}},"branchMap":{"0":{"loc":{"start":{"line":11,"column":46},"end":{"line":11,"column":92}},"type":"cond-expr","locations":[{"start":{"line":11,"column":70},"end":{"line":11,"column":73}},{"start":{"line":11,"column":76},"end":{"line":11,"column":92}}],"line":11},"1":{"loc":{"start":{"line":11,"column":46},"end":{"line":11,"column":67}},"type":"binary-expr","locations":[{"start":{"line":11,"column":46},"end":{"line":11,"column":49}},{"start":{"line":11,"column":53},"end":{"line":11,"column":67}}],"line":11},"2":{"loc":{"start":{"line":21,"column":6},"end":{"line":23,"column":7}},"type":"if","locations":[{"start":{"line":21,"column":6},"end":{"line":23,"column":7}},{"start":{"line":21,"column":6},"end":{"line":23,"column":7}}],"line":21},"3":{"loc":{"start":{"line":30,"column":6},"end":{"line":32,"column":7}},"type":"if","locations":[{"start":{"line":30,"column":6},"end":{"line":32,"column":7}},{"start":{"line":30,"column":6},"end":{"line":32,"column":7}}],"line":30},"4":{"loc":{"start":{"line":50,"column":4},"end":{"line":52,"column":5}},"type":"if","locations":[{"start":{"line":50,"column":4},"end":{"line":52,"column":5}},{"start":{"line":50,"column":4},"end":{"line":52,"column":5}}],"line":50},"5":{"loc":{"start":{"line":50,"column":8},"end":{"line":50,"column":66}},"type":"binary-expr","locations":[{"start":{"line":50,"column":8},"end":{"line":50,"column":22}},{"start":{"line":50,"column":26},"end":{"line":50,"column":66}}],"line":50},"6":{"loc":{"start":{"line":55,"column":6},"end":{"line":57,"column":7}},"type":"if","locations":[{"start":{"line":55,"column":6},"end":{"line":57,"column":7}},{"start":{"line":55,"column":6},"end":{"line":57,"column":7}}],"line":55},"7":{"loc":{"start":{"line":65,"column":4},"end":{"line":67,"column":5}},"type":"if","locations":[{"start":{"line":65,"column":4},"end":{"line":67,"column":5}},{"start":{"line":65,"column":4},"end":{"line":67,"column":5}}],"line":65},"8":{"loc":{"start":{"line":65,"column":8},"end":{"line":65,"column":66}},"type":"binary-expr","locations":[{"start":{"line":65,"column":8},"end":{"line":65,"column":22}},{"start":{"line":65,"column":26},"end":{"line":65,"column":66}}],"line":65},"9":{"loc":{"start":{"line":73,"column":24},"end":{"line":73,"column":73}},"type":"cond-expr","locations":[{"start":{"line":73,"column":42},"end":{"line":73,"column":57}},{"start":{"line":73,"column":60},"end":{"line":73,"column":73}}],"line":73},"10":{"loc":{"start":{"line":81,"column":8},"end":{"line":83,"column":9}},"type":"if","locations":[{"start":{"line":81,"column":8},"end":{"line":83,"column":9}},{"start":{"line":81,"column":8},"end":{"line":83,"column":9}}],"line":81}},"s":{"0":1,"1":1,"2":1,"3":1,"4":2,"5":1,"6":0,"7":0,"8":0,"9":0,"10":0,"11":0,"12":0,"13":0,"14":0,"15":0,"16":0,"17":0,"18":0,"19":0,"20":2,"21":2,"22":0,"23":2,"24":0,"25":2,"26":2,"27":2,"28":0,"29":0,"30":0,"31":0,"32":0,"33":0,"34":0,"35":0,"36":0,"37":0,"38":0,"39":0,"40":0,"41":0,"42":0,"43":0,"44":0},"f":{"0":2,"1":0,"2":0,"3":0,"4":0,"5":2,"6":2,"7":0,"8":2,"9":2,"10":0,"11":0,"12":0,"13":0,"14":0,"15":0},"b":{"0":[1,1],"1":[2,2],"2":[0,0],"3":[0,0],"4":[0,2],"5":[2,2],"6":[2,0],"7":[0,0],"8":[0,0],"9":[0,0],"10":[0,0]},"_coverageSchema":"332fd63041d2c1bcb487cc26dd0d5f7d97098a6c","hash":"801924100e8f6a60a9ff14171288e2e3b66abe79","contentHash":"af9447d2e320cb2c59411de6bc0eddb5_11.3.0"},"C:\\Users\\T-naike\\Desktop\\MrTaiwo\\eventmanager\\server\\v2\\controllers\\_support\\center.js":{"path":"C:\\Users\\T-naike\\Desktop\\MrTaiwo\\eventmanager\\server\\v2\\controllers\\_support\\center.js","statementMap":{"0":{"start":{"line":3,"column":0},"end":{"line":5,"column":3}},"1":{"start":{"line":6,"column":0},"end":{"line":6,"column":28}},"2":{"start":{"line":8,"column":19},"end":{"line":8,"column":563}},"3":{"start":{"line":8,"column":76},"end":{"line":8,"column":347}},"4":{"start":{"line":8,"column":134},"end":{"line":8,"column":142}},"5":{"start":{"line":8,"column":144},"end":{"line":8,"column":199}},"6":{"start":{"line":8,"column":200},"end":{"line":8,"column":231}},"7":{"start":{"line":8,"column":232},"end":{"line":8,"column":286}},"8":{"start":{"line":8,"column":259},"end":{"line":8,"column":286}},"9":{"start":{"line":8,"column":287},"end":{"line":8,"column":345}},"10":{"start":{"line":8,"column":350},"end":{"line":8,"column":559}},"11":{"start":{"line":8,"column":407},"end":{"line":8,"column":475}},"12":{"start":{"line":8,"column":423},"end":{"line":8,"column":475}},"13":{"start":{"line":8,"column":476},"end":{"line":8,"column":536}},"14":{"start":{"line":8,"column":493},"end":{"line":8,"column":536}},"15":{"start":{"line":8,"column":537},"end":{"line":8,"column":556}},"16":{"start":{"line":10,"column":17},"end":{"line":10,"column":37}},"17":{"start":{"line":12,"column":18},"end":{"line":12,"column":52}},"18":{"start":{"line":14,"column":12},"end":{"line":14,"column":29}},"19":{"start":{"line":16,"column":13},"end":{"line":16,"column":42}},"20":{"start":{"line":18,"column":14},"end":{"line":18,"column":37}},"21":{"start":{"line":20,"column":15},"end":{"line":20,"column":46}},"22":{"start":{"line":22,"column":39},"end":{"line":22,"column":93}},"23":{"start":{"line":24,"column":50},"end":{"line":24,"column":151}},"24":{"start":{"line":24,"column":92},"end":{"line":24,"column":149}},"25":{"start":{"line":26,"column":13},"end":{"line":162,"column":3}},"26":{"start":{"line":28,"column":4},"end":{"line":28,"column":34}},"27":{"start":{"line":31,"column":2},"end":{"line":159,"column":6}},"28":{"start":{"line":34,"column":6},"end":{"line":48,"column":9}},"29":{"start":{"line":37,"column":8},"end":{"line":37,"column":28}},"30":{"start":{"line":38,"column":8},"end":{"line":40,"column":9}},"31":{"start":{"line":39,"column":10},"end":{"line":39,"column":75}},"32":{"start":{"line":41,"column":8},"end":{"line":41,"column":49}},"33":{"start":{"line":43,"column":29},"end":{"line":43,"column":56}},"34":{"start":{"line":44,"column":8},"end":{"line":44,"column":38}},"35":{"start":{"line":45,"column":8},"end":{"line":45,"column":46}},"36":{"start":{"line":47,"column":8},"end":{"line":47,"column":43}},"37":{"start":{"line":54,"column":6},"end":{"line":57,"column":7}},"38":{"start":{"line":55,"column":8},"end":{"line":55,"column":65}},"39":{"start":{"line":56,"column":8},"end":{"line":56,"column":26}},"40":{"start":{"line":66,"column":6},"end":{"line":66,"column":24}},"41":{"start":{"line":76,"column":6},"end":{"line":84,"column":8}},"42":{"start":{"line":89,"column":6},"end":{"line":89,"column":78}},"43":{"start":{"line":94,"column":6},"end":{"line":97,"column":7}},"44":{"start":{"line":95,"column":8},"end":{"line":95,"column":62}},"45":{"start":{"line":96,"column":8},"end":{"line":96,"column":21}},"46":{"start":{"line":98,"column":6},"end":{"line":98,"column":18}},"47":{"start":{"line":103,"column":6},"end":{"line":106,"column":7}},"48":{"start":{"line":104,"column":8},"end":{"line":104,"column":87}},"49":{"start":{"line":105,"column":8},"end":{"line":105,"column":21}},"50":{"start":{"line":107,"column":6},"end":{"line":107,"column":18}},"51":{"start":{"line":112,"column":6},"end":{"line":115,"column":7}},"52":{"start":{"line":113,"column":8},"end":{"line":113,"column":61}},"53":{"start":{"line":114,"column":8},"end":{"line":114,"column":21}},"54":{"start":{"line":116,"column":6},"end":{"line":116,"column":18}},"55":{"start":{"line":121,"column":22},"end":{"line":121,"column":49}},"56":{"start":{"line":122,"column":6},"end":{"line":125,"column":7}},"57":{"start":{"line":123,"column":8},"end":{"line":123,"column":66}},"58":{"start":{"line":124,"column":8},"end":{"line":124,"column":21}},"59":{"start":{"line":126,"column":6},"end":{"line":126,"column":18}},"60":{"start":{"line":131,"column":6},"end":{"line":131,"column":18}},"61":{"start":{"line":136,"column":6},"end":{"line":139,"column":7}},"62":{"start":{"line":137,"column":8},"end":{"line":137,"column":69}},"63":{"start":{"line":138,"column":8},"end":{"line":138,"column":21}},"64":{"start":{"line":140,"column":6},"end":{"line":140,"column":18}},"65":{"start":{"line":147,"column":6},"end":{"line":149,"column":7}},"66":{"start":{"line":148,"column":8},"end":{"line":148,"column":21}},"67":{"start":{"line":151,"column":6},"end":{"line":155,"column":7}},"68":{"start":{"line":152,"column":8},"end":{"line":154,"column":11}},"69":{"start":{"line":157,"column":6},"end":{"line":157,"column":48}},"70":{"start":{"line":161,"column":2},"end":{"line":161,"column":16}},"71":{"start":{"line":164,"column":0},"end":{"line":164,"column":25}}},"fnMap":{"0":{"name":"(anonymous_0)","decl":{"start":{"line":8,"column":19},"end":{"line":8,"column":20}},"loc":{"start":{"line":8,"column":31},"end":{"line":8,"column":561}},"line":8},"1":{"name":"defineProperties","decl":{"start":{"line":8,"column":42},"end":{"line":8,"column":58}},"loc":{"start":{"line":8,"column":74},"end":{"line":8,"column":349}},"line":8},"2":{"name":"(anonymous_2)","decl":{"start":{"line":8,"column":357},"end":{"line":8,"column":358}},"loc":{"start":{"line":8,"column":405},"end":{"line":8,"column":558}},"line":8},"3":{"name":"_interopRequireDefault","decl":{"start":{"line":22,"column":9},"end":{"line":22,"column":31}},"loc":{"start":{"line":22,"column":37},"end":{"line":22,"column":95}},"line":22},"4":{"name":"_classCallCheck","decl":{"start":{"line":24,"column":9},"end":{"line":24,"column":24}},"loc":{"start":{"line":24,"column":48},"end":{"line":24,"column":153}},"line":24},"5":{"name":"(anonymous_5)","decl":{"start":{"line":26,"column":13},"end":{"line":26,"column":14}},"loc":{"start":{"line":26,"column":25},"end":{"line":162,"column":1}},"line":26},"6":{"name":"Center","decl":{"start":{"line":27,"column":11},"end":{"line":27,"column":17}},"loc":{"start":{"line":27,"column":20},"end":{"line":29,"column":3}},"line":27},"7":{"name":"update","decl":{"start":{"line":33,"column":20},"end":{"line":33,"column":26}},"loc":{"start":{"line":33,"column":37},"end":{"line":49,"column":5}},"line":33},"8":{"name":"(anonymous_8)","decl":{"start":{"line":36,"column":14},"end":{"line":36,"column":15}},"loc":{"start":{"line":36,"column":32},"end":{"line":46,"column":7}},"line":36},"9":{"name":"(anonymous_9)","decl":{"start":{"line":46,"column":15},"end":{"line":46,"column":16}},"loc":{"start":{"line":46,"column":32},"end":{"line":48,"column":7}},"line":46},"10":{"name":"validate","decl":{"start":{"line":52,"column":20},"end":{"line":52,"column":28}},"loc":{"start":{"line":52,"column":31},"end":{"line":67,"column":5}},"line":52},"11":{"name":"toJSON","decl":{"start":{"line":75,"column":20},"end":{"line":75,"column":26}},"loc":{"start":{"line":75,"column":29},"end":{"line":85,"column":5}},"line":75},"12":{"name":"getFields","decl":{"start":{"line":88,"column":20},"end":{"line":88,"column":29}},"loc":{"start":{"line":88,"column":32},"end":{"line":90,"column":5}},"line":88},"13":{"name":"nameValidate","decl":{"start":{"line":93,"column":20},"end":{"line":93,"column":32}},"loc":{"start":{"line":93,"column":45},"end":{"line":99,"column":5}},"line":93},"14":{"name":"capacityValidate","decl":{"start":{"line":102,"column":20},"end":{"line":102,"column":36}},"loc":{"start":{"line":102,"column":49},"end":{"line":108,"column":5}},"line":102},"15":{"name":"addressValidate","decl":{"start":{"line":111,"column":20},"end":{"line":111,"column":35}},"loc":{"start":{"line":111,"column":48},"end":{"line":117,"column":5}},"line":111},"16":{"name":"stateValidate","decl":{"start":{"line":120,"column":20},"end":{"line":120,"column":33}},"loc":{"start":{"line":120,"column":46},"end":{"line":127,"column":5}},"line":120},"17":{"name":"facilitiesValidate","decl":{"start":{"line":130,"column":20},"end":{"line":130,"column":38}},"loc":{"start":{"line":130,"column":51},"end":{"line":132,"column":5}},"line":130},"18":{"name":"amountValidate","decl":{"start":{"line":135,"column":20},"end":{"line":135,"column":34}},"loc":{"start":{"line":135,"column":47},"end":{"line":141,"column":5}},"line":135},"19":{"name":"save","decl":{"start":{"line":146,"column":20},"end":{"line":146,"column":24}},"loc":{"start":{"line":146,"column":39},"end":{"line":158,"column":5}},"line":146}},"branchMap":{"0":{"loc":{"start":{"line":8,"column":168},"end":{"line":8,"column":198}},"type":"binary-expr","locations":[{"start":{"line":8,"column":168},"end":{"line":8,"column":189}},{"start":{"line":8,"column":193},"end":{"line":8,"column":198}}],"line":8},"1":{"loc":{"start":{"line":8,"column":232},"end":{"line":8,"column":286}},"type":"if","locations":[{"start":{"line":8,"column":232},"end":{"line":8,"column":286}},{"start":{"line":8,"column":232},"end":{"line":8,"column":286}}],"line":8},"2":{"loc":{"start":{"line":8,"column":407},"end":{"line":8,"column":475}},"type":"if","locations":[{"start":{"line":8,"column":407},"end":{"line":8,"column":475}},{"start":{"line":8,"column":407},"end":{"line":8,"column":475}}],"line":8},"3":{"loc":{"start":{"line":8,"column":476},"end":{"line":8,"column":536}},"type":"if","locations":[{"start":{"line":8,"column":476},"end":{"line":8,"column":536}},{"start":{"line":8,"column":476},"end":{"line":8,"column":536}}],"line":8},"4":{"loc":{"start":{"line":22,"column":46},"end":{"line":22,"column":92}},"type":"cond-expr","locations":[{"start":{"line":22,"column":70},"end":{"line":22,"column":73}},{"start":{"line":22,"column":76},"end":{"line":22,"column":92}}],"line":22},"5":{"loc":{"start":{"line":22,"column":46},"end":{"line":22,"column":67}},"type":"binary-expr","locations":[{"start":{"line":22,"column":46},"end":{"line":22,"column":49}},{"start":{"line":22,"column":53},"end":{"line":22,"column":67}}],"line":22},"6":{"loc":{"start":{"line":24,"column":50},"end":{"line":24,"column":151}},"type":"if","locations":[{"start":{"line":24,"column":50},"end":{"line":24,"column":151}},{"start":{"line":24,"column":50},"end":{"line":24,"column":151}}],"line":24},"7":{"loc":{"start":{"line":38,"column":8},"end":{"line":40,"column":9}},"type":"if","locations":[{"start":{"line":38,"column":8},"end":{"line":40,"column":9}},{"start":{"line":38,"column":8},"end":{"line":40,"column":9}}],"line":38},"8":{"loc":{"start":{"line":54,"column":6},"end":{"line":57,"column":7}},"type":"if","locations":[{"start":{"line":54,"column":6},"end":{"line":57,"column":7}},{"start":{"line":54,"column":6},"end":{"line":57,"column":7}}],"line":54},"9":{"loc":{"start":{"line":54,"column":10},"end":{"line":54,"column":94}},"type":"binary-expr","locations":[{"start":{"line":54,"column":10},"end":{"line":54,"column":74}},{"start":{"line":54,"column":78},"end":{"line":54,"column":94}}],"line":54},"10":{"loc":{"start":{"line":94,"column":6},"end":{"line":97,"column":7}},"type":"if","locations":[{"start":{"line":94,"column":6},"end":{"line":97,"column":7}},{"start":{"line":94,"column":6},"end":{"line":97,"column":7}}],"line":94},"11":{"loc":{"start":{"line":103,"column":6},"end":{"line":106,"column":7}},"type":"if","locations":[{"start":{"line":103,"column":6},"end":{"line":106,"column":7}},{"start":{"line":103,"column":6},"end":{"line":106,"column":7}}],"line":103},"12":{"loc":{"start":{"line":103,"column":10},"end":{"line":103,"column":100}},"type":"binary-expr","locations":[{"start":{"line":103,"column":10},"end":{"line":103,"column":77}},{"start":{"line":103,"column":81},"end":{"line":103,"column":100}}],"line":103},"13":{"loc":{"start":{"line":112,"column":6},"end":{"line":115,"column":7}},"type":"if","locations":[{"start":{"line":112,"column":6},"end":{"line":115,"column":7}},{"start":{"line":112,"column":6},"end":{"line":115,"column":7}}],"line":112},"14":{"loc":{"start":{"line":122,"column":6},"end":{"line":125,"column":7}},"type":"if","locations":[{"start":{"line":122,"column":6},"end":{"line":125,"column":7}},{"start":{"line":122,"column":6},"end":{"line":125,"column":7}}],"line":122},"15":{"loc":{"start":{"line":122,"column":10},"end":{"line":122,"column":116}},"type":"binary-expr","locations":[{"start":{"line":122,"column":10},"end":{"line":122,"column":81}},{"start":{"line":122,"column":85},"end":{"line":122,"column":98}},{"start":{"line":122,"column":102},"end":{"line":122,"column":116}}],"line":122},"16":{"loc":{"start":{"line":136,"column":6},"end":{"line":139,"column":7}},"type":"if","locations":[{"start":{"line":136,"column":6},"end":{"line":139,"column":7}},{"start":{"line":136,"column":6},"end":{"line":139,"column":7}}],"line":136},"17":{"loc":{"start":{"line":136,"column":10},"end":{"line":136,"column":90}},"type":"binary-expr","locations":[{"start":{"line":136,"column":10},"end":{"line":136,"column":77}},{"start":{"line":136,"column":81},"end":{"line":136,"column":90}}],"line":136},"18":{"loc":{"start":{"line":147,"column":6},"end":{"line":149,"column":7}},"type":"if","locations":[{"start":{"line":147,"column":6},"end":{"line":149,"column":7}},{"start":{"line":147,"column":6},"end":{"line":149,"column":7}}],"line":147},"19":{"loc":{"start":{"line":151,"column":6},"end":{"line":155,"column":7}},"type":"if","locations":[{"start":{"line":151,"column":6},"end":{"line":155,"column":7}},{"start":{"line":151,"column":6},"end":{"line":155,"column":7}}],"line":151}},"s":{"0":1,"1":1,"2":1,"3":2,"4":11,"5":11,"6":11,"7":11,"8":11,"9":11,"10":1,"11":1,"12":1,"13":1,"14":1,"15":1,"16":1,"17":1,"18":1,"19":1,"20":1,"21":1,"22":3,"23":0,"24":0,"25":1,"26":0,"27":1,"28":0,"29":0,"30":0,"31":0,"32":0,"33":0,"34":0,"35":0,"36":0,"37":0,"38":0,"39":0,"40":0,"41":0,"42":0,"43":0,"44":0,"45":0,"46":0,"47":0,"48":0,"49":0,"50":0,"51":0,"52":0,"53":0,"54":0,"55":0,"56":0,"57":0,"58":0,"59":0,"60":0,"61":0,"62":0,"63":0,"64":0,"65":0,"66":0,"67":0,"68":0,"69":0,"70":1,"71":1},"f":{"0":1,"1":2,"2":1,"3":3,"4":0,"5":1,"6":0,"7":0,"8":0,"9":0,"10":0,"11":0,"12":0,"13":0,"14":0,"15":0,"16":0,"17":0,"18":0,"19":0},"b":{"0":[11,11],"1":[11,0],"2":[1,0],"3":[1,0],"4":[0,3],"5":[3,3],"6":[0,0],"7":[0,0],"8":[0,0],"9":[0,0],"10":[0,0],"11":[0,0],"12":[0,0],"13":[0,0],"14":[0,0],"15":[0,0,0],"16":[0,0],"17":[0,0],"18":[0,0],"19":[0,0]},"_coverageSchema":"332fd63041d2c1bcb487cc26dd0d5f7d97098a6c","hash":"231900b8b79ad6f20ccf4b51c7084461e9283396","contentHash":"04eb29f2936a238bb1d4001a74d116c5_11.3.0"},"C:\\Users\\T-naike\\Desktop\\MrTaiwo\\eventmanager\\server\\v2\\controllers\\_support\\base.js":{"path":"C:\\Users\\T-naike\\Desktop\\MrTaiwo\\eventmanager\\server\\v2\\controllers\\_support\\base.js","statementMap":{"0":{"start":{"line":3,"column":0},"end":{"line":31,"column":2}},"1":{"start":{"line":5,"column":4},"end":{"line":5,"column":35}},"2":{"start":{"line":10,"column":4},"end":{"line":12,"column":5}},"3":{"start":{"line":11,"column":6},"end":{"line":11,"column":19}},"4":{"start":{"line":14,"column":16},"end":{"line":14,"column":37}},"5":{"start":{"line":15,"column":14},"end":{"line":15,"column":36}},"6":{"start":{"line":16,"column":16},"end":{"line":16,"column":38}},"7":{"start":{"line":17,"column":15},"end":{"line":17,"column":37}},"8":{"start":{"line":19,"column":4},"end":{"line":21,"column":5}},"9":{"start":{"line":20,"column":6},"end":{"line":20,"column":19}},"10":{"start":{"line":23,"column":22},"end":{"line":23,"column":70}},"11":{"start":{"line":25,"column":4},"end":{"line":27,"column":5}},"12":{"start":{"line":26,"column":6},"end":{"line":26,"column":26}},"13":{"start":{"line":29,"column":4},"end":{"line":29,"column":52}}},"fnMap":{"0":{"name":"toValidatorString","decl":{"start":{"line":4,"column":30},"end":{"line":4,"column":47}},"loc":{"start":{"line":4,"column":55},"end":{"line":6,"column":3}},"line":4},"1":{"name":"isValidDate","decl":{"start":{"line":8,"column":24},"end":{"line":8,"column":35}},"loc":{"start":{"line":8,"column":48},"end":{"line":30,"column":3}},"line":8}},"branchMap":{"0":{"loc":{"start":{"line":5,"column":11},"end":{"line":5,"column":34}},"type":"cond-expr","locations":[{"start":{"line":5,"column":19},"end":{"line":5,"column":29}},{"start":{"line":5,"column":32},"end":{"line":5,"column":34}}],"line":5},"1":{"loc":{"start":{"line":10,"column":4},"end":{"line":12,"column":5}},"type":"if","locations":[{"start":{"line":10,"column":4},"end":{"line":12,"column":5}},{"start":{"line":10,"column":4},"end":{"line":12,"column":5}}],"line":10},"2":{"loc":{"start":{"line":19,"column":4},"end":{"line":21,"column":5}},"type":"if","locations":[{"start":{"line":19,"column":4},"end":{"line":21,"column":5}},{"start":{"line":19,"column":4},"end":{"line":21,"column":5}}],"line":19},"3":{"loc":{"start":{"line":19,"column":8},"end":{"line":19,"column":63}},"type":"binary-expr","locations":[{"start":{"line":19,"column":8},"end":{"line":19,"column":19}},{"start":{"line":19,"column":23},"end":{"line":19,"column":34}},{"start":{"line":19,"column":38},"end":{"line":19,"column":49}},{"start":{"line":19,"column":53},"end":{"line":19,"column":63}}],"line":19},"4":{"loc":{"start":{"line":25,"column":4},"end":{"line":27,"column":5}},"type":"if","locations":[{"start":{"line":25,"column":4},"end":{"line":27,"column":5}},{"start":{"line":25,"column":4},"end":{"line":27,"column":5}}],"line":25},"5":{"loc":{"start":{"line":25,"column":8},"end":{"line":25,"column":62}},"type":"binary-expr","locations":[{"start":{"line":25,"column":8},"end":{"line":25,"column":24}},{"start":{"line":25,"column":28},"end":{"line":25,"column":44}},{"start":{"line":25,"column":48},"end":{"line":25,"column":62}}],"line":25},"6":{"loc":{"start":{"line":29,"column":11},"end":{"line":29,"column":51}},"type":"binary-expr","locations":[{"start":{"line":29,"column":11},"end":{"line":29,"column":18}},{"start":{"line":29,"column":22},"end":{"line":29,"column":51}}],"line":29}},"s":{"0":1,"1":0,"2":0,"3":0,"4":0,"5":0,"6":0,"7":0,"8":0,"9":0,"10":0,"11":0,"12":0,"13":0},"f":{"0":0,"1":0},"b":{"0":[0,0],"1":[0,0],"2":[0,0],"3":[0,0,0,0],"4":[0,0],"5":[0,0,0],"6":[0,0]},"_coverageSchema":"332fd63041d2c1bcb487cc26dd0d5f7d97098a6c","hash":"74f45d6da4ff9727d6f52710091d71f31249f4b5","contentHash":"dc5fdd885b3cb19a18c095ef594eba67_11.3.0"},"C:\\Users\\T-naike\\Desktop\\MrTaiwo\\eventmanager\\server\\v2\\models\\index.js":{"path":"C:\\Users\\T-naike\\Desktop\\MrTaiwo\\eventmanager\\server\\v2\\models\\index.js","statementMap":{"0":{"start":{"line":3,"column":9},"end":{"line":3,"column":22}},"1":{"start":{"line":4,"column":11},"end":{"line":4,"column":26}},"2":{"start":{"line":5,"column":16},"end":{"line":5,"column":36}},"3":{"start":{"line":6,"column":15},"end":{"line":6,"column":40}},"4":{"start":{"line":7,"column":10},"end":{"line":7,"column":47}},"5":{"start":{"line":8,"column":13},"end":{"line":8,"column":63}},"6":{"start":{"line":9,"column":9},"end":{"line":9,"column":11}},"7":{"start":{"line":11,"column":16},"end":{"line":11,"column":22}},"8":{"start":{"line":13,"column":0},"end":{"line":17,"column":1}},"9":{"start":{"line":14,"column":2},"end":{"line":14,"column":74}},"10":{"start":{"line":16,"column":2},"end":{"line":16,"column":87}},"11":{"start":{"line":19,"column":0},"end":{"line":24,"column":3}},"12":{"start":{"line":20,"column":2},"end":{"line":20,"column":82}},"13":{"start":{"line":22,"column":14},"end":{"line":22,"column":58}},"14":{"start":{"line":23,"column":2},"end":{"line":23,"column":25}},"15":{"start":{"line":26,"column":0},"end":{"line":30,"column":3}},"16":{"start":{"line":27,"column":2},"end":{"line":29,"column":3}},"17":{"start":{"line":28,"column":4},"end":{"line":28,"column":32}},"18":{"start":{"line":32,"column":0},"end":{"line":32,"column":25}},"19":{"start":{"line":33,"column":0},"end":{"line":33,"column":25}},"20":{"start":{"line":35,"column":0},"end":{"line":35,"column":20}}},"fnMap":{"0":{"name":"(anonymous_0)","decl":{"start":{"line":19,"column":33},"end":{"line":19,"column":34}},"loc":{"start":{"line":19,"column":49},"end":{"line":21,"column":1}},"line":19},"1":{"name":"(anonymous_1)","decl":{"start":{"line":21,"column":11},"end":{"line":21,"column":12}},"loc":{"start":{"line":21,"column":27},"end":{"line":24,"column":1}},"line":21},"2":{"name":"(anonymous_2)","decl":{"start":{"line":26,"column":24},"end":{"line":26,"column":25}},"loc":{"start":{"line":26,"column":45},"end":{"line":30,"column":1}},"line":26}},"branchMap":{"0":{"loc":{"start":{"line":7,"column":10},"end":{"line":7,"column":47}},"type":"binary-expr","locations":[{"start":{"line":7,"column":10},"end":{"line":7,"column":30}},{"start":{"line":7,"column":34},"end":{"line":7,"column":47}}],"line":7},"1":{"loc":{"start":{"line":13,"column":0},"end":{"line":17,"column":1}},"type":"if","locations":[{"start":{"line":13,"column":0},"end":{"line":17,"column":1}},{"start":{"line":13,"column":0},"end":{"line":17,"column":1}}],"line":13},"2":{"loc":{"start":{"line":20,"column":9},"end":{"line":20,"column":81}},"type":"binary-expr","locations":[{"start":{"line":20,"column":9},"end":{"line":20,"column":32}},{"start":{"line":20,"column":36},"end":{"line":20,"column":53}},{"start":{"line":20,"column":57},"end":{"line":20,"column":81}}],"line":20},"3":{"loc":{"start":{"line":27,"column":2},"end":{"line":29,"column":3}},"type":"if","locations":[{"start":{"line":27,"column":2},"end":{"line":29,"column":3}},{"start":{"line":27,"column":2},"end":{"line":29,"column":3}}],"line":27}},"s":{"0":1,"1":1,"2":1,"3":1,"4":1,"5":1,"6":1,"7":1,"8":1,"9":0,"10":1,"11":1,"12":4,"13":3,"14":3,"15":1,"16":3,"17":3,"18":1,"19":1,"20":1},"f":{"0":4,"1":3,"2":3},"b":{"0":[1,1],"1":[0,1],"2":[4,4,3],"3":[3,0]},"_coverageSchema":"332fd63041d2c1bcb487cc26dd0d5f7d97098a6c","hash":"8d66c603e209d07b5c3dbc777467ae48aeb026eb","contentHash":"d0c48720276d8696a723c4cea8a4eb59_11.3.0"},"C:\\Users\\T-naike\\Desktop\\MrTaiwo\\eventmanager\\server\\v2\\models\\center.js":{"path":"C:\\Users\\T-naike\\Desktop\\MrTaiwo\\eventmanager\\server\\v2\\models\\center.js","statementMap":{"0":{"start":{"line":3,"column":0},"end":{"line":22,"column":2}},"1":{"start":{"line":4,"column":15},"end":{"line":12,"column":4}},"2":{"start":{"line":14,"column":2},"end":{"line":19,"column":4}},"3":{"start":{"line":15,"column":4},"end":{"line":18,"column":7}},"4":{"start":{"line":21,"column":2},"end":{"line":21,"column":16}}},"fnMap":{"0":{"name":"(anonymous_0)","decl":{"start":{"line":3,"column":17},"end":{"line":3,"column":18}},"loc":{"start":{"line":3,"column":49},"end":{"line":22,"column":1}},"line":3},"1":{"name":"(anonymous_1)","decl":{"start":{"line":14,"column":21},"end":{"line":14,"column":22}},"loc":{"start":{"line":14,"column":39},"end":{"line":19,"column":3}},"line":14}},"branchMap":{},"s":{"0":1,"1":1,"2":1,"3":1,"4":1},"f":{"0":1,"1":1},"b":{},"_coverageSchema":"332fd63041d2c1bcb487cc26dd0d5f7d97098a6c","hash":"5015226b337394a12a78104a572a770ddee9612a","contentHash":"87f4471d096ec4be0739d9b6fbbe1726_11.3.0"},"C:\\Users\\T-naike\\Desktop\\MrTaiwo\\eventmanager\\server\\v2\\models\\event.js":{"path":"C:\\Users\\T-naike\\Desktop\\MrTaiwo\\eventmanager\\server\\v2\\models\\event.js","statementMap":{"0":{"start":{"line":3,"column":0},"end":{"line":20,"column":2}},"1":{"start":{"line":4,"column":14},"end":{"line":10,"column":4}},"2":{"start":{"line":12,"column":2},"end":{"line":17,"column":4}},"3":{"start":{"line":13,"column":4},"end":{"line":16,"column":7}},"4":{"start":{"line":19,"column":2},"end":{"line":19,"column":15}}},"fnMap":{"0":{"name":"(anonymous_0)","decl":{"start":{"line":3,"column":17},"end":{"line":3,"column":18}},"loc":{"start":{"line":3,"column":49},"end":{"line":20,"column":1}},"line":3},"1":{"name":"(anonymous_1)","decl":{"start":{"line":12,"column":20},"end":{"line":12,"column":21}},"loc":{"start":{"line":12,"column":38},"end":{"line":17,"column":3}},"line":12}},"branchMap":{},"s":{"0":1,"1":1,"2":1,"3":1,"4":1},"f":{"0":1,"1":1},"b":{},"_coverageSchema":"332fd63041d2c1bcb487cc26dd0d5f7d97098a6c","hash":"811a9e2055a96a241d3af588035f1aa5c35b5a7f","contentHash":"0482cc2c34e4b71f2b8af6286fb95451_11.3.0"},"C:\\Users\\T-naike\\Desktop\\MrTaiwo\\eventmanager\\server\\v2\\models\\user.js":{"path":"C:\\Users\\T-naike\\Desktop\\MrTaiwo\\eventmanager\\server\\v2\\models\\user.js","statementMap":{"0":{"start":{"line":3,"column":0},"end":{"line":24,"column":2}},"1":{"start":{"line":4,"column":13},"end":{"line":14,"column":4}},"2":{"start":{"line":16,"column":2},"end":{"line":21,"column":4}},"3":{"start":{"line":17,"column":4},"end":{"line":20,"column":7}},"4":{"start":{"line":23,"column":2},"end":{"line":23,"column":14}}},"fnMap":{"0":{"name":"(anonymous_0)","decl":{"start":{"line":3,"column":17},"end":{"line":3,"column":18}},"loc":{"start":{"line":3,"column":49},"end":{"line":24,"column":1}},"line":3},"1":{"name":"(anonymous_1)","decl":{"start":{"line":16,"column":19},"end":{"line":16,"column":20}},"loc":{"start":{"line":16,"column":37},"end":{"line":21,"column":3}},"line":16}},"branchMap":{},"s":{"0":1,"1":1,"2":1,"3":1,"4":1},"f":{"0":1,"1":1},"b":{},"_coverageSchema":"332fd63041d2c1bcb487cc26dd0d5f7d97098a6c","hash":"2c66f3786190269664b5d1412982c7a4db11624a","contentHash":"7b942fb7ac35f0fb7a209d5192556967_11.3.0"},"C:\\Users\\T-naike\\Desktop\\MrTaiwo\\eventmanager\\server\\v2\\controllers\\event.js":{"path":"C:\\Users\\T-naike\\Desktop\\MrTaiwo\\eventmanager\\server\\v2\\controllers\\event.js","statementMap":{"0":{"start":{"line":3,"column":17},"end":{"line":3,"column":37}},"1":{"start":{"line":5,"column":18},"end":{"line":5,"column":52}},"2":{"start":{"line":7,"column":14},"end":{"line":7,"column":31}},"3":{"start":{"line":9,"column":15},"end":{"line":9,"column":46}},"4":{"start":{"line":11,"column":14},"end":{"line":11,"column":34}},"5":{"start":{"line":13,"column":15},"end":{"line":13,"column":46}},"6":{"start":{"line":15,"column":13},"end":{"line":15,"column":40}},"7":{"start":{"line":17,"column":14},"end":{"line":17,"column":44}},"8":{"start":{"line":19,"column":39},"end":{"line":19,"column":93}},"9":{"start":{"line":21,"column":44},"end":{"line":21,"column":195}},"10":{"start":{"line":21,"column":62},"end":{"line":21,"column":166}},"11":{"start":{"line":21,"column":176},"end":{"line":21,"column":193}},"12":{"start":{"line":21,"column":196},"end":{"line":21,"column":207}},"13":{"start":{"line":23,"column":13},"end":{"line":23,"column":36}},"14":{"start":{"line":25,"column":0},"end":{"line":124,"column":2}},"15":{"start":{"line":27,"column":16},"end":{"line":27,"column":45}},"16":{"start":{"line":28,"column":4},"end":{"line":30,"column":5}},"17":{"start":{"line":29,"column":6},"end":{"line":29,"column":53}},"18":{"start":{"line":32,"column":4},"end":{"line":34,"column":5}},"19":{"start":{"line":33,"column":6},"end":{"line":33,"column":52}},"20":{"start":{"line":37,"column":4},"end":{"line":75,"column":7}},"21":{"start":{"line":42,"column":6},"end":{"line":44,"column":7}},"22":{"start":{"line":43,"column":8},"end":{"line":43,"column":54}},"23":{"start":{"line":46,"column":6},"end":{"line":74,"column":9}},"24":{"start":{"line":52,"column":8},"end":{"line":54,"column":9}},"25":{"start":{"line":53,"column":10},"end":{"line":53,"column":65}},"26":{"start":{"line":57,"column":8},"end":{"line":73,"column":11}},"27":{"start":{"line":60,"column":10},"end":{"line":62,"column":11}},"28":{"start":{"line":61,"column":12},"end":{"line":61,"column":56}},"29":{"start":{"line":65,"column":31},"end":{"line":65,"column":111}},"30":{"start":{"line":67,"column":10},"end":{"line":72,"column":13}},"31":{"start":{"line":68,"column":12},"end":{"line":70,"column":13}},"32":{"start":{"line":69,"column":14},"end":{"line":69,"column":66}},"33":{"start":{"line":71,"column":12},"end":{"line":71,"column":50}},"34":{"start":{"line":78,"column":4},"end":{"line":80,"column":5}},"35":{"start":{"line":79,"column":6},"end":{"line":79,"column":51}},"36":{"start":{"line":81,"column":4},"end":{"line":85,"column":7}},"37":{"start":{"line":82,"column":6},"end":{"line":82,"column":41}},"38":{"start":{"line":84,"column":6},"end":{"line":84,"column":41}},"39":{"start":{"line":89,"column":4},"end":{"line":91,"column":5}},"40":{"start":{"line":90,"column":6},"end":{"line":90,"column":51}},"41":{"start":{"line":93,"column":4},"end":{"line":122,"column":7}},"42":{"start":{"line":94,"column":6},"end":{"line":96,"column":7}},"43":{"start":{"line":95,"column":8},"end":{"line":95,"column":60}},"44":{"start":{"line":98,"column":6},"end":{"line":98,"column":81}},"45":{"start":{"line":100,"column":6},"end":{"line":102,"column":7}},"46":{"start":{"line":101,"column":8},"end":{"line":101,"column":54}},"47":{"start":{"line":103,"column":6},"end":{"line":121,"column":9}},"48":{"start":{"line":104,"column":8},"end":{"line":106,"column":9}},"49":{"start":{"line":105,"column":10},"end":{"line":105,"column":59}},"50":{"start":{"line":108,"column":21},"end":{"line":108,"column":47}},"51":{"start":{"line":109,"column":8},"end":{"line":109,"column":30}},"52":{"start":{"line":111,"column":8},"end":{"line":113,"column":9}},"53":{"start":{"line":112,"column":10},"end":{"line":112,"column":58}},"54":{"start":{"line":115,"column":29},"end":{"line":115,"column":84}},"55":{"start":{"line":116,"column":8},"end":{"line":120,"column":11}},"56":{"start":{"line":119,"column":10},"end":{"line":119,"column":38}}},"fnMap":{"0":{"name":"_interopRequireDefault","decl":{"start":{"line":19,"column":9},"end":{"line":19,"column":31}},"loc":{"start":{"line":19,"column":37},"end":{"line":19,"column":95}},"line":19},"1":{"name":"_defineProperty","decl":{"start":{"line":21,"column":9},"end":{"line":21,"column":24}},"loc":{"start":{"line":21,"column":42},"end":{"line":21,"column":209}},"line":21},"2":{"name":"createEvent","decl":{"start":{"line":26,"column":24},"end":{"line":26,"column":35}},"loc":{"start":{"line":26,"column":46},"end":{"line":76,"column":3}},"line":26},"3":{"name":"(anonymous_3)","decl":{"start":{"line":39,"column":12},"end":{"line":39,"column":13}},"loc":{"start":{"line":39,"column":30},"end":{"line":75,"column":5}},"line":39},"4":{"name":"(anonymous_4)","decl":{"start":{"line":51,"column":14},"end":{"line":51,"column":15}},"loc":{"start":{"line":51,"column":39},"end":{"line":74,"column":7}},"line":51},"5":{"name":"(anonymous_5)","decl":{"start":{"line":59,"column":16},"end":{"line":59,"column":17}},"loc":{"start":{"line":59,"column":41},"end":{"line":73,"column":9}},"line":59},"6":{"name":"(anonymous_6)","decl":{"start":{"line":67,"column":62},"end":{"line":67,"column":63}},"loc":{"start":{"line":67,"column":82},"end":{"line":72,"column":11}},"line":67},"7":{"name":"deleteEvent","decl":{"start":{"line":77,"column":24},"end":{"line":77,"column":35}},"loc":{"start":{"line":77,"column":46},"end":{"line":86,"column":3}},"line":77},"8":{"name":"(anonymous_8)","decl":{"start":{"line":81,"column":62},"end":{"line":81,"column":63}},"loc":{"start":{"line":81,"column":79},"end":{"line":83,"column":5}},"line":81},"9":{"name":"(anonymous_9)","decl":{"start":{"line":83,"column":13},"end":{"line":83,"column":14}},"loc":{"start":{"line":83,"column":30},"end":{"line":85,"column":5}},"line":83},"10":{"name":"editEvent","decl":{"start":{"line":87,"column":22},"end":{"line":87,"column":31}},"loc":{"start":{"line":87,"column":42},"end":{"line":123,"column":3}},"line":87},"11":{"name":"(anonymous_11)","decl":{"start":{"line":93,"column":82},"end":{"line":93,"column":83}},"loc":{"start":{"line":93,"column":99},"end":{"line":122,"column":5}},"line":93},"12":{"name":"(anonymous_12)","decl":{"start":{"line":103,"column":82},"end":{"line":103,"column":83}},"loc":{"start":{"line":103,"column":100},"end":{"line":121,"column":7}},"line":103},"13":{"name":"(anonymous_13)","decl":{"start":{"line":118,"column":16},"end":{"line":118,"column":17}},"loc":{"start":{"line":118,"column":33},"end":{"line":120,"column":9}},"line":118}},"branchMap":{"0":{"loc":{"start":{"line":19,"column":46},"end":{"line":19,"column":92}},"type":"cond-expr","locations":[{"start":{"line":19,"column":70},"end":{"line":19,"column":73}},{"start":{"line":19,"column":76},"end":{"line":19,"column":92}}],"line":19},"1":{"loc":{"start":{"line":19,"column":46},"end":{"line":19,"column":67}},"type":"binary-expr","locations":[{"start":{"line":19,"column":46},"end":{"line":19,"column":49}},{"start":{"line":19,"column":53},"end":{"line":19,"column":67}}],"line":19},"2":{"loc":{"start":{"line":21,"column":44},"end":{"line":21,"column":195}},"type":"if","locations":[{"start":{"line":21,"column":44},"end":{"line":21,"column":195}},{"start":{"line":21,"column":44},"end":{"line":21,"column":195}}],"line":21},"3":{"loc":{"start":{"line":28,"column":4},"end":{"line":30,"column":5}},"type":"if","locations":[{"start":{"line":28,"column":4},"end":{"line":30,"column":5}},{"start":{"line":28,"column":4},"end":{"line":30,"column":5}}],"line":28},"4":{"loc":{"start":{"line":32,"column":4},"end":{"line":34,"column":5}},"type":"if","locations":[{"start":{"line":32,"column":4},"end":{"line":34,"column":5}},{"start":{"line":32,"column":4},"end":{"line":34,"column":5}}],"line":32},"5":{"loc":{"start":{"line":32,"column":8},"end":{"line":32,"column":78}},"type":"binary-expr","locations":[{"start":{"line":32,"column":8},"end":{"line":32,"column":26}},{"start":{"line":32,"column":30},"end":{"line":32,"column":78}}],"line":32},"6":{"loc":{"start":{"line":42,"column":6},"end":{"line":44,"column":7}},"type":"if","locations":[{"start":{"line":42,"column":6},"end":{"line":44,"column":7}},{"start":{"line":42,"column":6},"end":{"line":44,"column":7}}],"line":42},"7":{"loc":{"start":{"line":52,"column":8},"end":{"line":54,"column":9}},"type":"if","locations":[{"start":{"line":52,"column":8},"end":{"line":54,"column":9}},{"start":{"line":52,"column":8},"end":{"line":54,"column":9}}],"line":52},"8":{"loc":{"start":{"line":60,"column":10},"end":{"line":62,"column":11}},"type":"if","locations":[{"start":{"line":60,"column":10},"end":{"line":62,"column":11}},{"start":{"line":60,"column":10},"end":{"line":62,"column":11}}],"line":60},"9":{"loc":{"start":{"line":68,"column":12},"end":{"line":70,"column":13}},"type":"if","locations":[{"start":{"line":68,"column":12},"end":{"line":70,"column":13}},{"start":{"line":68,"column":12},"end":{"line":70,"column":13}}],"line":68},"10":{"loc":{"start":{"line":78,"column":4},"end":{"line":80,"column":5}},"type":"if","locations":[{"start":{"line":78,"column":4},"end":{"line":80,"column":5}},{"start":{"line":78,"column":4},"end":{"line":80,"column":5}}],"line":78},"11":{"loc":{"start":{"line":78,"column":8},"end":{"line":78,"column":66}},"type":"binary-expr","locations":[{"start":{"line":78,"column":8},"end":{"line":78,"column":22}},{"start":{"line":78,"column":26},"end":{"line":78,"column":66}}],"line":78},"12":{"loc":{"start":{"line":89,"column":4},"end":{"line":91,"column":5}},"type":"if","locations":[{"start":{"line":89,"column":4},"end":{"line":91,"column":5}},{"start":{"line":89,"column":4},"end":{"line":91,"column":5}}],"line":89},"13":{"loc":{"start":{"line":89,"column":8},"end":{"line":89,"column":92}},"type":"binary-expr","locations":[{"start":{"line":89,"column":8},"end":{"line":89,"column":22}},{"start":{"line":89,"column":26},"end":{"line":89,"column":66}},{"start":{"line":89,"column":70},"end":{"line":89,"column":92}}],"line":89},"14":{"loc":{"start":{"line":94,"column":6},"end":{"line":96,"column":7}},"type":"if","locations":[{"start":{"line":94,"column":6},"end":{"line":96,"column":7}},{"start":{"line":94,"column":6},"end":{"line":96,"column":7}}],"line":94},"15":{"loc":{"start":{"line":98,"column":26},"end":{"line":98,"column":80}},"type":"cond-expr","locations":[{"start":{"line":98,"column":46},"end":{"line":98,"column":63}},{"start":{"line":98,"column":66},"end":{"line":98,"column":80}}],"line":98},"16":{"loc":{"start":{"line":100,"column":6},"end":{"line":102,"column":7}},"type":"if","locations":[{"start":{"line":100,"column":6},"end":{"line":102,"column":7}},{"start":{"line":100,"column":6},"end":{"line":102,"column":7}}],"line":100},"17":{"loc":{"start":{"line":100,"column":10},"end":{"line":100,"column":88}},"type":"binary-expr","locations":[{"start":{"line":100,"column":10},"end":{"line":100,"column":58}},{"start":{"line":100,"column":62},"end":{"line":100,"column":88}}],"line":100},"18":{"loc":{"start":{"line":104,"column":8},"end":{"line":106,"column":9}},"type":"if","locations":[{"start":{"line":104,"column":8},"end":{"line":106,"column":9}},{"start":{"line":104,"column":8},"end":{"line":106,"column":9}}],"line":104},"19":{"loc":{"start":{"line":111,"column":8},"end":{"line":113,"column":9}},"type":"if","locations":[{"start":{"line":111,"column":8},"end":{"line":113,"column":9}},{"start":{"line":111,"column":8},"end":{"line":113,"column":9}}],"line":111}},"s":{"0":1,"1":1,"2":1,"3":1,"4":1,"5":1,"6":1,"7":1,"8":4,"9":0,"10":0,"11":0,"12":0,"13":1,"14":1,"15":5,"16":5,"17":5,"18":0,"19":0,"20":0,"21":0,"22":0,"23":0,"24":0,"25":0,"26":0,"27":0,"28":0,"29":0,"30":0,"31":0,"32":0,"33":0,"34":0,"35":0,"36":0,"37":0,"38":0,"39":8,"40":0,"41":8,"42":8,"43":7,"44":1,"45":1,"46":0,"47":1,"48":1,"49":1,"50":0,"51":0,"52":0,"53":0,"54":0,"55":0,"56":0},"f":{"0":4,"1":0,"2":5,"3":0,"4":0,"5":0,"6":0,"7":0,"8":0,"9":0,"10":8,"11":8,"12":1,"13":0},"b":{"0":[1,3],"1":[4,4],"2":[0,0],"3":[5,0],"4":[0,0],"5":[0,0],"6":[0,0],"7":[0,0],"8":[0,0],"9":[0,0],"10":[0,0],"11":[0,0],"12":[0,8],"13":[8,8,8],"14":[7,1],"15":[0,1],"16":[0,1],"17":[1,1],"18":[1,0],"19":[0,0]},"_coverageSchema":"332fd63041d2c1bcb487cc26dd0d5f7d97098a6c","hash":"185c3baf5a53c489b79ca70a7a9a5a72779b763c","contentHash":"3839cdea27eee3201f8dac3d81a7cd07_11.3.0"},"C:\\Users\\T-naike\\Desktop\\MrTaiwo\\eventmanager\\server\\v2\\controllers\\_support\\event.js":{"path":"C:\\Users\\T-naike\\Desktop\\MrTaiwo\\eventmanager\\server\\v2\\controllers\\_support\\event.js","statementMap":{"0":{"start":{"line":3,"column":0},"end":{"line":5,"column":3}},"1":{"start":{"line":6,"column":0},"end":{"line":6,"column":28}},"2":{"start":{"line":8,"column":19},"end":{"line":8,"column":563}},"3":{"start":{"line":8,"column":76},"end":{"line":8,"column":347}},"4":{"start":{"line":8,"column":134},"end":{"line":8,"column":142}},"5":{"start":{"line":8,"column":144},"end":{"line":8,"column":199}},"6":{"start":{"line":8,"column":200},"end":{"line":8,"column":231}},"7":{"start":{"line":8,"column":232},"end":{"line":8,"column":286}},"8":{"start":{"line":8,"column":259},"end":{"line":8,"column":286}},"9":{"start":{"line":8,"column":287},"end":{"line":8,"column":345}},"10":{"start":{"line":8,"column":350},"end":{"line":8,"column":559}},"11":{"start":{"line":8,"column":407},"end":{"line":8,"column":475}},"12":{"start":{"line":8,"column":423},"end":{"line":8,"column":475}},"13":{"start":{"line":8,"column":476},"end":{"line":8,"column":536}},"14":{"start":{"line":8,"column":493},"end":{"line":8,"column":536}},"15":{"start":{"line":8,"column":537},"end":{"line":8,"column":556}},"16":{"start":{"line":10,"column":17},"end":{"line":10,"column":37}},"17":{"start":{"line":12,"column":18},"end":{"line":12,"column":52}},"18":{"start":{"line":14,"column":14},"end":{"line":14,"column":31}},"19":{"start":{"line":16,"column":15},"end":{"line":16,"column":46}},"20":{"start":{"line":18,"column":39},"end":{"line":18,"column":93}},"21":{"start":{"line":20,"column":50},"end":{"line":20,"column":151}},"22":{"start":{"line":20,"column":92},"end":{"line":20,"column":149}},"23":{"start":{"line":22,"column":12},"end":{"line":120,"column":3}},"24":{"start":{"line":24,"column":4},"end":{"line":24,"column":33}},"25":{"start":{"line":26,"column":4},"end":{"line":26,"column":23}},"26":{"start":{"line":27,"column":4},"end":{"line":27,"column":33}},"27":{"start":{"line":28,"column":4},"end":{"line":28,"column":87}},"28":{"start":{"line":29,"column":4},"end":{"line":29,"column":83}},"29":{"start":{"line":30,"column":4},"end":{"line":30,"column":28}},"30":{"start":{"line":33,"column":2},"end":{"line":117,"column":6}},"31":{"start":{"line":36,"column":6},"end":{"line":36,"column":54}},"32":{"start":{"line":37,"column":6},"end":{"line":37,"column":118}},"33":{"start":{"line":38,"column":6},"end":{"line":38,"column":110}},"34":{"start":{"line":43,"column":6},"end":{"line":46,"column":7}},"35":{"start":{"line":44,"column":8},"end":{"line":44,"column":64}},"36":{"start":{"line":45,"column":8},"end":{"line":45,"column":26}},"37":{"start":{"line":48,"column":6},"end":{"line":51,"column":7}},"38":{"start":{"line":49,"column":8},"end":{"line":49,"column":76}},"39":{"start":{"line":50,"column":8},"end":{"line":50,"column":26}},"40":{"start":{"line":53,"column":6},"end":{"line":56,"column":7}},"41":{"start":{"line":54,"column":8},"end":{"line":54,"column":70}},"42":{"start":{"line":55,"column":8},"end":{"line":55,"column":26}},"43":{"start":{"line":58,"column":6},"end":{"line":61,"column":7}},"44":{"start":{"line":59,"column":8},"end":{"line":59,"column":73}},"45":{"start":{"line":60,"column":8},"end":{"line":60,"column":26}},"46":{"start":{"line":68,"column":6},"end":{"line":68,"column":37}},"47":{"start":{"line":74,"column":6},"end":{"line":76,"column":7}},"48":{"start":{"line":75,"column":8},"end":{"line":75,"column":21}},"49":{"start":{"line":78,"column":18},"end":{"line":78,"column":39}},"50":{"start":{"line":79,"column":16},"end":{"line":79,"column":38}},"51":{"start":{"line":80,"column":18},"end":{"line":80,"column":40}},"52":{"start":{"line":81,"column":17},"end":{"line":81,"column":39}},"53":{"start":{"line":83,"column":6},"end":{"line":83,"column":79}},"54":{"start":{"line":83,"column":66},"end":{"line":83,"column":79}},"55":{"start":{"line":85,"column":24},"end":{"line":85,"column":72}},"56":{"start":{"line":87,"column":6},"end":{"line":87,"column":83}},"57":{"start":{"line":87,"column":63},"end":{"line":87,"column":83}},"58":{"start":{"line":89,"column":6},"end":{"line":89,"column":54}},"59":{"start":{"line":94,"column":6},"end":{"line":94,"column":33}},"60":{"start":{"line":94,"column":23},"end":{"line":94,"column":33}},"61":{"start":{"line":95,"column":6},"end":{"line":95,"column":32}},"62":{"start":{"line":100,"column":6},"end":{"line":100,"column":74}},"63":{"start":{"line":105,"column":6},"end":{"line":105,"column":22}},"64":{"start":{"line":106,"column":6},"end":{"line":106,"column":25}},"65":{"start":{"line":111,"column":6},"end":{"line":115,"column":8}},"66":{"start":{"line":119,"column":2},"end":{"line":119,"column":15}},"67":{"start":{"line":122,"column":0},"end":{"line":122,"column":24}}},"fnMap":{"0":{"name":"(anonymous_0)","decl":{"start":{"line":8,"column":19},"end":{"line":8,"column":20}},"loc":{"start":{"line":8,"column":31},"end":{"line":8,"column":561}},"line":8},"1":{"name":"defineProperties","decl":{"start":{"line":8,"column":42},"end":{"line":8,"column":58}},"loc":{"start":{"line":8,"column":74},"end":{"line":8,"column":349}},"line":8},"2":{"name":"(anonymous_2)","decl":{"start":{"line":8,"column":357},"end":{"line":8,"column":358}},"loc":{"start":{"line":8,"column":405},"end":{"line":8,"column":558}},"line":8},"3":{"name":"_interopRequireDefault","decl":{"start":{"line":18,"column":9},"end":{"line":18,"column":31}},"loc":{"start":{"line":18,"column":37},"end":{"line":18,"column":95}},"line":18},"4":{"name":"_classCallCheck","decl":{"start":{"line":20,"column":9},"end":{"line":20,"column":24}},"loc":{"start":{"line":20,"column":48},"end":{"line":20,"column":153}},"line":20},"5":{"name":"(anonymous_5)","decl":{"start":{"line":22,"column":12},"end":{"line":22,"column":13}},"loc":{"start":{"line":22,"column":24},"end":{"line":120,"column":1}},"line":22},"6":{"name":"Event","decl":{"start":{"line":23,"column":11},"end":{"line":23,"column":16}},"loc":{"start":{"line":23,"column":24},"end":{"line":31,"column":3}},"line":23},"7":{"name":"load","decl":{"start":{"line":35,"column":20},"end":{"line":35,"column":24}},"loc":{"start":{"line":35,"column":32},"end":{"line":39,"column":5}},"line":35},"8":{"name":"validate","decl":{"start":{"line":42,"column":20},"end":{"line":42,"column":28}},"loc":{"start":{"line":42,"column":31},"end":{"line":64,"column":5}},"line":42},"9":{"name":"toValidatorString","decl":{"start":{"line":67,"column":20},"end":{"line":67,"column":37}},"loc":{"start":{"line":67,"column":45},"end":{"line":69,"column":5}},"line":67},"10":{"name":"isValidDate","decl":{"start":{"line":72,"column":20},"end":{"line":72,"column":31}},"loc":{"start":{"line":72,"column":44},"end":{"line":90,"column":5}},"line":72},"11":{"name":"getErrors","decl":{"start":{"line":93,"column":20},"end":{"line":93,"column":29}},"loc":{"start":{"line":93,"column":32},"end":{"line":96,"column":5}},"line":93},"12":{"name":"datetoString","decl":{"start":{"line":99,"column":20},"end":{"line":99,"column":32}},"loc":{"start":{"line":99,"column":39},"end":{"line":101,"column":5}},"line":99},"13":{"name":"safe","decl":{"start":{"line":104,"column":20},"end":{"line":104,"column":24}},"loc":{"start":{"line":104,"column":27},"end":{"line":107,"column":5}},"line":104},"14":{"name":"toJSON","decl":{"start":{"line":110,"column":20},"end":{"line":110,"column":26}},"loc":{"start":{"line":110,"column":29},"end":{"line":116,"column":5}},"line":110}},"branchMap":{"0":{"loc":{"start":{"line":8,"column":168},"end":{"line":8,"column":198}},"type":"binary-expr","locations":[{"start":{"line":8,"column":168},"end":{"line":8,"column":189}},{"start":{"line":8,"column":193},"end":{"line":8,"column":198}}],"line":8},"1":{"loc":{"start":{"line":8,"column":232},"end":{"line":8,"column":286}},"type":"if","locations":[{"start":{"line":8,"column":232},"end":{"line":8,"column":286}},{"start":{"line":8,"column":232},"end":{"line":8,"column":286}}],"line":8},"2":{"loc":{"start":{"line":8,"column":407},"end":{"line":8,"column":475}},"type":"if","locations":[{"start":{"line":8,"column":407},"end":{"line":8,"column":475}},{"start":{"line":8,"column":407},"end":{"line":8,"column":475}}],"line":8},"3":{"loc":{"start":{"line":8,"column":476},"end":{"line":8,"column":536}},"type":"if","locations":[{"start":{"line":8,"column":476},"end":{"line":8,"column":536}},{"start":{"line":8,"column":476},"end":{"line":8,"column":536}}],"line":8},"4":{"loc":{"start":{"line":18,"column":46},"end":{"line":18,"column":92}},"type":"cond-expr","locations":[{"start":{"line":18,"column":70},"end":{"line":18,"column":73}},{"start":{"line":18,"column":76},"end":{"line":18,"column":92}}],"line":18},"5":{"loc":{"start":{"line":18,"column":46},"end":{"line":18,"column":67}},"type":"binary-expr","locations":[{"start":{"line":18,"column":46},"end":{"line":18,"column":49}},{"start":{"line":18,"column":53},"end":{"line":18,"column":67}}],"line":18},"6":{"loc":{"start":{"line":20,"column":50},"end":{"line":20,"column":151}},"type":"if","locations":[{"start":{"line":20,"column":50},"end":{"line":20,"column":151}},{"start":{"line":20,"column":50},"end":{"line":20,"column":151}}],"line":20},"7":{"loc":{"start":{"line":27,"column":16},"end":{"line":27,"column":32}},"type":"binary-expr","locations":[{"start":{"line":27,"column":16},"end":{"line":27,"column":26}},{"start":{"line":27,"column":30},"end":{"line":27,"column":32}}],"line":27},"8":{"loc":{"start":{"line":28,"column":21},"end":{"line":28,"column":86}},"type":"binary-expr","locations":[{"start":{"line":28,"column":21},"end":{"line":28,"column":80}},{"start":{"line":28,"column":84},"end":{"line":28,"column":86}}],"line":28},"9":{"loc":{"start":{"line":29,"column":19},"end":{"line":29,"column":82}},"type":"binary-expr","locations":[{"start":{"line":29,"column":19},"end":{"line":29,"column":76}},{"start":{"line":29,"column":80},"end":{"line":29,"column":82}}],"line":29},"10":{"loc":{"start":{"line":36,"column":18},"end":{"line":36,"column":53}},"type":"cond-expr","locations":[{"start":{"line":36,"column":31},"end":{"line":36,"column":41}},{"start":{"line":36,"column":44},"end":{"line":36,"column":53}}],"line":36},"11":{"loc":{"start":{"line":37,"column":23},"end":{"line":37,"column":117}},"type":"cond-expr","locations":[{"start":{"line":37,"column":41},"end":{"line":37,"column":56}},{"start":{"line":37,"column":59},"end":{"line":37,"column":117}}],"line":37},"12":{"loc":{"start":{"line":38,"column":21},"end":{"line":38,"column":109}},"type":"cond-expr","locations":[{"start":{"line":38,"column":37},"end":{"line":38,"column":50}},{"start":{"line":38,"column":53},"end":{"line":38,"column":109}}],"line":38},"13":{"loc":{"start":{"line":43,"column":6},"end":{"line":46,"column":7}},"type":"if","locations":[{"start":{"line":43,"column":6},"end":{"line":46,"column":7}},{"start":{"line":43,"column":6},"end":{"line":46,"column":7}}],"line":43},"14":{"loc":{"start":{"line":48,"column":6},"end":{"line":51,"column":7}},"type":"if","locations":[{"start":{"line":48,"column":6},"end":{"line":51,"column":7}},{"start":{"line":48,"column":6},"end":{"line":51,"column":7}}],"line":48},"15":{"loc":{"start":{"line":48,"column":10},"end":{"line":48,"column":114}},"type":"binary-expr","locations":[{"start":{"line":48,"column":10},"end":{"line":48,"column":77}},{"start":{"line":48,"column":81},"end":{"line":48,"column":114}}],"line":48},"16":{"loc":{"start":{"line":53,"column":6},"end":{"line":56,"column":7}},"type":"if","locations":[{"start":{"line":53,"column":6},"end":{"line":56,"column":7}},{"start":{"line":53,"column":6},"end":{"line":56,"column":7}}],"line":53},"17":{"loc":{"start":{"line":58,"column":6},"end":{"line":61,"column":7}},"type":"if","locations":[{"start":{"line":58,"column":6},"end":{"line":61,"column":7}},{"start":{"line":58,"column":6},"end":{"line":61,"column":7}}],"line":58},"18":{"loc":{"start":{"line":58,"column":10},"end":{"line":58,"column":110}},"type":"binary-expr","locations":[{"start":{"line":58,"column":10},"end":{"line":58,"column":75}},{"start":{"line":58,"column":79},"end":{"line":58,"column":110}}],"line":58},"19":{"loc":{"start":{"line":68,"column":13},"end":{"line":68,"column":36}},"type":"cond-expr","locations":[{"start":{"line":68,"column":21},"end":{"line":68,"column":31}},{"start":{"line":68,"column":34},"end":{"line":68,"column":36}}],"line":68},"20":{"loc":{"start":{"line":74,"column":6},"end":{"line":76,"column":7}},"type":"if","locations":[{"start":{"line":74,"column":6},"end":{"line":76,"column":7}},{"start":{"line":74,"column":6},"end":{"line":76,"column":7}}],"line":74},"21":{"loc":{"start":{"line":83,"column":6},"end":{"line":83,"column":79}},"type":"if","locations":[{"start":{"line":83,"column":6},"end":{"line":83,"column":79}},{"start":{"line":83,"column":6},"end":{"line":83,"column":79}}],"line":83},"22":{"loc":{"start":{"line":83,"column":10},"end":{"line":83,"column":64}},"type":"binary-expr","locations":[{"start":{"line":83,"column":10},"end":{"line":83,"column":21}},{"start":{"line":83,"column":25},"end":{"line":83,"column":36}},{"start":{"line":83,"column":40},"end":{"line":83,"co
[...]
,"C:\\Users\\T-naike\\Desktop\\MrTaiwo\\eventmanager\\server\\v2\\test\\event\\create-event.spec.js":{"path":"C:\\Users\\T-naike\\Desktop\\MrTaiwo\\eventmanager\\server\\v2\\test\\event\\create-event.spec.js","statementMap":{"0":{"start":{"line":3,"column":17},"end":{"line":3,"column":37}},"1":{"start":{"line":5,"column":18},"end":{"line":5,"column":52}},"2":{"start":{"line":7,"column":12},"end":{"line":7,"column":27}},"3":{"start":{"line":9,"column":13},"end":{"line":9,"column":42}},"4":{"start":{"line":11,"column":16},"end":{"line":11,"column":36}},"5":{"start":{"line":13,"column":17},"end":{"line":13,"column":50}},"6":{"start":{"line":15,"column":13},"end":{"line":15,"column":38}},"7":{"start":{"line":17,"column":14},"end":{"line":17,"column":44}},"8":{"start":{"line":19,"column":14},"end":{"line":19,"column":43}},"9":{"start":{"line":21,"column":15},"end":{"line":21,"column":46}},"10":{"start":{"line":23,"column":39},"end":{"line":23,"column":93}},"11":{"start":{"line":25,"column":13},"end":{"line":25,"column":34}},"12":{"start":{"line":28,"column":0},"end":{"line":28,"column":39}},"13":{"start":{"line":30,"column":0},"end":{"line":93,"column":3}},"14":{"start":{"line":31,"column":2},"end":{"line":33,"column":5}},"15":{"start":{"line":32,"column":4},"end":{"line":32,"column":42}},"16":{"start":{"line":35,"column":2},"end":{"line":42,"column":5}},"17":{"start":{"line":36,"column":4},"end":{"line":41,"column":7}},"18":{"start":{"line":37,"column":6},"end":{"line":37,"column":38}},"19":{"start":{"line":38,"column":6},"end":{"line":38,"column":29}},"20":{"start":{"line":39,"column":6},"end":{"line":39,"column":72}},"21":{"start":{"line":40,"column":6},"end":{"line":40,"column":13}},"22":{"start":{"line":44,"column":2},"end":{"line":52,"column":5}},"23":{"start":{"line":45,"column":4},"end":{"line":45,"column":77}},"24":{"start":{"line":46,"column":4},"end":{"line":51,"column":7}},"25":{"start":{"line":47,"column":6},"end":{"line":47,"column":38}},"26":{"start":{"line":48,"column":6},"end":{"line":48,"column":29}},"27":{"start":{"line":49,"column":6},"end":{"line":49,"column":44}},"28":{"start":{"line":50,"column":6},"end":{"line":50,"column":13}},"29":{"start":{"line":54,"column":2},"end":{"line":62,"column":5}},"30":{"start":{"line":55,"column":4},"end":{"line":61,"column":7}},"31":{"start":{"line":56,"column":6},"end":{"line":56,"column":38}},"32":{"start":{"line":57,"column":6},"end":{"line":57,"column":29}},"33":{"start":{"line":58,"column":6},"end":{"line":58,"column":71}},"34":{"start":{"line":59,"column":6},"end":{"line":59,"column":78}},"35":{"start":{"line":60,"column":6},"end":{"line":60,"column":13}},"36":{"start":{"line":64,"column":2},"end":{"line":72,"column":5}},"37":{"start":{"line":65,"column":4},"end":{"line":71,"column":7}},"38":{"start":{"line":66,"column":6},"end":{"line":66,"column":38}},"39":{"start":{"line":67,"column":6},"end":{"line":67,"column":29}},"40":{"start":{"line":68,"column":6},"end":{"line":68,"column":71}},"41":{"start":{"line":69,"column":6},"end":{"line":69,"column":79}},"42":{"start":{"line":70,"column":6},"end":{"line":70,"column":13}},"43":{"start":{"line":74,"column":2},"end":{"line":82,"column":5}},"44":{"start":{"line":75,"column":4},"end":{"line":81,"column":7}},"45":{"start":{"line":76,"column":6},"end":{"line":76,"column":38}},"46":{"start":{"line":77,"column":6},"end":{"line":77,"column":29}},"47":{"start":{"line":78,"column":6},"end":{"line":78,"column":71}},"48":{"start":{"line":79,"column":6},"end":{"line":79,"column":80}},"49":{"start":{"line":80,"column":6},"end":{"line":80,"column":13}},"50":{"start":{"line":84,"column":2},"end":{"line":92,"column":5}},"51":{"start":{"line":85,"column":4},"end":{"line":91,"column":7}},"52":{"start":{"line":86,"column":6},"end":{"line":86,"column":38}},"53":{"start":{"line":87,"column":6},"end":{"line":87,"column":29}},"54":{"start":{"line":88,"column":6},"end":{"line":88,"column":71}},"55":{"start":{"line":89,"column":6},"end":{"line":89,"column":83}},"56":{"start":{"line":90,"column":6},"end":{"line":90,"column":13}}},"fnMap":{"0":{"name":"_interopRequireDefault","decl":{"start":{"line":23,"column":9},"end":{"line":23,"column":31}},"loc":{"start":{"line":23,"column":37},"end":{"line":23,"column":95}},"line":23},"1":{"name":"(anonymous_1)","decl":{"start":{"line":30,"column":25},"end":{"line":30,"column":26}},"loc":{"start":{"line":30,"column":37},"end":{"line":93,"column":1}},"line":30},"2":{"name":"(anonymous_2)","decl":{"start":{"line":31,"column":9},"end":{"line":31,"column":10}},"loc":{"start":{"line":31,"column":21},"end":{"line":33,"column":3}},"line":31},"3":{"name":"(anonymous_3)","decl":{"start":{"line":35,"column":28},"end":{"line":35,"column":29}},"loc":{"start":{"line":35,"column":44},"end":{"line":42,"column":3}},"line":35},"4":{"name":"(anonymous_4)","decl":{"start":{"line":36,"column":98},"end":{"line":36,"column":99}},"loc":{"start":{"line":36,"column":118},"end":{"line":41,"column":5}},"line":36},"5":{"name":"(anonymous_5)","decl":{"start":{"line":44,"column":38},"end":{"line":44,"column":39}},"loc":{"start":{"line":44,"column":54},"end":{"line":52,"column":3}},"line":44},"6":{"name":"(anonymous_6)","decl":{"start":{"line":46,"column":66},"end":{"line":46,"column":67}},"loc":{"start":{"line":46,"column":86},"end":{"line":51,"column":5}},"line":46},"7":{"name":"(anonymous_7)","decl":{"start":{"line":54,"column":45},"end":{"line":54,"column":46}},"loc":{"start":{"line":54,"column":61},"end":{"line":62,"column":3}},"line":54},"8":{"name":"(anonymous_8)","decl":{"start":{"line":55,"column":104},"end":{"line":55,"column":105}},"loc":{"start":{"line":55,"column":124},"end":{"line":61,"column":5}},"line":55},"9":{"name":"(anonymous_9)","decl":{"start":{"line":64,"column":57},"end":{"line":64,"column":58}},"loc":{"start":{"line":64,"column":73},"end":{"line":72,"column":3}},"line":64},"10":{"name":"(anonymous_10)","decl":{"start":{"line":65,"column":100},"end":{"line":65,"column":101}},"loc":{"start":{"line":65,"column":120},"end":{"line":71,"column":5}},"line":65},"11":{"name":"(anonymous_11)","decl":{"start":{"line":74,"column":58},"end":{"line":74,"column":59}},"loc":{"start":{"line":74,"column":74},"end":{"line":82,"column":3}},"line":74},"12":{"name":"(anonymous_12)","decl":{"start":{"line":75,"column":101},"end":{"line":75,"column":102}},"loc":{"start":{"line":75,"column":121},"end":{"line":81,"column":5}},"line":75},"13":{"name":"(anonymous_13)","decl":{"start":{"line":84,"column":59},"end":{"line":84,"column":60}},"loc":{"start":{"line":84,"column":75},"end":{"line":92,"column":3}},"line":84},"14":{"name":"(anonymous_14)","decl":{"start":{"line":85,"column":104},"end":{"line":85,"column":105}},"loc":{"start":{"line":85,"column":124},"end":{"line":91,"column":5}},"line":85}},"branchMap":{"0":{"loc":{"start":{"line":23,"column":46},"end":{"line":23,"column":92}},"type":"cond-expr","locations":[{"start":{"line":23,"column":70},"end":{"line":23,"column":73}},{"start":{"line":23,"column":76},"end":{"line":23,"column":92}}],"line":23},"1":{"loc":{"start":{"line":23,"column":46},"end":{"line":23,"column":67}},"type":"binary-expr","locations":[{"start":{"line":23,"column":46},"end":{"line":23,"column":49}},{"start":{"line":23,"column":53},"end":{"line":23,"column":67}}],"line":23}},"s":{"0":1,"1":1,"2":1,"3":1,"4":1,"5":1,"6":1,"7":1,"8":1,"9":1,"10":5,"11":1,"12":1,"13":1,"14":1,"15":1,"16":1,"17":1,"18":1,"19":0,"20":0,"21":0,"22":1,"23":1,"24":0,"25":0,"26":0,"27":0,"28":0,"29":1,"30":1,"31":1,"32":1,"33":1,"34":0,"35":0,"36":1,"37":1,"38":1,"39":1,"40":1,"41":0,"42":0,"43":1,"44":1,"45":1,"46":1,"47":1,"48":0,"49":0,"50":1,"51":1,"52":1,"53":1,"54":1,"55":0,"56":0},"f":{"0":5,"1":1,"2":1,"3":1,"4":1,"5":1,"6":0,"7":1,"8":1,"9":1,"10":1,"11":1,"12":1,"13":1,"14":1},"b":{"0":[0,5],"1":[5,5]},"_coverageSchema":"332fd63041d2c1bcb487cc26dd0d5f7d97098a6c","hash":"93dbcd636e3cf6e047608e0557a60cdcc7f9f76c","contentHash":"8e2cec6d9786454ad2e395ebeae11d39_11.3.0"},"C:\\Users\\T-naike\\Desktop\\MrTaiwo\\eventmanager\\server\\v2\\test\\fixtures\\events.js":{"path":"C:\\Users\\T-naike\\Desktop\\MrTaiwo\\eventmanager\\server\\v2\\test\\fixtures\\events.js","statementMap":{"0":{"start":{"line":3,"column":0},"end":{"line":76,"column":2}}},"fnMap":{},"branchMap":{},"s":{"0":1},"f":{},"b":{},"_coverageSchema":"332fd63041d2c1bcb487cc26dd0d5f7d97098a6c","hash":"0efb000f26afbd9c2c7f2b194ab7f3e7f9372bfd","contentHash":"a3644d5f76c0e68780a67367f72a6914_11.3.0"},"C:\\Users\\T-naike\\Desktop\\MrTaiwo\\eventmanager\\server\\v2\\test\\event\\edit-event.spec.js":{"path":"C:\\Users\\T-naike\\Desktop\\MrTaiwo\\eventmanager\\server\\v2\\test\\event\\edit-event.spec.js","statementMap":{"0":{"start":{"line":3,"column":12},"end":{"line":3,"column":27}},"1":{"start":{"line":5,"column":13},"end":{"line":5,"column":42}},"2":{"start":{"line":7,"column":16},"end":{"line":7,"column":36}},"3":{"start":{"line":9,"column":17},"end":{"line":9,"column":50}},"4":{"start":{"line":11,"column":13},"end":{"line":11,"column":38}},"5":{"start":{"line":13,"column":14},"end":{"line":13,"column":44}},"6":{"start":{"line":15,"column":14},"end":{"line":15,"column":43}},"7":{"start":{"line":17,"column":15},"end":{"line":17,"column":46}},"8":{"start":{"line":19,"column":39},"end":{"line":19,"column":93}},"9":{"start":{"line":21,"column":13},"end":{"line":21,"column":34}},"10":{"start":{"line":22,"column":0},"end":{"line":22,"column":39}},"11":{"start":{"line":24,"column":0},"end":{"line":131,"column":3}},"12":{"start":{"line":26,"column":2},"end":{"line":35,"column":5}},"13":{"start":{"line":27,"column":19},"end":{"line":27,"column":46}},"14":{"start":{"line":28,"column":4},"end":{"line":28,"column":32}},"15":{"start":{"line":29,"column":4},"end":{"line":34,"column":7}},"16":{"start":{"line":30,"column":6},"end":{"line":30,"column":38}},"17":{"start":{"line":31,"column":6},"end":{"line":31,"column":29}},"18":{"start":{"line":32,"column":6},"end":{"line":32,"column":72}},"19":{"start":{"line":33,"column":6},"end":{"line":33,"column":13}},"20":{"start":{"line":37,"column":2},"end":{"line":59,"column":5}},"21":{"start":{"line":38,"column":19},"end":{"line":38,"column":46}},"22":{"start":{"line":39,"column":4},"end":{"line":39,"column":32}},"23":{"start":{"line":40,"column":4},"end":{"line":40,"column":37}},"24":{"start":{"line":41,"column":4},"end":{"line":41,"column":35}},"25":{"start":{"line":42,"column":4},"end":{"line":42,"column":27}},"26":{"start":{"line":43,"column":4},"end":{"line":43,"column":23}},"27":{"start":{"line":44,"column":4},"end":{"line":44,"column":24}},"28":{"start":{"line":46,"column":4},"end":{"line":58,"column":7}},"29":{"start":{"line":47,"column":6},"end":{"line":47,"column":38}},"30":{"start":{"line":48,"column":6},"end":{"line":48,"column":29}},"31":{"start":{"line":49,"column":6},"end":{"line":49,"column":72}},"32":{"start":{"line":50,"column":6},"end":{"line":50,"column":95}},"33":{"start":{"line":51,"column":6},"end":{"line":51,"column":105}},"34":{"start":{"line":52,"column":6},"end":{"line":52,"column":110}},"35":{"start":{"line":53,"column":6},"end":{"line":53,"column":108}},"36":{"start":{"line":54,"column":6},"end":{"line":54,"column":100}},"37":{"start":{"line":55,"column":6},"end":{"line":55,"column":96}},"38":{"start":{"line":56,"column":6},"end":{"line":56,"column":97}},"39":{"start":{"line":57,"column":6},"end":{"line":57,"column":13}},"40":{"start":{"line":61,"column":2},"end":{"line":69,"column":5}},"41":{"start":{"line":62,"column":4},"end":{"line":68,"column":7}},"42":{"start":{"line":63,"column":6},"end":{"line":63,"column":38}},"43":{"start":{"line":64,"column":6},"end":{"line":64,"column":29}},"44":{"start":{"line":65,"column":6},"end":{"line":65,"column":58}},"45":{"start":{"line":66,"column":6},"end":{"line":66,"column":54}},"46":{"start":{"line":67,"column":6},"end":{"line":67,"column":13}},"47":{"start":{"line":71,"column":2},"end":{"line":80,"column":5}},"48":{"start":{"line":72,"column":19},"end":{"line":72,"column":46}},"49":{"start":{"line":73,"column":4},"end":{"line":73,"column":39}},"50":{"start":{"line":74,"column":4},"end":{"line":79,"column":7}},"51":{"start":{"line":75,"column":6},"end":{"line":75,"column":38}},"52":{"start":{"line":76,"column":6},"end":{"line":76,"column":29}},"53":{"start":{"line":77,"column":6},"end":{"line":77,"column":71}},"54":{"start":{"line":78,"column":6},"end":{"line":78,"column":13}},"55":{"start":{"line":82,"column":2},"end":{"line":89,"column":5}},"56":{"start":{"line":83,"column":4},"end":{"line":88,"column":7}},"57":{"start":{"line":84,"column":6},"end":{"line":84,"column":38}},"58":{"start":{"line":85,"column":6},"end":{"line":85,"column":66}},"59":{"start":{"line":86,"column":6},"end":{"line":86,"column":78}},"60":{"start":{"line":87,"column":6},"end":{"line":87,"column":13}},"61":{"start":{"line":91,"column":2},"end":{"line":100,"column":5}},"62":{"start":{"line":92,"column":19},"end":{"line":92,"column":46}},"63":{"start":{"line":93,"column":4},"end":{"line":93,"column":28}},"64":{"start":{"line":94,"column":4},"end":{"line":99,"column":7}},"65":{"start":{"line":95,"column":6},"end":{"line":95,"column":38}},"66":{"start":{"line":96,"column":6},"end":{"line":96,"column":66}},"67":{"start":{"line":97,"column":6},"end":{"line":97,"column":83}},"68":{"start":{"line":98,"column":6},"end":{"line":98,"column":13}},"69":{"start":{"line":102,"column":2},"end":{"line":111,"column":5}},"70":{"start":{"line":103,"column":19},"end":{"line":103,"column":46}},"71":{"start":{"line":104,"column":4},"end":{"line":104,"column":26}},"72":{"start":{"line":105,"column":4},"end":{"line":110,"column":7}},"73":{"start":{"line":106,"column":6},"end":{"line":106,"column":38}},"74":{"start":{"line":107,"column":6},"end":{"line":107,"column":66}},"75":{"start":{"line":108,"column":6},"end":{"line":108,"column":81}},"76":{"start":{"line":109,"column":6},"end":{"line":109,"column":13}},"77":{"start":{"line":113,"column":2},"end":{"line":120,"column":5}},"78":{"start":{"line":114,"column":4},"end":{"line":119,"column":7}},"79":{"start":{"line":115,"column":6},"end":{"line":115,"column":38}},"80":{"start":{"line":116,"column":6},"end":{"line":116,"column":66}},"81":{"start":{"line":117,"column":6},"end":{"line":117,"column":83}},"82":{"start":{"line":118,"column":6},"end":{"line":118,"column":13}},"83":{"start":{"line":122,"column":2},"end":{"line":130,"column":5}},"84":{"start":{"line":123,"column":4},"end":{"line":129,"column":7}},"85":{"start":{"line":124,"column":6},"end":{"line":124,"column":38}},"86":{"start":{"line":125,"column":6},"end":{"line":125,"column":66}},"87":{"start":{"line":126,"column":6},"end":{"line":126,"column":83}},"88":{"start":{"line":127,"column":6},"end":{"line":127,"column":81}},"89":{"start":{"line":128,"column":6},"end":{"line":128,"column":13}}},"fnMap":{"0":{"name":"_interopRequireDefault","decl":{"start":{"line":19,"column":9},"end":{"line":19,"column":31}},"loc":{"start":{"line":19,"column":37},"end":{"line":19,"column":95}},"line":19},"1":{"name":"(anonymous_1)","decl":{"start":{"line":24,"column":24},"end":{"line":24,"column":25}},"loc":{"start":{"line":24,"column":36},"end":{"line":131,"column":1}},"line":24},"2":{"name":"(anonymous_2)","decl":{"start":{"line":26,"column":33},"end":{"line":26,"column":34}},"loc":{"start":{"line":26,"column":49},"end":{"line":35,"column":3}},"line":26},"3":{"name":"(anonymous_3)","decl":{"start":{"line":29,"column":80},"end":{"line":29,"column":81}},"loc":{"start":{"line":29,"column":100},"end":{"line":34,"column":5}},"line":29},"4":{"name":"(anonymous_4)","decl":{"start":{"line":37,"column":41},"end":{"line":37,"column":42}},"loc":{"start":{"line":37,"column":57},"end":{"line":59,"column":3}},"line":37},"5":{"name":"(anonymous_5)","decl":{"start":{"line":46,"column":80},"end":{"line":46,"column":81}},"loc":{"start":{"line":46,"column":100},"end":{"line":58,"column":5}},"line":46},"6":{"name":"(anonymous_6)","decl":{"start":{"line":61,"column":70},"end":{"line":61,"column":71}},"loc":{"start":{"line":61,"column":86},"end":{"line":69,"column":3}},"line":61},"7":{"name":"(anonymous_7)","decl":{"start":{"line":62,"column":65},"end":{"line":62,"column":66}},"loc":{"start":{"line":62,"column":85},"end":{"line":68,"column":5}},"line":62},"8":{"name":"(anonymous_8)","decl":{"start":{"line":71,"column":51},"end":{"line":71,"column":52}},"loc":{"start":{"line":71,"column":67},"end":{"line":80,"column":3}},"line":71},"9":{"name":"(anonymous_9)","decl":{"start":{"line":74,"column":80},"end":{"line":74,"column":81}},"loc":{"start":{"line":74,"column":100},"end":{"line":79,"column":5}},"line":74},"10":{"name":"(anonymous_10)","decl":{"start":{"line":82,"column":41},"end":{"line":82,"column":42}},"loc":{"start":{"line":82,"column":57},"end":{"line":89,"column":3}},"line":82},"11":{"name":"(anonymous_11)","decl":{"start":{"line":83,"column":105},"end":{"line":83,"column":106}},"loc":{"start":{"line":83,"column":125},"end":{"line":88,"column":5}},"line":83},"12":{"name":"(anonymous_12)","decl":{"start":{"line":91,"column":41},"end":{"line":91,"column":42}},"loc":{"start":{"line":91,"column":57},"end":{"line":100,"column":3}},"line":91},"13":{"name":"(anonymous_13)","decl":{"start":{"line":94,"column":80},"end":{"line":94,"column":81}},"loc":{"start":{"line":94,"column":100},"end":{"line":99,"column":5}},"line":94},"14":{"name":"(anonymous_14)","decl":{"start":{"line":102,"column":46},"end":{"line":102,"column":47}},"loc":{"start":{"line":102,"column":62},"end":{"line":111,"column":3}},"line":102},"15":{"name":"(anonymous_15)","decl":{"start":{"line":105,"column":80},"end":{"line":105,"column":81}},"loc":{"start":{"line":105,"column":100},"end":{"line":110,"column":5}},"line":105},"16":{"name":"(anonymous_16)","decl":{"start":{"line":113,"column":67},"end":{"line":113,"column":68}},"loc":{"start":{"line":113,"column":83},"end":{"line":120,"column":3}},"line":113},"17":{"name":"(anonymous_17)","decl":{"start":{"line":114,"column":105},"end":{"line":114,"column":106}},"loc":{"start":{"line":114,"column":125},"end":{"line":119,"column":5}},"line":114},"18":{"name":"(anonymous_18)","decl":{"start":{"line":122,"column":51},"end":{"line":122,"column":52}},"loc":{"start":{"line":122,"column":67},"end":{"line":130,"column":3}},"line":122},"19":{"name":"(anonymous_19)","decl":{"start":{"line":123,"column":106},"end":{"line":123,"column":107}},"loc":{"start":{"line":123,"column":126},"end":{"line":129,"column":5}},"line":123}},"branchMap":{"0":{"loc":{"start":{"line":19,"column":46},"end":{"line":19,"column":92}},"type":"cond-expr","locations":[{"start":{"line":19,"column":70},"end":{"line":19,"column":73}},{"start":{"line":19,"column":76},"end":{"line":19,"column":92}}],"line":19},"1":{"loc":{"start":{"line":19,"column":46},"end":{"line":19,"column":67}},"type":"binary-expr","locations":[{"start":{"line":19,"column":46},"end":{"line":19,"column":49}},{"start":{"line":19,"column":53},"end":{"line":19,"column":67}}],"line":19}},"s":{"0":1,"1":1,"2":1,"3":1,"4":1,"5":1,"6":1,"7":1,"8":4,"9":1,"10":1,"11":1,"12":1,"13":1,"14":1,"15":1,"16":1,"17":0,"18":0,"19":0,"20":1,"21":1,"22":1,"23":1,"24":1,"25":1,"26":1,"27":1,"28":1,"29":1,"30":0,"31":0,"32":0,"33":0,"34":0,"35":0,"36":0,"37":0,"38":0,"39":0,"40":1,"41":1,"42":1,"43":1,"44":1,"45":0,"46":0,"47":1,"48":1,"49":1,"50":1,"51":1,"52":1,"53":0,"54":0,"55":1,"56":1,"57":1,"58":1,"59":0,"60":0,"61":1,"62":1,"63":1,"64":1,"65":1,"66":1,"67":0,"68":0,"69":1,"70":1,"71":1,"72":1,"73":1,"74":1,"75":0,"76":0,"77":1,"78":1,"79":1,"80":1,"81":0,"82":0,"83":1,"84":1,"85":1,"86":1,"87":0,"88":0,"89":0},"f":{"0":4,"1":1,"2":1,"3":1,"4":1,"5":1,"6":1,"7":1,"8":1,"9":1,"10":1,"11":1,"12":1,"13":1,"14":1,"15":1,"16":1,"17":1,"18":1,"19":1},"b":{"0":[0,4],"1":[4,4]},"_coverageSchema":"332fd63041d2c1bcb487cc26dd0d5f7d97098a6c","hash":"92b425989008653aec38e46e1cc562707f8c0bc2","contentHash":"591b75bfc9ced764780cc7fcbadb1add_11.3.0"}}